[0.007s] Invoking command in '/home/rick/cartographer_ws/build/cartographer_ros': AMENT_PREFIX_PATH=/home/rick/cartographer_ws/install/cartographer_ros_msgs:${AMENT_PREFIX_PATH} CMAKE_PREFIX_PATH=/home/rick/cartographer_ws/install/cartographer_ros_msgs:/home/rick/cartographer_ws/install/cartographer:/opt/ros/humble LD_LIBRARY_PATH=/home/rick/cartographer_ws/install/cartographer_ros_msgs/lib:/usr/lib/x86_64-linux-gnu/gazebo-11/plugins:/opt/ros/humble/opt/rviz_ogre_vendor/lib:/opt/ros/humble/lib/x86_64-linux-gnu:/opt/ros/humble/lib:/usr/local/lib:/usr/local/lib PATH=/home/rick/cartographer_ws/install/cartographer/bin:${PATH} PKG_CONFIG_PATH=/home/rick/cartographer_ws/install/cartographer/lib/x86_64-linux-gnu/pkgconfig:/home/rick/cartographer_ws/install/cartographer/lib/pkgconfig:/usr/local/lib/pkgconfig:/usr/lib/x86_64-linux-gnu/pkgconfig:/usr/lib/x86_64-linux-gnu/pkgconfig:/usr/local/lib/pkgconfig:/usr/local/lib/pkgconfig:/usr/lib/x86_64-linux-gnu/pkgconfig:/usr/lib/x86_64-linux-gnu/pkgconfig:/usr/local/lib/pkgconfig:/usr/local/lib/pkgconfig:/usr/lib/x86_64-linux-gnu/pkgconfig:/usr/local/lib/pkgconfig:/usr/lib/x86_64-linux-gnu/pkgconfig PYTHONPATH=/home/rick/cartographer_ws/install/cartographer_ros_msgs/local/lib/python3.10/dist-packages:${PYTHONPATH} /usr/bin/cmake /home/rick/cartographer_ws/src/cartographer_ros/cartographer_ros -DCMAKE_INSTALL_PREFIX=/home/rick/cartographer_ws/install/cartographer_ros
[0.043s] -- The C compiler identification is GNU 9.5.0
[0.081s] -- The CXX compiler identification is GNU 9.5.0
[0.086s] -- Detecting C compiler ABI info
[0.133s] -- Detecting C compiler ABI info - done
[0.139s] -- Check for working C compiler: /usr/bin/cc - skipped
[0.139s] -- Detecting C compile features
[0.139s] -- Detecting C compile features - done
[0.141s] -- Detecting CXX compiler ABI info
[0.195s] -- Detecting CXX compiler ABI info - done
[0.200s] -- Check for working CXX compiler: /usr/bin/c++ - skipped
[0.200s] -- Detecting CXX compile features
[0.200s] -- Detecting CXX compile features - done
[0.202s] -- Found ament_cmake: 1.3.12 (/opt/ros/humble/share/ament_cmake/cmake)
[0.303s] -- Found Python3: /usr/bin/python3 (found version "3.10.12") found components: Interpreter 
[0.358s] -- Looking for pthread.h
[0.408s] -- Looking for pthread.h - found
[0.408s] -- Performing Test CMAKE_HAVE_LIBC_PTHREAD
[0.460s] -- Performing Test CMAKE_HAVE_LIBC_PTHREAD - Success
[0.461s] -- Found Threads: TRUE  
[0.465s] -- Found builtin_interfaces: 1.2.2 (/opt/ros/humble/share/builtin_interfaces/cmake)
[0.485s] -- Found rosidl_generator_c: 3.1.7 (/opt/ros/humble/share/rosidl_generator_c/cmake)
[0.488s] -- Found rosidl_adapter: 3.1.7 (/opt/ros/humble/share/rosidl_adapter/cmake)
[0.493s] -- Found rosidl_generator_cpp: 3.1.7 (/opt/ros/humble/share/rosidl_generator_cpp/cmake)
[0.500s] -- Using all available rosidl_typesupport_c: rosidl_typesupport_fastrtps_c;rosidl_typesupport_introspection_c
[0.510s] -- Using all available rosidl_typesupport_cpp: rosidl_typesupport_fastrtps_cpp;rosidl_typesupport_introspection_cpp
[0.525s] -- Found required Ceres dependency: Eigen version 3.4.0 in /usr/include/eigen3
[0.528s] -- Found required Ceres dependency: glog
[0.528s] -- Found required Ceres dependency: gflags
[0.528s] -- Found Ceres version: 2.0.0 installed in: /usr with components: [EigenSparse, SparseLinearAlgebraLibrary, LAPACK, SuiteSparse, CXSparse, SchurSpecializations, Multithreading]
[0.536s] -- Found Boost: /usr/lib/x86_64-linux-gnu/cmake/Boost-1.74.0/BoostConfig.cmake (found version "1.74.0") found components: iostreams 
[0.537s] -- Found cartographer_ros_msgs: 2.0.9003 (/home/rick/cartographer_ws/install/cartographer_ros_msgs/share/cartographer_ros_msgs/cmake)
[0.569s] -- Found nav_msgs: 4.9.0 (/opt/ros/humble/share/nav_msgs/cmake)
[0.591s] -- Checking for module 'eigen3'
[0.601s] --   Found eigen3, version 3.4.0
[0.622s] -- Found Eigen: /usr/include/eigen3 (Required is at least version "3.1") 
[0.622s] -- Eigen found (include: /usr/include/eigen3, version: 3.4.0)
[0.634s] -- Found Boost: /usr/lib/x86_64-linux-gnu/cmake/Boost-1.74.0/BoostConfig.cmake (found suitable version "1.74.0", minimum required is "1.65.0") found components: system filesystem date_time iostreams serialization 
[0.635s] -- looking for PCL_COMMON
[0.635s] -- Found PCL_COMMON: /usr/lib/x86_64-linux-gnu/libpcl_common.so  
[0.636s] -- Found PCL: pcl_common;Boost::system;Boost::filesystem;Boost::date_time;Boost::iostreams;Boost::serialization  
[0.637s] -- Found pcl_conversions: 2.4.5 (/opt/ros/humble/share/pcl_conversions/cmake)
[0.679s] -- Found rmw_implementation_cmake: 6.1.2 (/opt/ros/humble/share/rmw_implementation_cmake/cmake)
[0.682s] -- Found rmw_fastrtps_cpp: 6.2.9 (/opt/ros/humble/share/rmw_fastrtps_cpp/cmake)
[0.748s] -- Found OpenSSL: /usr/lib/x86_64-linux-gnu/libcrypto.so (found version "3.0.2")  
[0.770s] -- Found FastRTPS: /opt/ros/humble/include  
[0.800s] -- Using RMW implementation 'rmw_fastrtps_cpp' as default
[0.873s] -- Found ros_environment: 3.2.2 (/opt/ros/humble/share/ros_environment/cmake)
[0.874s] -- Found rosbag2_cpp: 0.15.15 (/opt/ros/humble/share/rosbag2_cpp/cmake)
[0.904s] -- Found tf2: 0.25.16 (/opt/ros/humble/share/tf2/cmake)
[0.908s] -- Found tf2_eigen: 0.25.16 (/opt/ros/humble/share/tf2_eigen/cmake)
[0.981s] -- Found urdf: 2.6.1 (/opt/ros/humble/share/urdf/cmake)
[0.989s] -- Found visualization_msgs: 4.9.0 (/opt/ros/humble/share/visualization_msgs/cmake)
[1.007s] -- Found PkgConfig: /usr/bin/pkg-config (found version "0.29.2") 
[1.008s] -- Checking for one of the modules 'cairo>=1.12.16'
[1.092s] -- Configuring done
[1.138s] -- Generating done
[1.152s] -- Build files have been written to: /home/rick/cartographer_ws/build/cartographer_ros
[1.161s] Invoked command in '/home/rick/cartographer_ws/build/cartographer_ros' returned '0': AMENT_PREFIX_PATH=/home/rick/cartographer_ws/install/cartographer_ros_msgs:${AMENT_PREFIX_PATH} CMAKE_PREFIX_PATH=/home/rick/cartographer_ws/install/cartographer_ros_msgs:/home/rick/cartographer_ws/install/cartographer:/opt/ros/humble LD_LIBRARY_PATH=/home/rick/cartographer_ws/install/cartographer_ros_msgs/lib:/usr/lib/x86_64-linux-gnu/gazebo-11/plugins:/opt/ros/humble/opt/rviz_ogre_vendor/lib:/opt/ros/humble/lib/x86_64-linux-gnu:/opt/ros/humble/lib:/usr/local/lib:/usr/local/lib PATH=/home/rick/cartographer_ws/install/cartographer/bin:${PATH} PKG_CONFIG_PATH=/home/rick/cartographer_ws/install/cartographer/lib/x86_64-linux-gnu/pkgconfig:/home/rick/cartographer_ws/install/cartographer/lib/pkgconfig:/usr/local/lib/pkgconfig:/usr/lib/x86_64-linux-gnu/pkgconfig:/usr/lib/x86_64-linux-gnu/pkgconfig:/usr/local/lib/pkgconfig:/usr/local/lib/pkgconfig:/usr/lib/x86_64-linux-gnu/pkgconfig:/usr/lib/x86_64-linux-gnu/pkgconfig:/usr/local/lib/pkgconfig:/usr/local/lib/pkgconfig:/usr/lib/x86_64-linux-gnu/pkgconfig:/usr/local/lib/pkgconfig:/usr/lib/x86_64-linux-gnu/pkgconfig PYTHONPATH=/home/rick/cartographer_ws/install/cartographer_ros_msgs/local/lib/python3.10/dist-packages:${PYTHONPATH} /usr/bin/cmake /home/rick/cartographer_ws/src/cartographer_ros/cartographer_ros -DCMAKE_INSTALL_PREFIX=/home/rick/cartographer_ws/install/cartographer_ros
[1.162s] Invoking command in '/home/rick/cartographer_ws/build/cartographer_ros': AMENT_PREFIX_PATH=/home/rick/cartographer_ws/install/cartographer_ros_msgs:${AMENT_PREFIX_PATH} CMAKE_PREFIX_PATH=/home/rick/cartographer_ws/install/cartographer_ros_msgs:/home/rick/cartographer_ws/install/cartographer:/opt/ros/humble LD_LIBRARY_PATH=/home/rick/cartographer_ws/install/cartographer_ros_msgs/lib:/usr/lib/x86_64-linux-gnu/gazebo-11/plugins:/opt/ros/humble/opt/rviz_ogre_vendor/lib:/opt/ros/humble/lib/x86_64-linux-gnu:/opt/ros/humble/lib:/usr/local/lib:/usr/local/lib PATH=/home/rick/cartographer_ws/install/cartographer/bin:${PATH} PKG_CONFIG_PATH=/home/rick/cartographer_ws/install/cartographer/lib/x86_64-linux-gnu/pkgconfig:/home/rick/cartographer_ws/install/cartographer/lib/pkgconfig:/usr/local/lib/pkgconfig:/usr/lib/x86_64-linux-gnu/pkgconfig:/usr/lib/x86_64-linux-gnu/pkgconfig:/usr/local/lib/pkgconfig:/usr/local/lib/pkgconfig:/usr/lib/x86_64-linux-gnu/pkgconfig:/usr/lib/x86_64-linux-gnu/pkgconfig:/usr/local/lib/pkgconfig:/usr/local/lib/pkgconfig:/usr/lib/x86_64-linux-gnu/pkgconfig:/usr/local/lib/pkgconfig:/usr/lib/x86_64-linux-gnu/pkgconfig PYTHONPATH=/home/rick/cartographer_ws/install/cartographer_ros_msgs/local/lib/python3.10/dist-packages:${PYTHONPATH} /usr/bin/cmake --build /home/rick/cartographer_ws/build/cartographer_ros -- -j16 -l16
[1.201s] [  2%] [32mBuilding CXX object CMakeFiles/cartographer_ros.dir/src/offline_node.cpp.o[0m
[1.202s] [  8%] [32mBuilding CXX object CMakeFiles/cartographer_ros.dir/src/msg_conversion.cpp.o[0m
[1.202s] [  8%] [32mBuilding CXX object CMakeFiles/cartographer_ros.dir/src/node.cpp.o[0m
[1.202s] [ 11%] [32mBuilding CXX object CMakeFiles/cartographer_ros.dir/src/node_options.cpp.o[0m
[1.202s] [ 17%] [32mBuilding CXX object CMakeFiles/cartographer_ros.dir/src/map_builder_bridge.cpp.o[0m
[1.202s] [ 17%] [32mBuilding CXX object CMakeFiles/cartographer_ros.dir/src/assets_writer.cpp.o[0m
[1.202s] [ 20%] [32mBuilding CXX object CMakeFiles/cartographer_ros.dir/src/node_constants.cpp.o[0m
[1.202s] [ 22%] [32mBuilding CXX object CMakeFiles/cartographer_ros.dir/src/playable_bag.cpp.o[0m
[1.202s] [ 25%] [32mBuilding CXX object CMakeFiles/cartographer_ros.dir/src/ros_log_sink.cpp.o[0m
[1.202s] [ 28%] [32mBuilding CXX object CMakeFiles/cartographer_ros.dir/src/ros_map.cpp.o[0m
[1.203s] [ 31%] [32mBuilding CXX object CMakeFiles/cartographer_ros.dir/src/sensor_bridge.cpp.o[0m
[1.203s] [ 34%] [32mBuilding CXX object CMakeFiles/cartographer_ros.dir/src/submap.cpp.o[0m
[1.203s] [ 40%] [32mBuilding CXX object CMakeFiles/cartographer_ros.dir/src/tf_bridge.cpp.o[0m
[1.203s] [ 40%] [32mBuilding CXX object CMakeFiles/cartographer_ros.dir/src/ros_map_writing_points_processor.cpp.o[0m
[1.608s] [ 42%] [32mBuilding CXX object CMakeFiles/cartographer_ros.dir/src/trajectory_options.cpp.o[0m
[2.634s] [ 45%] [32mBuilding CXX object CMakeFiles/cartographer_ros.dir/src/urdf_reader.cpp.o[0m
[2.634s] [ 48%] [32mBuilding CXX object CMakeFiles/cartographer_ros.dir/src/time_conversion.cpp.o[0m
[4.013s] [ 51%] [32mBuilding CXX object CMakeFiles/cartographer_ros.dir/src/metrics/family_factory.cpp.o[0m
[4.841s] [ 54%] [32mBuilding CXX object CMakeFiles/cartographer_ros.dir/src/metrics/internal/family.cpp.o[0m
[4.899s] [ 57%] [32mBuilding CXX object CMakeFiles/cartographer_ros.dir/src/metrics/internal/histogram.cpp.o[0m
[6.670s] In file included from [01m[K/home/rick/cartographer_ws/src/cartographer_ros/cartographer_ros/src/node.cpp:17[m[K:
[6.670s] [01m[K/home/rick/cartographer_ws/src/cartographer_ros/cartographer_ros/include/cartographer_ros/node.h:62:14:[m[K [01;31m[Kerror: [m[Kâ€˜[01m[KNodeOptions[m[Kâ€™ does not name a type
[6.670s]    62 |   Node(const [01;31m[KNodeOptions[m[K& node_options,
[6.670s]       |              [01;31m[K^~~~~~~~~~~[m[K
[6.677s] [01m[K/home/rick/cartographer_ws/src/cartographer_ros/cartographer_ros/include/cartographer_ros/node.h:83:47:[m[K [01;31m[Kerror: [m[Kâ€˜[01m[KTrajectoryOptions[m[Kâ€™ does not name a type
[6.677s]    83 |   void StartTrajectoryWithDefaultTopics(const [01;31m[KTrajectoryOptions[m[K& options);
[6.677s]       |                                               [01;31m[K^~~~~~~~~~~~~~~~~[m[K
[6.678s] [01m[K/home/rick/cartographer_ws/src/cartographer_ros/cartographer_ros/include/cartographer_ros/node.h:91:25:[m[K [01;31m[Kerror: [m[Kâ€˜[01m[KTrajectoryOptions[m[Kâ€™ was not declared in this scope; did you mean â€˜[01m[Kcartographer_ros::TrajectoryOptions[m[Kâ€™?
[6.678s]    91 |       const std::vector<[01;31m[KTrajectoryOptions[m[K>& bags_options) const;
[6.679s]       |                         [01;31m[K^~~~~~~~~~~~~~~~~[m[K
[6.679s]       |                         [32m[Kcartographer_ros::TrajectoryOptions[m[K
[6.679s] In file included from [01m[K/home/rick/cartographer_ws/src/cartographer_ros/cartographer_ros/include/cartographer_ros/node_options.h:26[m[K,
[6.679s]                  from [01m[K/home/rick/cartographer_ws/src/cartographer_ros/cartographer_ros/include/cartographer_ros/map_builder_bridge.h:30[m[K,
[6.679s]                  from [01m[K/home/rick/cartographer_ws/src/cartographer_ros/cartographer_ros/include/cartographer_ros/node.h:31[m[K,
[6.679s]                  from [01m[K/home/rick/cartographer_ws/src/cartographer_ros/cartographer_ros/src/node.cpp:17[m[K:
[6.679s] [01m[K/home/rick/cartographer_ws/src/cartographer_ros/cartographer_ros/include/cartographer_ros/trajectory_options.h:28:8:[m[K [01;36m[Knote: [m[Kâ€˜[01m[Kcartographer_ros::TrajectoryOptions[m[Kâ€™ declared here
[6.679s]    28 | struct [01;36m[KTrajectoryOptions[m[K {
[6.679s]       |        [01;36m[K^~~~~~~~~~~~~~~~~[m[K
[6.679s] In file included from [01m[K/home/rick/cartographer_ws/src/cartographer_ros/cartographer_ros/src/node.cpp:17[m[K:
[6.679s] [01m[K/home/rick/cartographer_ws/src/cartographer_ros/cartographer_ros/include/cartographer_ros/node.h:91:42:[m[K [01;31m[Kerror: [m[Ktemplate argument 1 is invalid
[6.679s]    91 |       const std::vector<TrajectoryOptions[01;31m[K>[m[K& bags_options) const;
[6.679s]       |                                          [01;31m[K^[m[K
[6.679s] [01m[K/home/rick/cartographer_ws/src/cartographer_ros/cartographer_ros/include/cartographer_ros/node.h:91:42:[m[K [01;31m[Kerror: [m[Ktemplate argument 2 is invalid
[6.686s] [01m[K/home/rick/cartographer_ws/src/cartographer_ros/cartographer_ros/include/cartographer_ros/node.h:98:13:[m[K [01;31m[Kerror: [m[Kâ€˜[01m[KTrajectoryOptions[m[Kâ€™ does not name a type
[6.686s]    98 |       const [01;31m[KTrajectoryOptions[m[K& options);
[6.686s]       |             [01;31m[K^~~~~~~~~~~~~~~~~[m[K
[6.694s] [01m[K/home/rick/cartographer_ws/src/cartographer_ros/cartographer_ros/include/cartographer_ros/node.h:160:34:[m[K [01;31m[Kerror: [m[Kâ€˜[01m[KTrajectoryOptions[m[Kâ€™ does not name a type
[6.694s]   160 |   ComputeExpectedSensorIds(const [01;31m[KTrajectoryOptions[m[K& options) const;
[6.694s]       |                                  [01;31m[K^~~~~~~~~~~~~~~~~[m[K
[6.701s] [01m[K/home/rick/cartographer_ws/src/cartographer_ros/cartographer_ros/include/cartographer_ros/node.h:161:27:[m[K [01;31m[Kerror: [m[Kâ€˜[01m[KTrajectoryOptions[m[Kâ€™ does not name a type
[6.701s]   161 |   int AddTrajectory(const [01;31m[KTrajectoryOptions[m[K& options);
[6.701s]       |                           [01;31m[K^~~~~~~~~~~~~~~~~[m[K
[6.708s] [01m[K/home/rick/cartographer_ws/src/cartographer_ros/cartographer_ros/include/cartographer_ros/node.h:162:32:[m[K [01;31m[Kerror: [m[Kâ€˜[01m[KTrajectoryOptions[m[Kâ€™ does not name a type
[6.708s]   162 |   void LaunchSubscribers(const [01;31m[KTrajectoryOptions[m[K& options, int trajectory_id);
[6.708s]       |                                [01;31m[K^~~~~~~~~~~~~~~~~[m[K
[6.715s] [01m[K/home/rick/cartographer_ws/src/cartographer_ros/cartographer_ros/include/cartographer_ros/node.h:164:49:[m[K [01;31m[Kerror: [m[Kâ€˜[01m[KTrajectoryOptions[m[Kâ€™ does not name a type
[6.715s]   164 |   void AddExtrapolator(int trajectory_id, const [01;31m[KTrajectoryOptions[m[K& options);
[6.715s]       |                                                 [01;31m[K^~~~~~~~~~~~~~~~~[m[K
[6.721s] [01m[K/home/rick/cartographer_ws/src/cartographer_ros/cartographer_ros/include/cartographer_ros/node.h:165:51:[m[K [01;31m[Kerror: [m[Kâ€˜[01m[KTrajectoryOptions[m[Kâ€™ does not name a type
[6.722s]   165 |   void AddSensorSamplers(int trajectory_id, const [01;31m[KTrajectoryOptions[m[K& options);
[6.722s]       |                                                   [01;31m[K^~~~~~~~~~~~~~~~~[m[K
[6.728s] [01m[K/home/rick/cartographer_ws/src/cartographer_ros/cartographer_ros/include/cartographer_ros/node.h:170:40:[m[K [01;31m[Kerror: [m[Kâ€˜[01m[KTrajectoryOptions[m[Kâ€™ does not name a type
[6.728s]   170 |   bool ValidateTrajectoryOptions(const [01;31m[KTrajectoryOptions[m[K& options);
[6.729s]       |                                        [01;31m[K^~~~~~~~~~~~~~~~~[m[K
[6.735s] [01m[K/home/rick/cartographer_ws/src/cartographer_ros/cartographer_ros/include/cartographer_ros/node.h:171:33:[m[K [01;31m[Kerror: [m[Kâ€˜[01m[KTrajectoryOptions[m[Kâ€™ does not name a type
[6.736s]   171 |   bool ValidateTopicNames(const [01;31m[KTrajectoryOptions[m[K& options);
[6.736s]       |                                 [01;31m[K^~~~~~~~~~~~~~~~~[m[K
[6.740s] [01m[K/home/rick/cartographer_ws/src/cartographer_ros/cartographer_ros/include/cartographer_ros/node.h:182:9:[m[K [01;31m[Kerror: [m[Kâ€˜[01m[KNodeOptions[m[Kâ€™ does not name a type
[6.740s]   182 |   const [01;31m[KNodeOptions[m[K node_options_;
[6.740s]       |         [01;31m[K^~~~~~~~~~~[m[K
[6.747s] [01m[K/home/rick/cartographer_ws/src/cartographer_ros/cartographer_ros/include/cartographer_ros/node.h:191:19:[m[K [01;31m[Kerror: [m[Kâ€˜[01m[KMapBuilderBridge[m[Kâ€™ was not declared in this scope; did you mean â€˜[01m[Kcartographer_ros::MapBuilderBridge[m[Kâ€™?
[6.747s]   191 |   std::shared_ptr<[01;31m[KMapBuilderBridge[m[K> map_builder_bridge_ GUARDED_BY(mutex_);
[6.747s]       |                   [01;31m[K^~~~~~~~~~~~~~~~[m[K
[6.747s]       |                   [32m[Kcartographer_ros::MapBuilderBridge[m[K
[6.748s] In file included from [01m[K/home/rick/cartographer_ws/src/cartographer_ros/cartographer_ros/include/cartographer_ros/node.h:31[m[K,
[6.748s]                  from [01m[K/home/rick/cartographer_ws/src/cartographer_ros/cartographer_ros/src/node.cpp:17[m[K:
[6.748s] [01m[K/home/rick/cartographer_ws/src/cartographer_ros/cartographer_ros/include/cartographer_ros/map_builder_bridge.h:50:7:[m[K [01;36m[Knote: [m[Kâ€˜[01m[Kcartographer_ros::MapBuilderBridge[m[Kâ€™ declared here
[6.748s]    50 | class [01;36m[KMapBuilderBridge[m[K {
[6.748s]       |       [01;36m[K^~~~~~~~~~~~~~~~[m[K
[6.748s] In file included from [01m[K/home/rick/cartographer_ws/src/cartographer_ros/cartographer_ros/src/node.cpp:17[m[K:
[6.748s] [01m[K/home/rick/cartographer_ws/src/cartographer_ros/cartographer_ros/include/cartographer_ros/node.h:191:35:[m[K [01;31m[Kerror: [m[Ktemplate argument 1 is invalid
[6.748s]   191 |   std::shared_ptr<MapBuilderBridge[01;31m[K>[m[K map_builder_bridge_ GUARDED_BY(mutex_);
[6.748s]       |                                   [01;31m[K^[m[K
[7.102s] In file included from [01m[K/home/rick/cartographer_ws/src/cartographer_ros/cartographer_ros/src/offline_node.cpp:28[m[K:
[7.103s] [01m[K/home/rick/cartographer_ws/src/cartographer_ros/cartographer_ros/include/cartographer_ros/node.h:62:14:[m[K [01;31m[Kerror: [m[Kâ€˜[01m[KNodeOptions[m[Kâ€™ does not name a type
[7.103s]    62 |   Node(const [01;31m[KNodeOptions[m[K& node_options,
[7.103s]       |              [01;31m[K^~~~~~~~~~~[m[K
[7.103s] [01m[K/home/rick/cartographer_ws/src/cartographer_ros/cartographer_ros/src/node.cpp:101:11:[m[K [01;31m[Kerror: [m[Kâ€˜[01m[KNodeOptions[m[Kâ€™ does not name a type
[7.103s]   101 |     const [01;31m[KNodeOptions[m[K& node_options,
[7.103s]       |           [01;31m[K^~~~~~~~~~~[m[K
[7.103s] [01m[K/home/rick/cartographer_ws/src/cartographer_ros/cartographer_ros/src/node.cpp:105:31:[m[K [01;31m[Kerror: [m[Kdefinition of â€˜[01m[K{anonymous}::Node::Node(const int&, std::unique_ptr<cartographer::mapping::MapBuilderInterface>, std::shared_ptr<tf2_ros::Buffer>, rclcpp::Node::SharedPtr, bool)[m[Kâ€™ is not in namespace enclosing â€˜[01m[K{anonymous}::Node[m[Kâ€™ [[01;31m[K-fpermissive[m[K]
[7.103s]   105 |     const bool collect_metrics[01;31m[K)[m[K
[7.103s]       |                               [01;31m[K^[m[K
[7.106s] [01m[K/home/rick/cartographer_ws/src/cartographer_ros/cartographer_ros/src/node.cpp:[m[K In constructor â€˜[01m[K{anonymous}::Node::Node(const int&, std::unique_ptr<cartographer::mapping::MapBuilderInterface>, std::shared_ptr<tf2_ros::Buffer>, rclcpp::Node::SharedPtr, bool)[m[Kâ€™:
[7.106s] [01m[K/home/rick/cartographer_ws/src/cartographer_ros/cartographer_ros/src/node.cpp:106:7:[m[K [01;31m[Kerror: [m[Kclass â€˜[01m[K{anonymous}::Node[m[Kâ€™ does not have any field named â€˜[01m[Knode_options_[m[Kâ€™
[7.106s]   106 |     : [01;31m[Knode_options_[m[K(node_options)
[7.106s]       |       [01;31m[K^~~~~~~~~~~~~[m[K
[7.111s] [01m[K/home/rick/cartographer_ws/src/cartographer_ros/cartographer_ros/src/node.cpp:110:23:[m[K [01;31m[Kerror: [m[Krequest for member â€˜[01m[Kreset[m[Kâ€™ in â€˜[01m[K(({anonymous}::Node*)this)->{anonymous}::Node::map_builder_bridge_[m[Kâ€™, which is of non-class type â€˜[01m[Kint[m[Kâ€™
[7.111s]   110 |   map_builder_bridge_.[01;31m[Kreset[m[K(new cartographer_ros::MapBuilderBridge(node_options_, std::move(map_builder), tf_buffer.get()));
[7.111s]       |                       [01;31m[K^~~~~[m[K
[7.113s] [01m[K/home/rick/cartographer_ws/src/cartographer_ros/cartographer_ros/include/cartographer_ros/node.h:83:47:[m[K [01;31m[Kerror: [m[Kâ€˜[01m[KTrajectoryOptions[m[Kâ€™ does not name a type
[7.113s]    83 |   void StartTrajectoryWithDefaultTopics(const [01;31m[KTrajectoryOptions[m[K& options);
[7.113s]       |                                               [01;31m[K^~~~~~~~~~~~~~~~~[m[K
[7.115s] [01m[K/home/rick/cartographer_ws/src/cartographer_ros/cartographer_ros/include/cartographer_ros/node.h:91:25:[m[K [01;31m[Kerror: [m[Kâ€˜[01m[KTrajectoryOptions[m[Kâ€™ was not declared in this scope; did you mean â€˜[01m[Kcartographer_ros::TrajectoryOptions[m[Kâ€™?
[7.115s]    91 |       const std::vector<[01;31m[KTrajectoryOptions[m[K>& bags_options) const;
[7.115s]       |                         [01;31m[K^~~~~~~~~~~~~~~~~[m[K
[7.115s]       |                         [32m[Kcartographer_ros::TrajectoryOptions[m[K
[7.115s] In file included from [01m[K/home/rick/cartographer_ws/src/cartographer_ros/cartographer_ros/include/cartographer_ros/node_options.h:26[m[K,
[7.115s]                  from [01m[K/home/rick/cartographer_ws/src/cartographer_ros/cartographer_ros/include/cartographer_ros/offline_node.h:27[m[K,
[7.115s]                  from [01m[K/home/rick/cartographer_ws/src/cartographer_ros/cartographer_ros/src/offline_node.cpp:17[m[K:
[7.115s] [01m[K/home/rick/cartographer_ws/src/cartographer_ros/cartographer_ros/include/cartographer_ros/trajectory_options.h:28:8:[m[K [01;36m[Knote: [m[Kâ€˜[01m[Kcartographer_ros::TrajectoryOptions[m[Kâ€™ declared here
[7.116s]    28 | struct [01;36m[KTrajectoryOptions[m[K {
[7.116s]       |        [01;36m[K^~~~~~~~~~~~~~~~~[m[K
[7.116s] In file included from [01m[K/home/rick/cartographer_ws/src/cartographer_ros/cartographer_ros/src/offline_node.cpp:28[m[K:
[7.116s] [01m[K/home/rick/cartographer_ws/src/cartographer_ros/cartographer_ros/include/cartographer_ros/node.h:91:42:[m[K [01;31m[Kerror: [m[Ktemplate argument 1 is invalid
[7.116s]    91 |       const std::vector<TrajectoryOptions[01;31m[K>[m[K& bags_options) const;
[7.116s]       |                                          [01;31m[K^[m[K
[7.116s] [01m[K/home/rick/cartographer_ws/src/cartographer_ros/cartographer_ros/include/cartographer_ros/node.h:91:42:[m[K [01;31m[Kerror: [m[Ktemplate argument 2 is invalid
[7.116s] [01m[K/home/rick/cartographer_ws/src/cartographer_ros/cartographer_ros/src/node.cpp:110:68:[m[K [01;31m[Kerror: [m[Kâ€˜[01m[Knode_options_[m[Kâ€™ was not declared in this scope; did you mean â€˜[01m[Knode_options[m[Kâ€™?
[7.116s]   110 |   map_builder_bridge_.reset(new cartographer_ros::MapBuilderBridge([01;31m[Knode_options_[m[K, std::move(map_builder), tf_buffer.get()));
[7.116s]       |                                                                    [01;31m[K^~~~~~~~~~~~~[m[K
[7.116s]       |                                                                    [32m[Knode_options[m[K
[7.117s] [01m[K/home/rick/cartographer_ws/src/cartographer_ros/cartographer_ros/src/node.cpp:114:43:[m[K [01;31m[Kerror: [m[Kâ€˜[01m[Kmetrics[m[Kâ€™ was not declared in this scope
[7.117s]   114 |     metrics_registry_ = absl::make_unique<[01;31m[Kmetrics[m[K::FamilyFactory>();
[7.117s]       |                                           [01;31m[K^~~~~~~[m[K
[7.117s] [01m[K/home/rick/cartographer_ws/src/cartographer_ros/cartographer_ros/src/node.cpp:114:43:[m[K [01;36m[Knote: [m[Ksuggested alternatives:
[7.117s] In file included from [01m[K/home/rick/cartographer_ws/install/cartographer/include/cartographer/metrics/family_factory.h:23[m[K,
[7.117s]                  from [01m[K/home/rick/cartographer_ws/src/cartographer_ros/cartographer_ros/include/cartographer_ros/metrics/family_factory.h:23[m[K,
[7.117s]                  from [01m[K/home/rick/cartographer_ws/src/cartographer_ros/cartographer_ros/include/cartographer_ros/node.h:32[m[K,
[7.117s]                  from [01m[K/home/rick/cartographer_ws/src/cartographer_ros/cartographer_ros/src/node.cpp:17[m[K:
[7.118s] [01m[K/home/rick/cartographer_ws/install/cartographer/include/cartographer/metrics/counter.h:24:11:[m[K [01;36m[Knote: [m[K  â€˜[01m[Kcartographer::metrics[m[Kâ€™
[7.118s]    24 | namespace [01;36m[Kmetrics[m[K {
[7.118s]       |           [01;36m[K^~~~~~~[m[K
[7.118s] In file included from [01m[K/home/rick/cartographer_ws/src/cartographer_ros/cartographer_ros/include/cartographer_ros/metrics/internal/counter.h:21[m[K,
[7.118s]                  from [01m[K/home/rick/cartographer_ws/src/cartographer_ros/cartographer_ros/include/cartographer_ros/metrics/family_factory.h:24[m[K,
[7.118s]                  from [01m[K/home/rick/cartographer_ws/src/cartographer_ros/cartographer_ros/include/cartographer_ros/node.h:32[m[K,
[7.118s]                  from [01m[K/home/rick/cartographer_ws/src/cartographer_ros/cartographer_ros/src/node.cpp:17[m[K:
[7.118s] [01m[K/home/rick/cartographer_ws/src/cartographer_ros/cartographer_ros/include/cartographer_ros/metrics/internal/gauge.h:28:11:[m[K [01;36m[Knote: [m[K  â€˜[01m[Kcartographer_ros::metrics[m[Kâ€™
[7.118s]    28 | namespace [01;36m[Kmetrics[m[K {
[7.118s]       |           [01;36m[K^~~~~~~[m[K
[7.118s] [01m[K/home/rick/cartographer_ws/src/cartographer_ros/cartographer_ros/src/node.cpp:114:31:[m[K [01;31m[Kerror: [m[Kparse error in template argument list
[7.118s]   114 |     metrics_registry_ = absl::[01;31m[Kmake_unique<metrics::FamilyFactory>[m[K();
[7.118s]       |                               [01;31m[K^~~~~~~~~~~~~~~~~~~~~~~~~~~~~~~~~~~[m[K
[7.118s] [01m[K/home/rick/cartographer_ws/src/cartographer_ros/cartographer_ros/src/node.cpp:114:67:[m[K [01;31m[Kerror: [m[Kno matching function for call to â€˜[01m[Kmake_unique<<expression error> >()[m[Kâ€™
[7.118s]   114 |     metrics_registry_ = absl::make_unique<metrics::FamilyFactory>([01;31m[K)[m[K;
[7.118s]       |                                                                   [01;31m[K^[m[K
[7.118s] In file included from [01m[K/usr/include/c++/9/memory:80[m[K,
[7.118s]                  from [01m[K/home/rick/cartographer_ws/src/cartographer_ros/cartographer_ros/include/cartographer_ros/node.h:21[m[K,
[7.118s]                  from [01m[K/home/rick/cartographer_ws/src/cartographer_ros/cartographer_ros/src/node.cpp:17[m[K:
[7.118s] [01m[K/usr/include/c++/9/bits/unique_ptr.h:868:5:[m[K [01;36m[Knote: [m[Kcandidate: â€˜[01m[Ktemplate<class _Tp, class ... _Args> typename std::_MakeUniq<_Tp>::__invalid_type std::make_unique(_Args&& ...)[m[Kâ€™ <deleted>
[7.118s]   868 |     [01;36m[Kmake_unique[m[K(_Args&&...) = delete;
[7.118s]       |     [01;36m[K^~~~~~~~~~~[m[K
[7.118s] [01m[K/usr/include/c++/9/bits/unique_ptr.h:868:5:[m[K [01;36m[Knote: [m[K  template argument deduction/substitution failed:
[7.119s] [01m[K/home/rick/cartographer_ws/src/cartographer_ros/cartographer_ros/src/node.cpp:114:67:[m[K [01;31m[Kerror: [m[Ktemplate argument 1 is invalid
[7.119s]   114 |     metrics_registry_ = absl::make_unique<metrics::FamilyFactory>([01;31m[K)[m[K;
[7.119s]       |                                                                   [01;31m[K^[m[K
[7.119s] In file included from [01m[K/usr/include/c++/9/memory:80[m[K,
[7.119s]                  from [01m[K/home/rick/cartographer_ws/src/cartographer_ros/cartographer_ros/include/cartographer_ros/node.h:21[m[K,
[7.119s]                  from [01m[K/home/rick/cartographer_ws/src/cartographer_ros/cartographer_ros/src/node.cpp:17[m[K:
[7.119s] [01m[K/usr/include/c++/9/bits/unique_ptr.h:862:5:[m[K [01;36m[Knote: [m[Kcandidate: â€˜[01m[Ktemplate<class _Tp> typename std::_MakeUniq<_Tp>::__array std::make_unique(std::size_t)[m[Kâ€™
[7.119s]   862 |     [01;36m[Kmake_unique[m[K(size_t __num)
[7.119s]       |     [01;36m[K^~~~~~~~~~~[m[K
[7.119s] [01m[K/usr/include/c++/9/bits/unique_ptr.h:862:5:[m[K [01;36m[Knote: [m[K  template argument deduction/substitution failed:
[7.119s] [01m[K/home/rick/cartographer_ws/src/cartographer_ros/cartographer_ros/src/node.cpp:114:67:[m[K [01;31m[Kerror: [m[Ktemplate argument 1 is invalid
[7.119s]   114 |     metrics_registry_ = absl::make_unique<metrics::FamilyFactory>([01;31m[K)[m[K;
[7.119s]       |                                                                   [01;31m[K^[m[K
[7.119s] In file included from [01m[K/usr/include/c++/9/memory:80[m[K,
[7.119s]                  from [01m[K/home/rick/cartographer_ws/src/cartographer_ros/cartographer_ros/include/cartographer_ros/node.h:21[m[K,
[7.119s]                  from [01m[K/home/rick/cartographer_ws/src/cartographer_ros/cartographer_ros/src/node.cpp:17[m[K:
[7.119s] [01m[K/usr/include/c++/9/bits/unique_ptr.h:856:5:[m[K [01;36m[Knote: [m[Kcandidate: â€˜[01m[Ktemplate<class _Tp, class ... _Args> typename std::_MakeUniq<_Tp>::__single_object std::make_unique(_Args&& ...)[m[Kâ€™
[7.119s]   856 |     [01;36m[Kmake_unique[m[K(_Args&&... __args)
[7.119s]       |     [01;36m[K^~~~~~~~~~~[m[K
[7.119s] [01m[K/usr/include/c++/9/bits/unique_ptr.h:856:5:[m[K [01;36m[Knote: [m[K  template argument deduction/substitution failed:
[7.119s] [01m[K/home/rick/cartographer_ws/src/cartographer_ros/cartographer_ros/src/node.cpp:114:67:[m[K [01;31m[Kerror: [m[Ktemplate argument 1 is invalid
[7.119s]   114 |     metrics_registry_ = absl::make_unique<metrics::FamilyFactory>([01;31m[K)[m[K;
[7.120s]       |                                                                   [01;31m[K^[m[K
[7.120s] [01m[K/home/rick/cartographer_ws/src/cartographer_ros/cartographer_ros/src/node.cpp:115:5:[m[K [01;31m[Kerror: [m[Kâ€˜[01m[Kcarto[m[Kâ€™ has not been declared
[7.120s]   115 |     [01;31m[Kcarto[m[K::metrics::RegisterAllMetrics(metrics_registry_.get());
[7.120s]       |     [01;31m[K^~~~~[m[K
[7.120s] [01m[K/home/rick/cartographer_ws/src/cartographer_ros/cartographer_ros/src/node.cpp:123:11:[m[K [01;31m[Kerror: [m[Kâ€˜[01m[KkSubmapListTopic[m[Kâ€™ was not declared in this scope; did you mean â€˜[01m[Kcartographer_ros::kSubmapListTopic[m[Kâ€™?
[7.120s]   123 |           [01;31m[KkSubmapListTopic[m[K, 10);
[7.120s]       |           [01;31m[K^~~~~~~~~~~~~~~~[m[K
[7.120s]       |           [32m[Kcartographer_ros::kSubmapListTopic[m[K
[7.120s] In file included from [01m[K/home/rick/cartographer_ws/src/cartographer_ros/cartographer_ros/include/cartographer_ros/node.h:33[m[K,
[7.120s]                  from [01m[K/home/rick/cartographer_ws/src/cartographer_ros/cartographer_ros/src/node.cpp:17[m[K:
[7.120s] [01m[K/home/rick/cartographer_ws/src/cartographer_ros/cartographer_ros/include/cartographer_ros/node_constants.h:36:16:[m[K [01;36m[Knote: [m[Kâ€˜[01m[Kcartographer_ros::kSubmapListTopic[m[Kâ€™ declared here
[7.120s]    36 | constexpr char [01;36m[KkSubmapListTopic[m[K[] = "submap_list";
[7.120s]       |                [01;36m[K^~~~~~~~~~~~~~~~[m[K
[7.120s] [01m[K/home/rick/cartographer_ws/src/cartographer_ros/cartographer_ros/src/node.cpp:127:11:[m[K [01;31m[Kerror: [m[Kâ€˜[01m[KkTrajectoryNodeListTopic[m[Kâ€™ was not declared in this scope; did you mean â€˜[01m[Kcartographer_ros::kTrajectoryNodeListTopic[m[Kâ€™?
[7.120s]   127 |           [01;31m[KkTrajectoryNodeListTopic[m[K, 10);
[7.120s]       |           [01;31m[K^~~~~~~~~~~~~~~~~~~~~~~~[m[K
[7.120s]       |           [32m[Kcartographer_ros::kTrajectoryNodeListTopic[m[K
[7.120s] In file included from [01m[K/home/rick/cartographer_ws/src/cartographer_ros/cartographer_ros/include/cartographer_ros/node.h:33[m[K,
[7.120s]                  from [01m[K/home/rick/cartographer_ws/src/cartographer_ros/cartographer_ros/src/node.cpp:17[m[K:
[7.121s] [01m[K/home/rick/cartographer_ws/src/cartographer_ros/cartographer_ros/include/cartographer_ros/node_constants.h:44:16:[m[K [01;36m[Knote: [m[Kâ€˜[01m[Kcartographer_ros::kTrajectoryNodeListTopic[m[Kâ€™ declared here
[7.121s]    44 | constexpr char [01;36m[KkTrajectoryNodeListTopic[m[K[] = "trajectory_node_list";
[7.121s]       |                [01;36m[K^~~~~~~~~~~~~~~~~~~~~~~~[m[K
[7.121s] [01m[K/home/rick/cartographer_ws/src/cartographer_ros/cartographer_ros/src/node.cpp:131:11:[m[K [01;31m[Kerror: [m[Kâ€˜[01m[KkLandmarkPosesListTopic[m[Kâ€™ was not declared in this scope; did you mean â€˜[01m[Kcartographer_ros::kLandmarkPosesListTopic[m[Kâ€™?
[7.122s]   131 |           [01;31m[KkLandmarkPosesListTopic[m[K, 10);
[7.122s]       |           [01;31m[K^~~~~~~~~~~~~~~~~~~~~~~[m[K
[7.122s]       |           [32m[Kcartographer_ros::kLandmarkPosesListTopic[m[K
[7.122s] In file included from [01m[K/home/rick/cartographer_ws/src/cartographer_ros/cartographer_ros/include/cartographer_ros/node.h:33[m[K,
[7.122s]                  from [01m[K/home/rick/cartographer_ws/src/cartographer_ros/cartographer_ros/src/node.cpp:17[m[K:
[7.122s] [01m[K/home/rick/cartographer_ws/src/cartographer_ros/cartographer_ros/include/cartographer_ros/node_constants.h:45:16:[m[K [01;36m[Knote: [m[Kâ€˜[01m[Kcartographer_ros::kLandmarkPosesListTopic[m[Kâ€™ declared here
[7.122s]    45 | constexpr char [01;36m[KkLandmarkPosesListTopic[m[K[] = "landmark_poses_list";
[7.122s]       |                [01;36m[K^~~~~~~~~~~~~~~~~~~~~~~[m[K
[7.123s] [01m[K/home/rick/cartographer_ws/src/cartographer_ros/cartographer_ros/src/node.cpp:135:11:[m[K [01;31m[Kerror: [m[Kâ€˜[01m[KkConstraintListTopic[m[Kâ€™ was not declared in this scope; did you mean â€˜[01m[Kcartographer_ros::kConstraintListTopic[m[Kâ€™?
[7.123s]   135 |           [01;31m[KkConstraintListTopic[m[K, 10);
[7.123s]       |           [01;31m[K^~~~~~~~~~~~~~~~~~~~[m[K
[7.123s]       |           [32m[Kcartographer_ros::kConstraintListTopic[m[K
[7.123s] In file included from [01m[K/home/rick/cartographer_ws/src/cartographer_ros/cartographer_ros/include/cartographer_ros/node.h:33[m[K,
[7.123s]                  from [01m[K/home/rick/cartographer_ws/src/cartographer_ros/cartographer_ros/src/node.cpp:17[m[K:
[7.123s] [01m[K/home/rick/cartographer_ws/src/cartographer_ros/cartographer_ros/include/cartographer_ros/node_constants.h:46:16:[m[K [01;36m[Knote: [m[Kâ€˜[01m[Kcartographer_ros::kConstraintListTopic[m[Kâ€™ declared here
[7.123s]    46 | constexpr char [01;36m[KkConstraintListTopic[m[K[] = "constraint_list";
[7.123s]       |                [01;36m[K^~~~~~~~~~~~~~~~~~~~[m[K
[7.124s] [01m[K/home/rick/cartographer_ws/src/cartographer_ros/cartographer_ros/src/node.cpp:140:13:[m[K [01;31m[Kerror: [m[Kâ€˜[01m[KkTrackedPoseTopic[m[Kâ€™ was not declared in this scope; did you mean â€˜[01m[Kcartographer_ros::kTrackedPoseTopic[m[Kâ€™?
[7.124s]   140 |             [01;31m[KkTrackedPoseTopic[m[K, 10);
[7.124s]       |             [01;31m[K^~~~~~~~~~~~~~~~~[m[K
[7.125s]       |             [32m[Kcartographer_ros::kTrackedPoseTopic[m[K
[7.125s] In file included from [01m[K/home/rick/cartographer_ws/src/cartographer_ros/cartographer_ros/include/cartographer_ros/node.h:33[m[K,
[7.125s]                  from [01m[K/home/rick/cartographer_ws/src/cartographer_ros/cartographer_ros/src/node.cpp:17[m[K:
[7.125s] [01m[K/home/rick/cartographer_ws/src/cartographer_ros/cartographer_ros/include/cartographer_ros/node_constants.h:37:16:[m[K [01;36m[Knote: [m[Kâ€˜[01m[Kcartographer_ros::kTrackedPoseTopic[m[Kâ€™ declared here
[7.125s]    37 | constexpr char [01;36m[KkTrackedPoseTopic[m[K[] = "tracked_pose";
[7.125s]       |                [01;36m[K^~~~~~~~~~~~~~~~~[m[K
[7.125s] [01m[K/home/rick/cartographer_ws/src/cartographer_ros/cartographer_ros/src/node.cpp:146:9:[m[K [01;31m[Kerror: [m[Kâ€˜[01m[KkScanMatchedPointCloudTopic[m[Kâ€™ was not declared in this scope; did you mean â€˜[01m[Kcartographer_ros::kScanMatchedPointCloudTopic[m[Kâ€™?
[7.125s]   146 |         [01;31m[KkScanMatchedPointCloudTopic[m[K, 10);
[7.125s]       |         [01;31m[K^~~~~~~~~~~~~~~~~~~~~~~~~~~[m[K
[7.125s]       |         [32m[Kcartographer_ros::kScanMatchedPointCloudTopic[m[K
[7.125s] In file included from [01m[K/home/rick/cartographer_ws/src/cartographer_ros/cartographer_ros/include/cartographer_ros/node.h:33[m[K,
[7.126s]                  from [01m[K/home/rick/cartographer_ws/src/cartographer_ros/cartographer_ros/src/node.cpp:17[m[K:
[7.126s] [01m[K/home/rick/cartographer_ws/src/cartographer_ros/cartographer_ros/include/cartographer_ros/node_constants.h:35:16:[m[K [01;36m[Knote: [m[Kâ€˜[01m[Kcartographer_ros::kScanMatchedPointCloudTopic[m[Kâ€™ declared here
[7.126s]    35 | constexpr char [01;36m[KkScanMatchedPointCloudTopic[m[K[] = "scan_matched_points2";
[7.126s]       |                [01;36m[K^~~~~~~~~~~~~~~~~~~~~~~~~~~[m[K
[7.126s] [01m[K/home/rick/cartographer_ws/src/cartographer_ros/cartographer_ros/include/cartographer_ros/node.h:98:13:[m[K [01;31m[Kerror: [m[Kâ€˜[01m[KTrajectoryOptions[m[Kâ€™ does not name a type
[7.126s]    98 |       const [01;31m[KTrajectoryOptions[m[K& options);
[7.126s]       |             [01;31m[K^~~~~~~~~~~~~~~~~[m[K
[7.126s] [01m[K/home/rick/cartographer_ws/src/cartographer_ros/cartographer_ros/src/node.cpp:150:7:[m[K [01;31m[Kerror: [m[Kâ€˜[01m[KkSubmapQueryServiceName[m[Kâ€™ was not declared in this scope; did you mean â€˜[01m[Kcartographer_ros::kSubmapQueryServiceName[m[Kâ€™?
[7.126s]   150 |       [01;31m[KkSubmapQueryServiceName[m[K,
[7.127s]       |       [01;31m[K^~~~~~~~~~~~~~~~~~~~~~~[m[K
[7.127s]       |       [32m[Kcartographer_ros::kSubmapQueryServiceName[m[K
[7.127s] In file included from [01m[K/home/rick/cartographer_ws/src/cartographer_ros/cartographer_ros/include/cartographer_ros/node.h:33[m[K,
[7.127s]                  from [01m[K/home/rick/cartographer_ws/src/cartographer_ros/cartographer_ros/src/node.cpp:17[m[K:
[7.127s] [01m[K/home/rick/cartographer_ws/src/cartographer_ros/cartographer_ros/include/cartographer_ros/node_constants.h:38:16:[m[K [01;36m[Knote: [m[Kâ€˜[01m[Kcartographer_ros::kSubmapQueryServiceName[m[Kâ€™ declared here
[7.127s]    38 | constexpr char [01;36m[KkSubmapQueryServiceName[m[K[] = "submap_query";
[7.127s]       |                [01;36m[K^~~~~~~~~~~~~~~~~~~~~~~[m[K
[7.135s] [01m[K/home/rick/cartographer_ws/src/cartographer_ros/cartographer_ros/src/node.cpp:154:7:[m[K [01;31m[Kerror: [m[Kâ€˜[01m[KkTrajectoryQueryServiceName[m[Kâ€™ was not declared in this scope; did you mean â€˜[01m[Kcartographer_ros::kTrajectoryQueryServiceName[m[Kâ€™?
[7.135s]   154 |       [01;31m[KkTrajectoryQueryServiceName[m[K,
[7.135s]       |       [01;31m[K^~~~~~~~~~~~~~~~~~~~~~~~~~~[m[K
[7.135s]       |       [32m[Kcartographer_ros::kTrajectoryQueryServiceName[m[K
[7.135s] In file included from [01m[K/home/rick/cartographer_ws/src/cartographer_ros/cartographer_ros/include/cartographer_ros/node.h:33[m[K,
[7.135s]                  from [01m[K/home/rick/cartographer_ws/src/cartographer_ros/cartographer_ros/src/node.cpp:17[m[K:
[7.135s] [01m[K/home/rick/cartographer_ws/src/cartographer_ros/cartographer_ros/include/cartographer_ros/node_constants.h:39:16:[m[K [01;36m[Knote: [m[Kâ€˜[01m[Kcartographer_ros::kTrajectoryQueryServiceName[m[Kâ€™ declared here
[7.135s]    39 | constexpr char [01;36m[KkTrajectoryQueryServiceName[m[K[] = "trajectory_query";
[7.135s]       |                [01;36m[K^~~~~~~~~~~~~~~~~~~~~~~~~~~[m[K
[7.136s] [01m[K/home/rick/cartographer_ws/src/cartographer_ros/cartographer_ros/include/cartographer_ros/node.h:160:34:[m[K [01;31m[Kerror: [m[Kâ€˜[01m[KTrajectoryOptions[m[Kâ€™ does not name a type
[7.136s]   160 |   ComputeExpectedSensorIds(const [01;31m[KTrajectoryOptions[m[K& options) const;
[7.136s]       |                                  [01;31m[K^~~~~~~~~~~~~~~~~[m[K
[7.139s] [01m[K/home/rick/cartographer_ws/src/cartographer_ros/cartographer_ros/src/node.cpp:158:7:[m[K [01;31m[Kerror: [m[Kâ€˜[01m[KkStartTrajectoryServiceName[m[Kâ€™ was not declared in this scope; did you mean â€˜[01m[Kcartographer_ros::kStartTrajectoryServiceName[m[Kâ€™?
[7.139s]   158 |       [01;31m[KkStartTrajectoryServiceName[m[K,
[7.139s]       |       [01;31m[K^~~~~~~~~~~~~~~~~~~~~~~~~~~[m[K
[7.139s]       |       [32m[Kcartographer_ros::kStartTrajectoryServiceName[m[K
[7.139s] In file included from [01m[K/home/rick/cartographer_ws/src/cartographer_ros/cartographer_ros/include/cartographer_ros/node.h:33[m[K,
[7.139s]                  from [01m[K/home/rick/cartographer_ws/src/cartographer_ros/cartographer_ros/src/node.cpp:17[m[K:
[7.139s] [01m[K/home/rick/cartographer_ws/src/cartographer_ros/cartographer_ros/include/cartographer_ros/node_constants.h:40:16:[m[K [01;36m[Knote: [m[Kâ€˜[01m[Kcartographer_ros::kStartTrajectoryServiceName[m[Kâ€™ declared here
[7.139s]    40 | constexpr char [01;36m[KkStartTrajectoryServiceName[m[K[] = "start_trajectory";
[7.139s]       |                [01;36m[K^~~~~~~~~~~~~~~~~~~~~~~~~~~[m[K
[7.142s] [01m[K/home/rick/cartographer_ws/src/cartographer_ros/cartographer_ros/src/node.cpp:162:7:[m[K [01;31m[Kerror: [m[Kâ€˜[01m[KkFinishTrajectoryServiceName[m[Kâ€™ was not declared in this scope; did you mean â€˜[01m[Kcartographer_ros::kFinishTrajectoryServiceName[m[Kâ€™?
[7.142s]   162 |       [01;31m[KkFinishTrajectoryServiceName[m[K,
[7.142s]       |       [01;31m[K^~~~~~~~~~~~~~~~~~~~~~~~~~~~[m[K
[7.142s]       |       [32m[Kcartographer_ros::kFinishTrajectoryServiceName[m[K
[7.142s] In file included from [01m[K/home/rick/cartographer_ws/src/cartographer_ros/cartographer_ros/include/cartographer_ros/node.h:33[m[K,
[7.142s]                  from [01m[K/home/rick/cartographer_ws/src/cartographer_ros/cartographer_ros/src/node.cpp:17[m[K:
[7.142s] [01m[K/home/rick/cartographer_ws/src/cartographer_ros/cartographer_ros/include/cartographer_ros/node_constants.h:33:16:[m[K [01;36m[Knote: [m[Kâ€˜[01m[Kcartographer_ros::kFinishTrajectoryServiceName[m[Kâ€™ declared here
[7.142s]    33 | constexpr char [01;36m[KkFinishTrajectoryServiceName[m[K[] = "finish_trajectory";
[7.142s]       |                [01;36m[K^~~~~~~~~~~~~~~~~~~~~~~~~~~~[m[K
[7.146s] [01m[K/home/rick/cartographer_ws/src/cartographer_ros/cartographer_ros/src/node.cpp:166:7:[m[K [01;31m[Kerror: [m[Kâ€˜[01m[KkWriteStateServiceName[m[Kâ€™ was not declared in this scope; did you mean â€˜[01m[Kcartographer_ros::kWriteStateServiceName[m[Kâ€™?
[7.146s]   166 |       [01;31m[KkWriteStateServiceName[m[K,
[7.146s]       |       [01;31m[K^~~~~~~~~~~~~~~~~~~~~~[m[K
[7.146s]       |       [32m[Kcartographer_ros::kWriteStateServiceName[m[K
[7.146s] In file included from [01m[K/home/rick/cartographer_ws/src/cartographer_ros/cartographer_ros/include/cartographer_ros/node.h:33[m[K,
[7.146s]                  from [01m[K/home/rick/cartographer_ws/src/cartographer_ros/cartographer_ros/src/node.cpp:17[m[K:
[7.146s] [01m[K/home/rick/cartographer_ws/src/cartographer_ros/cartographer_ros/include/cartographer_ros/node_constants.h:41:16:[m[K [01;36m[Knote: [m[Kâ€˜[01m[Kcartographer_ros::kWriteStateServiceName[m[Kâ€™ declared here
[7.146s]    41 | constexpr char [01;36m[KkWriteStateServiceName[m[K[] = "write_state";
[7.146s]       |                [01;36m[K^~~~~~~~~~~~~~~~~~~~~~[m[K
[7.146s] [01m[K/home/rick/cartographer_ws/src/cartographer_ros/cartographer_ros/include/cartographer_ros/node.h:161:27:[m[K [01;31m[Kerror: [m[Kâ€˜[01m[KTrajectoryOptions[m[Kâ€™ does not name a type
[7.146s]   161 |   int AddTrajectory(const [01;31m[KTrajectoryOptions[m[K& options);
[7.146s]       |                           [01;31m[K^~~~~~~~~~~~~~~~~[m[K
[7.149s] [01m[K/home/rick/cartographer_ws/src/cartographer_ros/cartographer_ros/src/node.cpp:170:7:[m[K [01;31m[Kerror: [m[Kâ€˜[01m[KkGetTrajectoryStatesServiceName[m[Kâ€™ was not declared in this scope; did you mean â€˜[01m[Kcartographer_ros::kGetTrajectoryStatesServiceName[m[Kâ€™?
[7.149s]   170 |       [01;31m[KkGetTrajectoryStatesServiceName[m[K,
[7.150s]       |       [01;31m[K^~~~~~~~~~~~~~~~~~~~~~~~~~~~~~~[m[K
[7.150s]       |       [32m[Kcartographer_ros::kGetTrajectoryStatesServiceName[m[K
[7.150s] In file included from [01m[K/home/rick/cartographer_ws/src/cartographer_ros/cartographer_ros/include/cartographer_ros/node.h:33[m[K,
[7.150s]                  from [01m[K/home/rick/cartographer_ws/src/cartographer_ros/cartographer_ros/src/node.cpp:17[m[K:
[7.150s] [01m[K/home/rick/cartographer_ws/src/cartographer_ros/cartographer_ros/include/cartographer_ros/node_constants.h:42:16:[m[K [01;36m[Knote: [m[Kâ€˜[01m[Kcartographer_ros::kGetTrajectoryStatesServiceName[m[Kâ€™ declared here
[7.150s]    42 | constexpr char [01;36m[KkGetTrajectoryStatesServiceName[m[K[] = "get_trajectory_states";
[7.150s]       |                [01;36m[K^~~~~~~~~~~~~~~~~~~~~~~~~~~~~~~[m[K
[7.153s] [01m[K/home/rick/cartographer_ws/src/cartographer_ros/cartographer_ros/src/node.cpp:174:7:[m[K [01;31m[Kerror: [m[Kâ€˜[01m[KkReadMetricsServiceName[m[Kâ€™ was not declared in this scope; did you mean â€˜[01m[Kcartographer_ros::kReadMetricsServiceName[m[Kâ€™?
[7.153s]   174 |       [01;31m[KkReadMetricsServiceName[m[K,
[7.153s]       |       [01;31m[K^~~~~~~~~~~~~~~~~~~~~~~[m[K
[7.153s]       |       [32m[Kcartographer_ros::kReadMetricsServiceName[m[K
[7.153s] In file included from [01m[K/home/rick/cartographer_ws/src/cartographer_ros/cartographer_ros/include/cartographer_ros/node.h:33[m[K,
[7.153s]                  from [01m[K/home/rick/cartographer_ws/src/cartographer_ros/cartographer_ros/src/node.cpp:17[m[K:
[7.153s] [01m[K/home/rick/cartographer_ws/src/cartographer_ros/cartographer_ros/include/cartographer_ros/node_constants.h:43:16:[m[K [01;36m[Knote: [m[Kâ€˜[01m[Kcartographer_ros::kReadMetricsServiceName[m[Kâ€™ declared here
[7.153s]    43 | constexpr char [01;36m[KkReadMetricsServiceName[m[K[] = "read_metrics";
[7.153s]       |                [01;36m[K^~~~~~~~~~~~~~~~~~~~~~~[m[K
[7.155s] [01m[K/home/rick/cartographer_ws/src/cartographer_ros/cartographer_ros/src/node.cpp:181:12:[m[K [01;31m[Kerror: [m[Kdefinition of â€˜[01m[Kauto {anonymous}::Node::Node(const int&, std::unique_ptr<cartographer::mapping::MapBuilderInterface>, std::shared_ptr<tf2_ros::Buffer>, rclcpp::Node::SharedPtr, bool)::<lambda>::operator()() const[m[Kâ€™ is not in namespace enclosing â€˜[01m[K{anonymous}::Node::Node(const int&, std::unique_ptr<cartographer::mapping::MapBuilderInterface>, std::shared_ptr<tf2_ros::Buffer>, rclcpp::Node::SharedPtr, bool)::<lambda>[m[Kâ€™ [[01;31m[K-fpermissive[m[K]
[7.155s]   181 |     [this]([01;31m[K)[m[K {
[7.155s]       |            [01;31m[K^[m[K
[7.156s] [01m[K/home/rick/cartographer_ws/src/cartographer_ros/cartographer_ros/src/node.cpp:187:14:[m[K [01;31m[Kerror: [m[Kdefinition of â€˜[01m[Kauto {anonymous}::Node::Node(const int&, std::unique_ptr<cartographer::mapping::MapBuilderInterface>, std::shared_ptr<tf2_ros::Buffer>, rclcpp::Node::SharedPtr, bool)::<lambda>::operator()() const[m[Kâ€™ is not in namespace enclosing â€˜[01m[K{anonymous}::Node::Node(const int&, std::unique_ptr<cartographer::mapping::MapBuilderInterface>, std::shared_ptr<tf2_ros::Buffer>, rclcpp::Node::SharedPtr, bool)::<lambda>[m[Kâ€™ [[01;31m[K-fpermissive[m[K]
[7.156s]   187 |       [this]([01;31m[K)[m[K {
[7.156s]       |              [01;31m[K^[m[K
[7.156s] [01m[K/home/rick/cartographer_ws/src/cartographer_ros/cartographer_ros/src/node.cpp:193:12:[m[K [01;31m[Kerror: [m[Kdefinition of â€˜[01m[Kauto {anonymous}::Node::Node(const int&, std::unique_ptr<cartographer::mapping::MapBuilderInterface>, std::shared_ptr<tf2_ros::Buffer>, rclcpp::Node::SharedPtr, bool)::<lambda>::operator()() const[m[Kâ€™ is not in namespace enclosing â€˜[01m[K{anonymous}::Node::Node(const int&, std::unique_ptr<cartographer::mapping::MapBuilderInterface>, std::shared_ptr<tf2_ros::Buffer>, rclcpp::Node::SharedPtr, bool)::<lambda>[m[Kâ€™ [[01;31m[K-fpermissive[m[K]
[7.156s]   193 |     [this]([01;31m[K)[m[K {
[7.156s]       |            [01;31m[K^[m[K
[7.156s] [01m[K/home/rick/cartographer_ws/src/cartographer_ros/cartographer_ros/src/node.cpp:198:12:[m[K [01;31m[Kerror: [m[Kdefinition of â€˜[01m[Kauto {anonymous}::Node::Node(const int&, std::unique_ptr<cartographer::mapping::MapBuilderInterface>, std::shared_ptr<tf2_ros::Buffer>, rclcpp::Node::SharedPtr, bool)::<lambda>::operator()() const[m[Kâ€™ is not in namespace enclosing â€˜[01m[K{anonymous}::Node::Node(const int&, std::unique_ptr<cartographer::mapping::MapBuilderInterface>, std::shared_ptr<tf2_ros::Buffer>, rclcpp::Node::SharedPtr, bool)::<lambda>[m[Kâ€™ [[01;31m[K-fpermissive[m[K]
[7.156s]   198 |     [this]([01;31m[K)[m[K {
[7.156s]       |            [01;31m[K^[m[K
[7.156s] [01m[K/home/rick/cartographer_ws/src/cartographer_ros/cartographer_ros/include/cartographer_ros/node.h:162:32:[m[K [01;31m[Kerror: [m[Kâ€˜[01m[KTrajectoryOptions[m[Kâ€™ does not name a type
[7.156s]   162 |   void LaunchSubscribers(const [01;31m[KTrajectoryOptions[m[K& options, int trajectory_id);
[7.156s]       |                                [01;31m[K^~~~~~~~~~~~~~~~~[m[K
[7.157s] [01m[K/home/rick/cartographer_ws/src/cartographer_ros/cartographer_ros/src/node.cpp:202:35:[m[K [01;31m[Kerror: [m[Kâ€˜[01m[KkConstraintPublishPeriodSec[m[Kâ€™ was not declared in this scope; did you mean â€˜[01m[Kcartographer_ros::kConstraintPublishPeriodSec[m[Kâ€™?
[7.157s]   202 |     std::chrono::milliseconds(int([01;31m[KkConstraintPublishPeriodSec[m[K * 1000)),
[7.157s]       |                                   [01;31m[K^~~~~~~~~~~~~~~~~~~~~~~~~~~[m[K
[7.157s]       |                                   [32m[Kcartographer_ros::kConstraintPublishPeriodSec[m[K
[7.157s] In file included from [01m[K/home/rick/cartographer_ws/src/cartographer_ros/cartographer_ros/include/cartographer_ros/node.h:33[m[K,
[7.157s]                  from [01m[K/home/rick/cartographer_ws/src/cartographer_ros/cartographer_ros/src/node.cpp:17[m[K:
[7.157s] [01m[K/home/rick/cartographer_ws/src/cartographer_ros/cartographer_ros/include/cartographer_ros/node_constants.h:47:18:[m[K [01;36m[Knote: [m[Kâ€˜[01m[Kcartographer_ros::kConstraintPublishPeriodSec[m[Kâ€™ declared here
[7.157s]    47 | constexpr double [01;36m[KkConstraintPublishPeriodSec[m[K = 0.5;
[7.157s]       |                  [01;36m[K^~~~~~~~~~~~~~~~~~~~~~~~~~~[m[K
[7.157s] [01m[K/home/rick/cartographer_ws/src/cartographer_ros/cartographer_ros/src/node.cpp:203:12:[m[K [01;31m[Kerror: [m[Kdefinition of â€˜[01m[Kauto {anonymous}::Node::Node(const int&, std::unique_ptr<cartographer::mapping::MapBuilderInterface>, std::shared_ptr<tf2_ros::Buffer>, rclcpp::Node::SharedPtr, bool)::<lambda>::operator()() const[m[Kâ€™ is not in namespace enclosing â€˜[01m[K{anonymous}::Node::Node(const int&, std::unique_ptr<cartographer::mapping::MapBuilderInterface>, std::shared_ptr<tf2_ros::Buffer>, rclcpp::Node::SharedPtr, bool)::<lambda>[m[Kâ€™ [[01;31m[K-fpermissive[m[K]
[7.158s]   203 |     [this]([01;31m[K)[m[K {
[7.158s]       |            [01;31m[K^[m[K
[7.158s] [01m[K/home/rick/cartographer_ws/src/cartographer_ros/cartographer_ros/src/node.cpp:[m[K At global scope:
[7.158s] [01m[K/home/rick/cartographer_ws/src/cartographer_ros/cartographer_ros/src/node.cpp:208:13:[m[K [01;31m[Kerror: [m[Kdefinition of â€˜[01m[K{anonymous}::Node::~Node()[m[Kâ€™ is not in namespace enclosing â€˜[01m[K{anonymous}::Node[m[Kâ€™ [[01;31m[K-fpermissive[m[K]
[7.158s]   208 | Node::~Node([01;31m[K)[m[K { FinishAllTrajectories(); }
[7.158s]       |             [01;31m[K^[m[K
[7.158s] [01m[K/home/rick/cartographer_ws/src/cartographer_ros/cartographer_ros/src/node.cpp:212:74:[m[K [01;31m[Kerror: [m[Kdefinition of â€˜[01m[Kbool {anonymous}::Node::handleSubmapQuery(cartographer_ros_msgs::srv::SubmapQuery_Request_<std::allocator<void> >::SharedPtr, cartographer_ros_msgs::srv::SubmapQuery_Response_<std::allocator<void> >::SharedPtr)[m[Kâ€™ is not in namespace enclosing â€˜[01m[K{anonymous}::Node[m[Kâ€™ [[01;31m[K-fpermissive[m[K]
[7.158s]   212 |     cartographer_ros_msgs::srv::SubmapQuery::Response::SharedPtr response[01;31m[K)[m[K {
[7.158s]       |                                                                          [01;31m[K^[m[K
[7.164s] [01m[K/home/rick/cartographer_ws/src/cartographer_ros/cartographer_ros/src/node.cpp:[m[K In member function â€˜[01m[Kbool {anonymous}::Node::handleSubmapQuery(cartographer_ros_msgs::srv::SubmapQuery_Request_<std::allocator<void> >::SharedPtr, cartographer_ros_msgs::srv::SubmapQuery_Response_<std::allocator<void> >::SharedPtr)[m[Kâ€™:
[7.164s] [01m[K/home/rick/cartographer_ws/src/cartographer_ros/cartographer_ros/src/node.cpp:214:22:[m[K [01;31m[Kerror: [m[Kbase operand of â€˜[01m[K->[m[Kâ€™ is not a pointer
[7.164s]   214 |   map_builder_bridge_[01;31m[K->[m[KHandleSubmapQuery(request, response);
[7.164s]       |                      [01;31m[K^~[m[K
[7.164s] [01m[K/home/rick/cartographer_ws/src/cartographer_ros/cartographer_ros/src/node.cpp:[m[K At global scope:
[7.164s] [01m[K/home/rick/cartographer_ws/src/cartographer_ros/cartographer_ros/src/node.cpp:220:78:[m[K [01;31m[Kerror: [m[Kdefinition of â€˜[01m[Kbool {anonymous}::Node::handleTrajectoryQuery(cartographer_ros_msgs::srv::TrajectoryQuery_Request_<std::allocator<void> >::SharedPtr, cartographer_ros_msgs::srv::TrajectoryQuery_Response_<std::allocator<void> >::SharedPtr)[m[Kâ€™ is not in namespace enclosing â€˜[01m[K{anonymous}::Node[m[Kâ€™ [[01;31m[K-fpermissive[m[K]
[7.164s]   220 |     cartographer_ros_msgs::srv::TrajectoryQuery::Response::SharedPtr response[01;31m[K)[m[K {
[7.164s]       |                                                                              [01;31m[K^[m[K
[7.166s] [01m[K/home/rick/cartographer_ws/src/cartographer_ros/cartographer_ros/include/cartographer_ros/node.h:164:49:[m[K [01;31m[Kerror: [m[Kâ€˜[01m[KTrajectoryOptions[m[Kâ€™ does not name a type
[7.166s]   164 |   void AddExtrapolator(int trajectory_id, const [01;31m[KTrajectoryOptions[m[K& options);
[7.166s]       |                                                 [01;31m[K^~~~~~~~~~~~~~~~~[m[K
[7.168s] [01m[K/home/rick/cartographer_ws/src/cartographer_ros/cartographer_ros/src/node.cpp:[m[K In member function â€˜[01m[Kbool {anonymous}::Node::handleTrajectoryQuery(cartographer_ros_msgs::srv::TrajectoryQuery_Request_<std::allocator<void> >::SharedPtr, cartographer_ros_msgs::srv::TrajectoryQuery_Response_<std::allocator<void> >::SharedPtr)[m[Kâ€™:
[7.168s] [01m[K/home/rick/cartographer_ws/src/cartographer_ros/cartographer_ros/src/node.cpp:224:8:[m[K [01;31m[Kerror: [m[Kâ€˜[01m[KTrajectoryState[m[Kâ€™ has not been declared
[7.168s]   224 |       {[01;31m[KTrajectoryState[m[K::ACTIVE, TrajectoryState::FINISHED,
[7.168s]       |        [01;31m[K^~~~~~~~~~~~~~~[m[K
[7.169s] [01m[K/home/rick/cartographer_ws/src/cartographer_ros/cartographer_ros/src/node.cpp:224:33:[m[K [01;31m[Kerror: [m[Kâ€˜[01m[KTrajectoryState[m[Kâ€™ has not been declared
[7.169s]   224 |       {TrajectoryState::ACTIVE, [01;31m[KTrajectoryState[m[K::FINISHED,
[7.169s]       |                                 [01;31m[K^~~~~~~~~~~~~~~[m[K
[7.169s] [01m[K/home/rick/cartographer_ws/src/cartographer_ros/cartographer_ros/src/node.cpp:225:8:[m[K [01;31m[Kerror: [m[Kâ€˜[01m[KTrajectoryState[m[Kâ€™ has not been declared
[7.169s]   225 |        [01;31m[KTrajectoryState[m[K::FROZEN} /* valid states */);
[7.169s]       |        [01;31m[K^~~~~~~~~~~~~~~[m[K
[7.174s] [01m[K/home/rick/cartographer_ws/src/cartographer_ros/cartographer_ros/src/node.cpp:225:51:[m[K [01;31m[Kerror: [m[Kcannot convert â€˜[01m[K<brace-enclosed initializer list>[m[Kâ€™ to â€˜[01m[Kconst std::set<cartographer::mapping::PoseGraphInterface::TrajectoryState>&[m[Kâ€™
[7.174s]   225 |        TrajectoryState::FROZEN} /* valid states */[01;31m[K)[m[K;
[7.174s]       |                                                   [01;31m[K^[m[K
[7.174s] In file included from [01m[K/home/rick/cartographer_ws/src/cartographer_ros/cartographer_ros/src/node.cpp:17[m[K:
[7.174s] [01m[K/home/rick/cartographer_ws/src/cartographer_ros/cartographer_ros/include/cartographer_ros/node.h:181:11:[m[K [01;36m[Knote: [m[K  initializing argument 2 of â€˜[01m[Kcartographer_ros_msgs::msg::StatusResponse {anonymous}::Node::TrajectoryStateToStatus(int, const std::set<cartographer::mapping::PoseGraphInterface::TrajectoryState>&)[m[Kâ€™
[7.174s]   179 |       [01;36m[Kconst std::set<[m[K
[7.174s]       |       [01;36m[K~~~~~~~~~~~~~~~[m[K
[7.174s]   180 | [01;36m[K          cartographer::mapping::PoseGraphInterface::TrajectoryState>&[m[K
[7.174s]       |           [01;36m[K~~~~~~~~~~~~~~~~~~~~~~~~~~~~~~~~~~~~~~~~~~~~~~~~~~~~~~~~~~~~[m[K
[7.174s]   181 | [01;36m[K          valid_states[m[K);
[7.174s]       |           [01;36m[K^~~~~~~~~~~~[m[K
[7.174s] [01m[K/home/rick/cartographer_ws/src/cartographer_ros/cartographer_ros/src/node.cpp:231:22:[m[K [01;31m[Kerror: [m[Kbase operand of â€˜[01m[K->[m[Kâ€™ is not a pointer
[7.174s]   231 |   map_builder_bridge_[01;31m[K->[m[KHandleTrajectoryQuery(request, response);
[7.174s]       |                      [01;31m[K^~[m[K
[7.174s] [01m[K/home/rick/cartographer_ws/src/cartographer_ros/cartographer_ros/src/node.cpp:[m[K At global scope:
[7.175s] [01m[K/home/rick/cartographer_ws/src/cartographer_ros/cartographer_ros/src/node.cpp:235:30:[m[K [01;31m[Kerror: [m[Kdefinition of â€˜[01m[Kvoid {anonymous}::Node::PublishSubmapList()[m[Kâ€™ is not in namespace enclosing â€˜[01m[K{anonymous}::Node[m[Kâ€™ [[01;31m[K-fpermissive[m[K]
[7.175s]   235 | void Node::PublishSubmapList([01;31m[K)[m[K {
[7.175s]       |                              [01;31m[K^[m[K
[7.175s] [01m[K/home/rick/cartographer_ws/src/cartographer_ros/cartographer_ros/src/node.cpp:[m[K In member function â€˜[01m[Kvoid {anonymous}::Node::PublishSubmapList()[m[Kâ€™:
[7.175s] [01m[K/home/rick/cartographer_ws/src/cartographer_ros/cartographer_ros/src/node.cpp:237:54:[m[K [01;31m[Kerror: [m[Kbase operand of â€˜[01m[K->[m[Kâ€™ is not a pointer
[7.175s]   237 |   submap_list_publisher_->publish(map_builder_bridge_[01;31m[K->[m[KGetSubmapList(node_->now()));
[7.175s]       |                                                      [01;31m[K^~[m[K
[7.175s] [01m[K/home/rick/cartographer_ws/src/cartographer_ros/cartographer_ros/include/cartographer_ros/node.h:165:51:[m[K [01;31m[Kerror: [m[Kâ€˜[01m[KTrajectoryOptions[m[Kâ€™ does not name a type
[7.175s]   165 |   void AddSensorSamplers(int trajectory_id, const [01;31m[KTrajectoryOptions[m[K& options);
[7.175s]       |                                                   [01;31m[K^~~~~~~~~~~~~~~~~[m[K
[7.177s] [01m[K/home/rick/cartographer_ws/src/cartographer_ros/cartographer_ros/src/node.cpp:[m[K At global scope:
[7.177s] [01m[K/home/rick/cartographer_ws/src/cartographer_ros/cartographer_ros/src/node.cpp:247:34:[m[K [01;31m[Kerror: [m[Kâ€˜[01m[KTrajectoryOptions[m[Kâ€™ does not name a type
[7.177s]   247 |                            const [01;31m[KTrajectoryOptions[m[K& options) {
[7.177s]       |                                  [01;31m[K^~~~~~~~~~~~~~~~~[m[K
[7.177s] [01m[K/home/rick/cartographer_ws/src/cartographer_ros/cartographer_ros/src/node.cpp:247:60:[m[K [01;31m[Kerror: [m[Kdefinition of â€˜[01m[Kvoid {anonymous}::Node::AddExtrapolator(int, const int&)[m[Kâ€™ is not in namespace enclosing â€˜[01m[K{anonymous}::Node[m[Kâ€™ [[01;31m[K-fpermissive[m[K]
[7.177s]   247 |                            const TrajectoryOptions& options[01;31m[K)[m[K {
[7.177s]       |                                                            [01;31m[K^[m[K
[7.184s] [01m[K/home/rick/cartographer_ws/src/cartographer_ros/cartographer_ros/src/node.cpp:[m[K In member function â€˜[01m[Kvoid {anonymous}::Node::AddExtrapolator(int, const int&)[m[Kâ€™:
[7.184s] [01m[K/home/rick/cartographer_ws/src/cartographer_ros/cartographer_ros/src/node.cpp:254:7:[m[K [01;31m[Kerror: [m[Kâ€˜[01m[Knode_options_[m[Kâ€™ was not declared in this scope; did you mean â€˜[01m[KNodeOptions[m[Kâ€™?
[7.184s]   254 |       [01;31m[Knode_options_[m[K.map_builder_options.use_trajectory_builder_3d()
[7.184s]       |       [01;31m[K^~~~~~~~~~~~~[m[K
[7.184s]       |       [32m[KNodeOptions[m[K
[7.184s] [01m[K/home/rick/cartographer_ws/src/cartographer_ros/cartographer_ros/src/node.cpp:255:21:[m[K [01;31m[Kerror: [m[Krequest for member â€˜[01m[Ktrajectory_builder_options[m[Kâ€™ in â€˜[01m[Koptions[m[Kâ€™, which is of non-class type â€˜[01m[Kconst int[m[Kâ€™
[7.184s]   255 |           ? options.[01;31m[Ktrajectory_builder_options[m[K.trajectory_builder_3d_options()
[7.184s]       |                     [01;31m[K^~~~~~~~~~~~~~~~~~~~~~~~~~[m[K
[7.184s] [01m[K/home/rick/cartographer_ws/src/cartographer_ros/cartographer_ros/src/node.cpp:257:21:[m[K [01;31m[Kerror: [m[Krequest for member â€˜[01m[Ktrajectory_builder_options[m[Kâ€™ in â€˜[01m[Koptions[m[Kâ€™, which is of non-class type â€˜[01m[Kconst int[m[Kâ€™
[7.184s]   257 |           : options.[01;31m[Ktrajectory_builder_options[m[K.t rajectory_builder_2d_options()
[7.184s]       |                     [01;31m[K^~~~~~~~~~~~~~~~~~~~~~~~~~[m[K
[7.186s] [01m[K/home/rick/cartographer_ws/src/cartographer_ros/cartographer_ros/include/cartographer_ros/node.h:170:40:[m[K [01;31m[Kerror: [m[Kâ€˜[01m[KTrajectoryOptions[m[Kâ€™ does not name a type
[7.186s]   170 |   bool ValidateTrajectoryOptions(const [01;31m[KTrajectoryOptions[m[K& options);
[7.186s]       |                                        [01;31m[K^~~~~~~~~~~~~~~~~[m[K
[7.193s] [01m[K/home/rick/cartographer_ws/src/cartographer_ros/cartographer_ros/src/node.cpp:[m[K At global scope:
[7.193s] [01m[K/home/rick/cartographer_ws/src/cartographer_ros/cartographer_ros/src/node.cpp:277:36:[m[K [01;31m[Kerror: [m[Kâ€˜[01m[KTrajectoryOptions[m[Kâ€™ does not name a type
[7.193s]   277 |                              const [01;31m[KTrajectoryOptions[m[K& options) {
[7.193s]       |                                    [01;31m[K^~~~~~~~~~~~~~~~~[m[K
[7.194s] [01m[K/home/rick/cartographer_ws/src/cartographer_ros/cartographer_ros/src/node.cpp:277:62:[m[K [01;31m[Kerror: [m[Kdefinition of â€˜[01m[Kvoid {anonymous}::Node::AddSensorSamplers(int, const int&)[m[Kâ€™ is not in namespace enclosing â€˜[01m[K{anonymous}::Node[m[Kâ€™ [[01;31m[K-fpermissive[m[K]
[7.194s]   277 |                              const TrajectoryOptions& options[01;31m[K)[m[K {
[7.194s]       |                                                              [01;31m[K^[m[K
[7.194s] [01m[K/home/rick/cartographer_ws/src/cartographer_ros/cartographer_ros/src/node.cpp:[m[K In member function â€˜[01m[Kvoid {anonymous}::Node::AddSensorSamplers(int, const int&)[m[Kâ€™:
[7.194s] [01m[K/home/rick/cartographer_ws/src/cartographer_ros/cartographer_ros/src/node.cpp:285:19:[m[K [01;31m[Kerror: [m[Krequest for member â€˜[01m[Krangefinder_sampling_ratio[m[Kâ€™ in â€˜[01m[Koptions[m[Kâ€™, which is of non-class type â€˜[01m[Kconst int[m[Kâ€™
[7.194s]   285 |           options.[01;31m[Krangefinder_sampling_ratio[m[K, options.odometry_sampling_ratio,
[7.194s]       |                   [01;31m[K^~~~~~~~~~~~~~~~~~~~~~~~~~[m[K
[7.194s] [01m[K/home/rick/cartographer_ws/src/cartographer_ros/cartographer_ros/src/node.cpp:285:55:[m[K [01;31m[Kerror: [m[Krequest for member â€˜[01m[Kodometry_sampling_ratio[m[Kâ€™ in â€˜[01m[Koptions[m[Kâ€™, which is of non-class type â€˜[01m[Kconst int[m[Kâ€™
[7.194s]   285 |           options.rangefinder_sampling_ratio, options.[01;31m[Kodometry_sampling_ratio[m[K,
[7.194s]       |                                                       [01;31m[K^~~~~~~~~~~~~~~~~~~~~~~[m[K
[7.194s] [01m[K/home/rick/cartographer_ws/src/cartographer_ros/cartographer_ros/src/node.cpp:286:19:[m[K [01;31m[Kerror: [m[Krequest for member â€˜[01m[Kfixed_frame_pose_sampling_ratio[m[Kâ€™ in â€˜[01m[Koptions[m[Kâ€™, which is of non-class type â€˜[01m[Kconst int[m[Kâ€™
[7.194s]   286 |           options.[01;31m[Kfixed_frame_pose_sampling_ratio[m[K, options.imu_sampling_ratio,
[7.194s]       |                   [01;31m[K^~~~~~~~~~~~~~~~~~~~~~~~~~~~~~~[m[K
[7.194s] [01m[K/home/rick/cartographer_ws/src/cartographer_ros/cartographer_ros/src/node.cpp:286:60:[m[K [01;31m[Kerror: [m[Krequest for member â€˜[01m[Kimu_sampling_ratio[m[Kâ€™ in â€˜[01m[Koptions[m[Kâ€™, which is of non-class type â€˜[01m[Kconst int[m[Kâ€™
[7.194s]   286 |           options.fixed_frame_pose_sampling_ratio, options.[01;31m[Kimu_sampling_ratio[m[K,
[7.194s]       |                                                            [01;31m[K^~~~~~~~~~~~~~~~~~[m[K
[7.194s] [01m[K/home/rick/cartographer_ws/src/cartographer_ros/cartographer_ros/src/node.cpp:287:19:[m[K [01;31m[Kerror: [m[Krequest for member â€˜[01m[Klandmarks_sampling_ratio[m[Kâ€™ in â€˜[01m[Koptions[m[Kâ€™, which is of non-class type â€˜[01m[Kconst int[m[Kâ€™
[7.195s]   287 |           options.[01;31m[Klandmarks_sampling_ratio[m[K));
[7.195s]       |                   [01;31m[K^~~~~~~~~~~~~~~~~~~~~~~~[m[K
[7.195s] [01m[K/home/rick/cartographer_ws/src/cartographer_ros/cartographer_ros/src/node.cpp:[m[K At global scope:
[7.195s] [01m[K/home/rick/cartographer_ws/src/cartographer_ros/cartographer_ros/src/node.cpp:294:39:[m[K [01;31m[Kerror: [m[Kdefinition of â€˜[01m[Kvoid {anonymous}::Node::PublishLocalTrajectoryData()[m[Kâ€™ is not in namespace enclosing â€˜[01m[K{anonymous}::Node[m[Kâ€™ [[01;31m[K-fpermissive[m[K]
[7.195s]   294 | void Node::PublishLocalTrajectoryData([01;31m[K)[m[K {
[7.195s]       |                                       [01;31m[K^[m[K
[7.195s] [01m[K/home/rick/cartographer_ws/src/cartographer_ros/cartographer_ros/src/node.cpp:[m[K In member function â€˜[01m[Kvoid {anonymous}::Node::PublishLocalTrajectoryData()[m[Kâ€™:
[7.195s] [01m[K/home/rick/cartographer_ws/src/cartographer_ros/cartographer_ros/src/node.cpp:296:47:[m[K [01;31m[Kerror: [m[Kbase operand of â€˜[01m[K->[m[Kâ€™ is not a pointer
[7.195s]   296 |   for (const auto& entry : map_builder_bridge_[01;31m[K->[m[KGetLocalTrajectoryData()) {
[7.195s]       |                                               [01;31m[K^~[m[K
[7.195s] [01m[K/home/rick/cartographer_ws/src/cartographer_ros/cartographer_ros/src/node.cpp:307:9:[m[K [01;31m[Kerror: [m[Kâ€˜[01m[Kcarto[m[Kâ€™ has not been declared
[7.195s]   307 |         [01;31m[Kcarto[m[K::sensor::TimedPointCloud point_cloud;
[7.195s]       |         [01;31m[K^~~~~[m[K
[7.196s] [01m[K/home/rick/cartographer_ws/src/cartographer_ros/cartographer_ros/include/cartographer_ros/node.h:171:33:[m[K [01;31m[Kerror: [m[Kâ€˜[01m[KTrajectoryOptions[m[Kâ€™ does not name a type
[7.196s]   171 |   bool ValidateTopicNames(const [01;31m[KTrajectoryOptions[m[K& options);
[7.196s]       |                                 [01;31m[K^~~~~~~~~~~~~~~~~[m[K
[7.201s] [01m[K/home/rick/cartographer_ws/src/cartographer_ros/cartographer_ros/src/node.cpp:308:9:[m[K [01;31m[Kerror: [m[Kâ€˜[01m[Kpoint_cloud[m[Kâ€™ was not declared in this scope
[7.201s]   308 |         [01;31m[Kpoint_cloud[m[K.reserve(trajectory_data.local_slam_data->range_data_in_local
[7.201s]       |         [01;31m[K^~~~~~~~~~~[m[K
[7.201s] [01m[K/home/rick/cartographer_ws/src/cartographer_ros/cartographer_ros/src/node.cpp:316:13:[m[K [01;31m[Kerror: [m[Kâ€˜[01m[Kcarto[m[Kâ€™ has not been declared
[7.202s]   316 |             [01;31m[Kcarto[m[K::common::ToUniversal(trajectory_data.local_slam_data->time),
[7.202s]       |             [01;31m[K^~~~~[m[K
[7.203s] [01m[K/home/rick/cartographer_ws/src/cartographer_ros/cartographer_ros/include/cartographer_ros/node.h:182:9:[m[K [01;31m[Kerror: [m[Kâ€˜[01m[KNodeOptions[m[Kâ€™ does not name a type
[7.203s]   182 |   const [01;31m[KNodeOptions[m[K node_options_;
[7.203s]       |         [01;31m[K^~~~~~~~~~~[m[K
[7.208s] [01m[K/home/rick/cartographer_ws/src/cartographer_ros/cartographer_ros/src/node.cpp:317:13:[m[K [01;31m[Kerror: [m[Kâ€˜[01m[Knode_options_[m[Kâ€™ was not declared in this scope; did you mean â€˜[01m[KNodeOptions[m[Kâ€™?
[7.208s]   317 |             [01;31m[Knode_options_[m[K.map_frame,
[7.208s]       |             [01;31m[K^~~~~~~~~~~~~[m[K
[7.208s]       |             [32m[KNodeOptions[m[K
[7.208s] [01m[K/home/rick/cartographer_ws/src/cartographer_ros/cartographer_ros/src/node.cpp:318:13:[m[K [01;31m[Kerror: [m[Kâ€˜[01m[Kcarto[m[Kâ€™ has not been declared
[7.208s]   318 |             [01;31m[Kcarto[m[K::sensor::TransformTimedPointCloud(
[7.208s]       |             [01;31m[K^~~~~[m[K
[7.208s] [01m[K/home/rick/cartographer_ws/src/cartographer_ros/cartographer_ros/src/node.cpp:319:64:[m[K [01;31m[Kerror: [m[Kexpected primary-expression before â€˜[01m[Kfloat[m[Kâ€™
[7.208s]   319 |                 point_cloud, trajectory_data.local_to_map.cast<[01;31m[Kfloat[m[K>())));
[7.208s]       |                                                                [01;31m[K^~~~~[m[K
[7.209s] [01m[K/home/rick/cartographer_ws/src/cartographer_ros/cartographer_ros/src/node.cpp:315:54:[m[K [01;31m[Kerror: [m[Kâ€˜[01m[KToPointCloud2Message[m[Kâ€™ was not declared in this scope; did you mean â€˜[01m[Kcartographer_ros::ToPointCloud2Message[m[Kâ€™?
[7.210s]   315 |         scan_matched_point_cloud_publisher_->publish([01;31m[KToPointCloud2Message[m[K(
[7.210s]       |                                                      [01;31m[K^~~~~~~~~~~~~~~~~~~~[m[K
[7.210s]       |                                                      [32m[Kcartographer_ros::ToPointCloud2Message[m[K
[7.210s] In file included from [01m[K/home/rick/cartographer_ws/src/cartographer_ros/cartographer_ros/src/node.cpp:36[m[K:
[7.210s] [01m[K/home/rick/cartographer_ws/src/cartographer_ros/cartographer_ros/include/cartographer_ros/msg_conversion.h:38:31:[m[K [01;36m[Knote: [m[Kâ€˜[01m[Kcartographer_ros::ToPointCloud2Message[m[Kâ€™ declared here
[7.210s]    38 | sensor_msgs::msg::PointCloud2 [01;36m[KToPointCloud2Message[m[K(
[7.210s]       |                               [01;36m[K^~~~~~~~~~~~~~~~~~~~[m[K
[7.211s] [01m[K/home/rick/cartographer_ws/src/cartographer_ros/cartographer_ros/src/node.cpp:331:9:[m[K [01;31m[Kerror: [m[Kâ€˜[01m[KFromRos[m[Kâ€™ was not declared in this scope; did you mean â€˜[01m[Kcartographer_ros::FromRos[m[Kâ€™?
[7.211s]   331 |         [01;31m[KFromRos[m[K(node_->now()), extrapolator.GetLastExtrapolatedTime());
[7.211s]       |         [01;31m[K^~~~~~~[m[K
[7.211s]       |         [32m[Kcartographer_ros::FromRos[m[K
[7.211s] In file included from [01m[K/home/rick/cartographer_ws/src/cartographer_ros/cartographer_ros/include/cartographer_ros/tf_bridge.h:23[m[K,
[7.211s]                  from [01m[K/home/rick/cartographer_ws/src/cartographer_ros/cartographer_ros/include/cartographer_ros/sensor_bridge.h:28[m[K,
[7.211s]                  from [01m[K/home/rick/cartographer_ws/src/cartographer_ros/cartographer_ros/include/cartographer_ros/map_builder_bridge.h:31[m[K,
[7.211s]                  from [01m[K/home/rick/cartographer_ws/src/cartographer_ros/cartographer_ros/include/cartographer_ros/node.h:31[m[K,
[7.211s]                  from [01m[K/home/rick/cartographer_ws/src/cartographer_ros/cartographer_ros/src/node.cpp:17[m[K:
[7.211s] [01m[K/home/rick/cartographer_ws/src/cartographer_ros/cartographer_ros/include/cartographer_ros/time_conversion.h:28:30:[m[K [01;36m[Knote: [m[Kâ€˜[01m[Kcartographer_ros::FromRos[m[Kâ€™ declared here
[7.211s]    28 | ::cartographer::common::Time [01;36m[KFromRos[m[K(const rclcpp::Time& time);
[7.211s]       |                              [01;36m[K^~~~~~~[m[K
[7.214s] [01m[K/home/rick/cartographer_ws/src/cartographer_ros/cartographer_ros/include/cartographer_ros/node.h:191:19:[m[K [01;31m[Kerror: [m[Kâ€˜[01m[KMapBuilderBridge[m[Kâ€™ was not declared in this scope; did you mean â€˜[01m[Kcartographer_ros::MapBuilderBridge[m[Kâ€™?
[7.214s]   191 |   std::shared_ptr<[01;31m[KMapBuilderBridge[m[K> map_builder_bridge_ GUARDED_BY(mutex_);
[7.214s]       |                   [01;31m[K^~~~~~~~~~~~~~~~[m[K
[7.214s]       |                   [32m[Kcartographer_ros::MapBuilderBridge[m[K
[7.214s] In file included from [01m[K/home/rick/cartographer_ws/src/cartographer_ros/cartographer_ros/include/cartographer_ros/node.h:31[m[K,
[7.214s]                  from [01m[K/home/rick/cartographer_ws/src/cartographer_ros/cartographer_ros/src/offline_node.cpp:28[m[K:
[7.214s] [01m[K/home/rick/cartographer_ws/src/cartographer_ros/cartographer_ros/include/cartographer_ros/map_builder_bridge.h:50:7:[m[K [01;36m[Knote: [m[Kâ€˜[01m[Kcartographer_ros::MapBuilderBridge[m[Kâ€™ declared here
[7.214s]    50 | class [01;36m[KMapBuilderBridge[m[K {
[7.214s]       |       [01;36m[K^~~~~~~~~~~~~~~~[m[K
[7.214s] In file included from [01m[K/home/rick/cartographer_ws/src/cartographer_ros/cartographer_ros/src/offline_node.cpp:28[m[K:
[7.214s] [01m[K/home/rick/cartographer_ws/src/cartographer_ros/cartographer_ros/include/cartographer_ros/node.h:191:35:[m[K [01;31m[Kerror: [m[Ktemplate argument 1 is invalid
[7.214s]   191 |   std::shared_ptr<MapBuilderBridge[01;31m[K>[m[K map_builder_bridge_ GUARDED_BY(mutex_);
[7.214s]       |                                   [01;31m[K^[m[K
[7.217s] [01m[K/home/rick/cartographer_ws/src/cartographer_ros/cartographer_ros/src/node.cpp:333:9:[m[K [01;31m[Kerror: [m[Kâ€˜[01m[Knode_options_[m[Kâ€™ was not declared in this scope; did you mean â€˜[01m[KNodeOptions[m[Kâ€™?
[7.217s]   333 |         [01;31m[Knode_options_[m[K.use_pose_extrapolator
[7.217s]       |         [01;31m[K^~~~~~~~~~~~~[m[K
[7.217s]       |         [32m[KNodeOptions[m[K
[7.218s] [01m[K/home/rick/cartographer_ws/src/cartographer_ros/cartographer_ros/src/node.cpp:334:15:[m[K [01;31m[Kerror: [m[Kâ€˜[01m[KToRos[m[Kâ€™ was not declared in this scope; did you mean â€˜[01m[Kcartographer_ros::ToRos[m[Kâ€™?
[7.218s]   334 |             ? [01;31m[KToRos[m[K(now)
[7.218s]       |               [01;31m[K^~~~~[m[K
[7.218s]       |               [32m[Kcartographer_ros::ToRos[m[K
[7.218s] In file included from [01m[K/home/rick/cartographer_ws/src/cartographer_ros/cartographer_ros/include/cartographer_ros/tf_bridge.h:23[m[K,
[7.218s]                  from [01m[K/home/rick/cartographer_ws/src/cartographer_ros/cartographer_ros/include/cartographer_ros/sensor_bridge.h:28[m[K,
[7.219s]                  from [01m[K/home/rick/cartographer_ws/src/cartographer_ros/cartographer_ros/include/cartographer_ros/map_builder_bridge.h:31[m[K,
[7.219s]                  from [01m[K/home/rick/cartographer_ws/src/cartographer_ros/cartographer_ros/include/cartographer_ros/node.h:31[m[K,
[7.219s]                  from [01m[K/home/rick/cartographer_ws/src/cartographer_ros/cartographer_ros/src/node.cpp:17[m[K:
[7.219s] [01m[K/home/rick/cartographer_ws/src/cartographer_ros/cartographer_ros/include/cartographer_ros/time_conversion.h:26:14:[m[K [01;36m[Knote: [m[Kâ€˜[01m[Kcartographer_ros::ToRos[m[Kâ€™ declared here
[7.219s]    26 | rclcpp::Time [01;36m[KToRos[m[K(::cartographer::common::Time time);
[7.219s]       |              [01;36m[K^~~~~[m[K
[7.221s] [01m[K/home/rick/cartographer_ws/src/cartographer_ros/cartographer_ros/src/node.cpp:345:11:[m[K [01;31m[Kerror: [m[Kâ€˜[01m[KRigid3d[m[Kâ€™ does not name a type; did you mean â€˜[01m[KToRigid3d[m[Kâ€™?
[7.221s]   345 |     const [01;31m[KRigid3d[m[K tracking_to_local_3d =
[7.221s]       |           [01;31m[K^~~~~~~[m[K
[7.221s]       |           [32m[KToRigid3d[m[K
[7.224s] [01m[K/home/rick/cartographer_ws/src/cartographer_ros/cartographer_ros/src/node.cpp:349:11:[m[K [01;31m[Kerror: [m[Kâ€˜[01m[KRigid3d[m[Kâ€™ does not name a type; did you mean â€˜[01m[KToRigid3d[m[Kâ€™?
[7.224s]   349 |     const [01;31m[KRigid3d[m[K tracking_to_local = [&] {
[7.224s]       |           [01;31m[K^~~~~~~[m[K
[7.224s]       |           [32m[KToRigid3d[m[K
[7.224s] [01m[K/home/rick/cartographer_ws/src/cartographer_ros/cartographer_ros/src/node.cpp:355:7:[m[K [01;31m[Kerror: [m[Kexpected primary-expression before â€˜[01m[K)[m[Kâ€™ token
[7.224s]   355 |     }([01;31m[K)[m[K;
[7.224s]       |       [01;31m[K^[m[K
[7.226s] [01m[K/home/rick/cartographer_ws/src/cartographer_ros/cartographer_ros/src/node.cpp:357:11:[m[K [01;31m[Kerror: [m[Kâ€˜[01m[KRigid3d[m[Kâ€™ does not name a type; did you mean â€˜[01m[KToRigid3d[m[Kâ€™?
[7.226s]   357 |     const [01;31m[KRigid3d[m[K tracking_to_map =
[7.227s]       |           [01;31m[K^~~~~~~[m[K
[7.227s]       |           [32m[KToRigid3d[m[K
[7.228s] [01m[K/home/rick/cartographer_ws/src/cartographer_ros/cartographer_ros/src/node.cpp:369:15:[m[K [01;31m[Kerror: [m[Kâ€˜[01m[KToGeometryMsgTransform[m[Kâ€™ was not declared in this scope; did you mean â€˜[01m[Kcartographer_ros::ToGeometryMsgTransform[m[Kâ€™?
[7.228s]   369 |               [01;31m[KToGeometryMsgTransform[m[K(trajectory_data.local_to_map);
[7.228s]       |               [01;31m[K^~~~~~~~~~~~~~~~~~~~~~[m[K
[7.228s]       |               [32m[Kcartographer_ros::ToGeometryMsgTransform[m[K
[7.228s] In file included from [01m[K/home/rick/cartographer_ws/src/cartographer_ros/cartographer_ros/src/node.cpp:36[m[K:
[7.228s] [01m[K/home/rick/cartographer_ws/src/cartographer_ros/cartographer_ros/include/cartographer_ros/msg_conversion.h:42:31:[m[K [01;36m[Knote: [m[Kâ€˜[01m[Kcartographer_ros::ToGeometryMsgTransform[m[Kâ€™ declared here
[7.228s]    42 | geometry_msgs::msg::Transform [01;36m[KToGeometryMsgTransform[m[K(
[7.228s]       |                               [01;36m[K^~~~~~~~~~~~~~~~~~~~~~[m[K
[7.239s] [01m[K/home/rick/cartographer_ws/src/cartographer_ros/cartographer_ros/src/node.cpp:377:15:[m[K [01;31m[Kerror: [m[Kâ€˜[01m[Ktracking_to_local[m[Kâ€™ was not declared in this scope
[7.239s]   377 |               [01;31m[Ktracking_to_local[m[K * (*trajectory_data.published_to_tracking));
[7.239s]       |               [01;31m[K^~~~~~~~~~~~~~~~~[m[K
[7.249s] [01m[K/home/rick/cartographer_ws/src/cartographer_ros/cartographer_ros/src/node.cpp:386:15:[m[K [01;31m[Kerror: [m[Kâ€˜[01m[Ktracking_to_map[m[Kâ€™ was not declared in this scope
[7.250s]   386 |               [01;31m[Ktracking_to_map[m[K * (*trajectory_data.published_to_tracking));
[7.250s]       |               [01;31m[K^~~~~~~~~~~~~~~[m[K
[7.251s] [01m[K/home/rick/cartographer_ws/src/cartographer_ros/cartographer_ros/src/node.cpp:385:41:[m[K [01;31m[Kerror: [m[Kâ€˜[01m[KToGeometryMsgTransform[m[Kâ€™ was not declared in this scope; did you mean â€˜[01m[Kcartographer_ros::ToGeometryMsgTransform[m[Kâ€™?
[7.251s]   385 |           stamped_transform.transform = [01;31m[KToGeometryMsgTransform[m[K(
[7.251s]       |                                         [01;31m[K^~~~~~~~~~~~~~~~~~~~~~[m[K
[7.251s]       |                                         [32m[Kcartographer_ros::ToGeometryMsgTransform[m[K
[7.251s] In file included from [01m[K/home/rick/cartographer_ws/src/cartographer_ros/cartographer_ros/src/node.cpp:36[m[K:
[7.251s] [01m[K/home/rick/cartographer_ws/src/cartographer_ros/cartographer_ros/include/cartographer_ros/msg_conversion.h:42:31:[m[K [01;36m[Knote: [m[Kâ€˜[01m[Kcartographer_ros::ToGeometryMsgTransform[m[Kâ€™ declared here
[7.251s]    42 | geometry_msgs::msg::Transform [01;36m[KToGeometryMsgTransform[m[K(
[7.251s]       |                               [01;36m[K^~~~~~~~~~~~~~~~~~~~~~[m[K
[7.261s] [01m[K/home/rick/cartographer_ws/src/cartographer_ros/cartographer_ros/src/node.cpp:394:43:[m[K [01;31m[Kerror: [m[Kâ€˜[01m[Ktracking_to_map[m[Kâ€™ was not declared in this scope
[7.261s]   394 |         pose_msg.pose = ToGeometryMsgPose([01;31m[Ktracking_to_map[m[K);
[7.261s]       |                                           [01;31m[K^~~~~~~~~~~~~~~[m[K
[7.263s] [01m[K/home/rick/cartographer_ws/src/cartographer_ros/cartographer_ros/src/node.cpp:394:25:[m[K [01;31m[Kerror: [m[Kâ€˜[01m[KToGeometryMsgPose[m[Kâ€™ was not declared in this scope; did you mean â€˜[01m[Kcartographer_ros::ToGeometryMsgPose[m[Kâ€™?
[7.263s]   394 |         pose_msg.pose = [01;31m[KToGeometryMsgPose[m[K(tracking_to_map);
[7.263s]       |                         [01;31m[K^~~~~~~~~~~~~~~~~[m[K
[7.263s]       |                         [32m[Kcartographer_ros::ToGeometryMsgPose[m[K
[7.263s] In file included from [01m[K/home/rick/cartographer_ws/src/cartographer_ros/cartographer_ros/src/node.cpp:36[m[K:
[7.263s] [01m[K/home/rick/cartographer_ws/src/cartographer_ros/cartographer_ros/include/cartographer_ros/msg_conversion.h:45:26:[m[K [01;36m[Knote: [m[Kâ€˜[01m[Kcartographer_ros::ToGeometryMsgPose[m[Kâ€™ declared here
[7.263s]    45 | geometry_msgs::msg::Pose [01;36m[KToGeometryMsgPose[m[K(
[7.263s]       |                          [01;36m[K^~~~~~~~~~~~~~~~~[m[K
[7.263s] [01m[K/home/rick/cartographer_ws/src/cartographer_ros/cartographer_ros/src/node.cpp:[m[K At global scope:
[7.263s] [01m[K/home/rick/cartographer_ws/src/cartographer_ros/cartographer_ros/src/node.cpp:401:38:[m[K [01;31m[Kerror: [m[Kdefinition of â€˜[01m[Kvoid {anonymous}::Node::PublishTrajectoryNodeList()[m[Kâ€™ is not in namespace enclosing â€˜[01m[K{anonymous}::Node[m[Kâ€™ [[01;31m[K-fpermissive[m[K]
[7.263s]   401 | void Node::PublishTrajectoryNodeList([01;31m[K)[m[K {
[7.263s]       |                                      [01;31m[K^[m[K
[7.263s] [01m[K/home/rick/cartographer_ws/src/cartographer_ros/cartographer_ros/src/node.cpp:[m[K In member function â€˜[01m[Kvoid {anonymous}::Node::PublishTrajectoryNodeList()[m[Kâ€™:
[7.263s] [01m[K/home/rick/cartographer_ws/src/cartographer_ros/cartographer_ros/src/node.cpp:405:28:[m[K [01;31m[Kerror: [m[Kbase operand of â€˜[01m[K->[m[Kâ€™ is not a pointer
[7.263s]   405 |         map_builder_bridge_[01;31m[K->[m[KGetTrajectoryNodeList(node_->now()));
[7.263s]       |                            [01;31m[K^~[m[K
[7.263s] [01m[K/home/rick/cartographer_ws/src/cartographer_ros/cartographer_ros/src/node.cpp:[m[K At global scope:
[7.264s] [01m[K/home/rick/cartographer_ws/src/cartographer_ros/cartographer_ros/src/node.cpp:409:37:[m[K [01;31m[Kerror: [m[Kdefinition of â€˜[01m[Kvoid {anonymous}::Node::PublishLandmarkPosesList()[m[Kâ€™ is not in namespace enclosing â€˜[01m[K{anonymous}::Node[m[Kâ€™ [[01;31m[K-fpermissive[m[K]
[7.264s]   409 | void Node::PublishLandmarkPosesList([01;31m[K)[m[K {
[7.264s]       |                                     [01;31m[K^[m[K
[7.264s] [01m[K/home/rick/cartographer_ws/src/cartographer_ros/cartographer_ros/src/node.cpp:[m[K In member function â€˜[01m[Kvoid {anonymous}::Node::PublishLandmarkPosesList()[m[Kâ€™:
[7.264s] [01m[K/home/rick/cartographer_ws/src/cartographer_ros/cartographer_ros/src/node.cpp:413:28:[m[K [01;31m[Kerror: [m[Kbase operand of â€˜[01m[K->[m[Kâ€™ is not a pointer
[7.264s]   413 |         map_builder_bridge_[01;31m[K->[m[KGetLandmarkPosesList(node_->now()));
[7.264s]       |                            [01;31m[K^~[m[K
[7.264s] [01m[K/home/rick/cartographer_ws/src/cartographer_ros/cartographer_ros/src/node.cpp:[m[K At global scope:
[7.264s] [01m[K/home/rick/cartographer_ws/src/cartographer_ros/cartographer_ros/src/node.cpp:417:34:[m[K [01;31m[Kerror: [m[Kdefinition of â€˜[01m[Kvoid {anonymous}::Node::PublishConstraintList()[m[Kâ€™ is not in namespace enclosing â€˜[01m[K{anonymous}::Node[m[Kâ€™ [[01;31m[K-fpermissive[m[K]
[7.264s]   417 | void Node::PublishConstraintList([01;31m[K)[m[K {
[7.264s]       |                                  [01;31m[K^[m[K
[7.264s] [01m[K/home/rick/cartographer_ws/src/cartographer_ros/cartographer_ros/src/node.cpp:[m[K In member function â€˜[01m[Kvoid {anonymous}::Node::PublishConstraintList()[m[Kâ€™:
[7.264s] [01m[K/home/rick/cartographer_ws/src/cartographer_ros/cartographer_ros/src/node.cpp:420:60:[m[K [01;31m[Kerror: [m[Kbase operand of â€˜[01m[K->[m[Kâ€™ is not a pointer
[7.264s]   420 |     constraint_list_publisher_->publish(map_builder_bridge_[01;31m[K->[m[KGetConstraintList(node_->now()));
[7.264s]       |                                                            [01;31m[K^~[m[K
[7.266s] [01m[K/home/rick/cartographer_ws/src/cartographer_ros/cartographer_ros/src/node.cpp:[m[K At global scope:
[7.266s] [01m[K/home/rick/cartographer_ws/src/cartographer_ros/cartographer_ros/src/node.cpp:426:38:[m[K [01;31m[Kerror: [m[Kâ€˜[01m[KTrajectoryOptions[m[Kâ€™ does not name a type
[7.266s]   426 | Node::ComputeExpectedSensorIds(const [01;31m[KTrajectoryOptions[m[K& options) const {
[7.266s]       |                                      [01;31m[K^~~~~~~~~~~~~~~~~[m[K
[7.266s] [01m[K/home/rick/cartographer_ws/src/cartographer_ros/cartographer_ros/src/node.cpp:426:66:[m[K [01;31m[Kerror: [m[Kdefinition of â€˜[01m[Kstd::set<cartographer::mapping::TrajectoryBuilderInterface::SensorId> {anonymous}::Node::ComputeExpectedSensorIds(const int&) const[m[Kâ€™ is not in namespace enclosing â€˜[01m[K{anonymous}::Node[m[Kâ€™ [[01;31m[K-fpermissive[m[K]
[7.266s]   426 | Node::ComputeExpectedSensorIds(const TrajectoryOptions& options) [01;31m[Kconst[m[K {
[7.266s]       |                                                                  [01;31m[K^~~~~[m[K
[7.273s] [01m[K/home/rick/cartographer_ws/src/cartographer_ros/cartographer_ros/src/node.cpp:[m[K In member function â€˜[01m[Kstd::set<cartographer::mapping::TrajectoryBuilderInterface::SensorId> {anonymous}::Node::ComputeExpectedSensorIds(const int&) const[m[Kâ€™:
[7.274s] [01m[K/home/rick/cartographer_ws/src/cartographer_ros/cartographer_ros/src/node.cpp:453:34:[m[K [01;31m[Kerror: [m[Kâ€˜[01m[KkLaserScanTopic[m[Kâ€™ was not declared in this scope; did you mean â€˜[01m[Kcartographer_ros::kLaserScanTopic[m[Kâ€™?
[7.274s]   453 |        ComputeRepeatedTopicNames([01;31m[KkLaserScanTopic[m[K, options.num_laser_scans)) {
[7.274s]       |                                  [01;31m[K^~~~~~~~~~~~~~~[m[K
[7.274s]       |                                  [32m[Kcartographer_ros::kLaserScanTopic[m[K
[7.274s] In file included from [01m[K/home/rick/cartographer_ws/src/cartographer_ros/cartographer_ros/include/cartographer_ros/node.h:33[m[K,
[7.274s]                  from [01m[K/home/rick/cartographer_ws/src/cartographer_ros/cartographer_ros/src/node.cpp:17[m[K:
[7.274s] [01m[K/home/rick/cartographer_ws/src/cartographer_ros/cartographer_ros/include/cartographer_ros/node_constants.h:26:16:[m[K [01;36m[Knote: [m[Kâ€˜[01m[Kcartographer_ros::kLaserScanTopic[m[Kâ€™ declared here
[7.274s]    26 | constexpr char [01;36m[KkLaserScanTopic[m[K[] = "scan";
[7.274s]       |                [01;36m[K^~~~~~~~~~~~~~~[m[K
[7.274s] [01m[K/home/rick/cartographer_ws/src/cartographer_ros/cartographer_ros/src/node.cpp:453:59:[m[K [01;31m[Kerror: [m[Krequest for member â€˜[01m[Knum_laser_scans[m[Kâ€™ in â€˜[01m[Koptions[m[Kâ€™, which is of non-class type â€˜[01m[Kconst int[m[Kâ€™
[7.274s]   453 |        ComputeRepeatedTopicNames(kLaserScanTopic, options.[01;31m[Knum_laser_scans[m[K)) {
[7.274s]       |                                                           [01;31m[K^~~~~~~~~~~~~~~[m[K
[7.275s] [01m[K/home/rick/cartographer_ws/src/cartographer_ros/cartographer_ros/src/node.cpp:453:8:[m[K [01;31m[Kerror: [m[Kâ€˜[01m[KComputeRepeatedTopicNames[m[Kâ€™ was not declared in this scope; did you mean â€˜[01m[Kcartographer_ros::ComputeRepeatedTopicNames[m[Kâ€™?
[7.275s]   453 |        [01;31m[KComputeRepeatedTopicNames[m[K(kLaserScanTopic, options.num_laser_scans)) {
[7.275s]       |        [01;31m[K^~~~~~~~~~~~~~~~~~~~~~~~~[m[K
[7.275s]       |        [32m[Kcartographer_ros::ComputeRepeatedTopicNames[m[K
[7.275s] In file included from [01m[K/home/rick/cartographer_ws/src/cartographer_ros/cartographer_ros/include/cartographer_ros/node.h:33[m[K,
[7.275s]                  from [01m[K/home/rick/cartographer_ws/src/cartographer_ros/cartographer_ros/src/node.cpp:17[m[K:
[7.275s] [01m[K/home/rick/cartographer_ws/src/cartographer_ros/cartographer_ros/include/cartographer_ros/node_constants.h:54:26:[m[K [01;36m[Knote: [m[Kâ€˜[01m[Kcartographer_ros::ComputeRepeatedTopicNames[m[Kâ€™ declared here
[7.275s]    54 | std::vector<std::string> [01;36m[KComputeRepeatedTopicNames[m[K(const std::string& topic,
[7.275s]       |                          [01;36m[K^~~~~~~~~~~~~~~~~~~~~~~~~[m[K
[7.283s] [01m[K/home/rick/cartographer_ws/src/cartographer_ros/cartographer_ros/src/node.cpp:457:12:[m[K [01;31m[Kerror: [m[Kâ€˜[01m[KkMultiEchoLaserScanTopic[m[Kâ€™ was not declared in this scope; did you mean â€˜[01m[Kcartographer_ros::kMultiEchoLaserScanTopic[m[Kâ€™?
[7.283s]   457 |            [01;31m[KkMultiEchoLaserScanTopic[m[K, options.num_multi_echo_laser_scans)) {
[7.283s]       |            [01;31m[K^~~~~~~~~~~~~~~~~~~~~~~~[m[K
[7.283s]       |            [32m[Kcartographer_ros::kMultiEchoLaserScanTopic[m[K
[7.283s] In file included from [01m[K/home/rick/cartographer_ws/src/cartographer_ros/cartographer_ros/include/cartographer_ros/node.h:33[m[K,
[7.283s]                  from [01m[K/home/rick/cartographer_ws/src/cartographer_ros/cartographer_ros/src/node.cpp:17[m[K:
[7.283s] [01m[K/home/rick/cartographer_ws/src/cartographer_ros/cartographer_ros/include/cartographer_ros/node_constants.h:27:16:[m[K [01;36m[Knote: [m[Kâ€˜[01m[Kcartographer_ros::kMultiEchoLaserScanTopic[m[Kâ€™ declared here
[7.283s]    27 | constexpr char [01;36m[KkMultiEchoLaserScanTopic[m[K[] = "echoes";
[7.284s]       |                [01;36m[K^~~~~~~~~~~~~~~~~~~~~~~~[m[K
[7.284s] [01m[K/home/rick/cartographer_ws/src/cartographer_ros/cartographer_ros/src/node.cpp:457:46:[m[K [01;31m[Kerror: [m[Krequest for member â€˜[01m[Knum_multi_echo_laser_scans[m[Kâ€™ in â€˜[01m[Koptions[m[Kâ€™, which is of non-class type â€˜[01m[Kconst int[m[Kâ€™
[7.284s]   457 |            kMultiEchoLaserScanTopic, options.[01;31m[Knum_multi_echo_laser_scans[m[K)) {
[7.284s]       |                                              [01;31m[K^~~~~~~~~~~~~~~~~~~~~~~~~~[m[K
[7.285s] [01m[K/home/rick/cartographer_ws/src/cartographer_ros/cartographer_ros/src/node.cpp:456:35:[m[K [01;31m[Kerror: [m[Kâ€˜[01m[KComputeRepeatedTopicNames[m[Kâ€™ was not declared in this scope; did you mean â€˜[01m[Kcartographer_ros::ComputeRepeatedTopicNames[m[Kâ€™?
[7.285s]   456 |   for (const std::string& topic : [01;31m[KComputeRepeatedTopicNames[m[K(
[7.285s]       |                                   [01;31m[K^~~~~~~~~~~~~~~~~~~~~~~~~[m[K
[7.285s]       |                                   [32m[Kcartographer_ros::ComputeRepeatedTopicNames[m[K
[7.285s] In file included from [01m[K/home/rick/cartographer_ws/src/cartographer_ros/cartographer_ros/include/cartographer_ros/node.h:33[m[K,
[7.285s]                  from [01m[K/home/rick/cartographer_ws/src/cartographer_ros/cartographer_ros/src/node.cpp:17[m[K:
[7.285s] [01m[K/home/rick/cartographer_ws/src/cartographer_ros/cartographer_ros/include/cartographer_ros/node_constants.h:54:26:[m[K [01;36m[Knote: [m[Kâ€˜[01m[Kcartographer_ros::ComputeRepeatedTopicNames[m[Kâ€™ declared here
[7.285s]    54 | std::vector<std::string> [01;36m[KComputeRepeatedTopicNames[m[K(const std::string& topic,
[7.285s]       |                          [01;36m[K^~~~~~~~~~~~~~~~~~~~~~~~~[m[K
[7.286s] [01m[K/home/rick/cartographer_ws/src/cartographer_ros/cartographer_ros/src/node.cpp:461:34:[m[K [01;31m[Kerror: [m[Kâ€˜[01m[KkPointCloud2Topic[m[Kâ€™ was not declared in this scope; did you mean â€˜[01m[Kcartographer_ros::kPointCloud2Topic[m[Kâ€™?
[7.286s]   461 |        ComputeRepeatedTopicNames([01;31m[KkPointCloud2Topic[m[K, options.num_point_clouds)) {
[7.286s]       |                                  [01;31m[K^~~~~~~~~~~~~~~~~[m[K
[7.286s]       |                                  [32m[Kcartographer_ros::kPointCloud2Topic[m[K
[7.286s] In file included from [01m[K/home/rick/cartographer_ws/src/cartographer_ros/cartographer_ros/include/cartographer_ros/node.h:33[m[K,
[7.286s]                  from [01m[K/home/rick/cartographer_ws/src/cartographer_ros/cartographer_ros/src/node.cpp:17[m[K:
[7.286s] [01m[K/home/rick/cartographer_ws/src/cartographer_ros/cartographer_ros/include/cartographer_ros/node_constants.h:28:16:[m[K [01;36m[Knote: [m[Kâ€˜[01m[Kcartographer_ros::kPointCloud2Topic[m[Kâ€™ declared here
[7.287s]    28 | constexpr char [01;36m[KkPointCloud2Topic[m[K[] = "points2";
[7.287s]       |                [01;36m[K^~~~~~~~~~~~~~~~~[m[K
[7.287s] [01m[K/home/rick/cartographer_ws/src/cartographer_ros/cartographer_ros/src/node.cpp:461:61:[m[K [01;31m[Kerror: [m[Krequest for member â€˜[01m[Knum_point_clouds[m[Kâ€™ in â€˜[01m[Koptions[m[Kâ€™, which is of non-class type â€˜[01m[Kconst int[m[Kâ€™
[7.287s]   461 |        ComputeRepeatedTopicNames(kPointCloud2Topic, options.[01;31m[Knum_point_clouds[m[K)) {
[7.287s]       |                                                             [01;31m[K^~~~~~~~~~~~~~~~[m[K
[7.287s] [01m[K/home/rick/cartographer_ws/src/cartographer_ros/cartographer_ros/src/node.cpp:461:8:[m[K [01;31m[Kerror: [m[Kâ€˜[01m[KComputeRepeatedTopicNames[m[Kâ€™ was not declared in this scope; did you mean â€˜[01m[Kcartographer_ros::ComputeRepeatedTopicNames[m[Kâ€™?
[7.288s]   461 |        [01;31m[KComputeRepeatedTopicNames[m[K(kPointCloud2Topic, options.num_point_clouds)) {
[7.288s]       |        [01;31m[K^~~~~~~~~~~~~~~~~~~~~~~~~[m[K
[7.288s]       |        [32m[Kcartographer_ros::ComputeRepeatedTopicNames[m[K
[7.288s] In file included from [01m[K/home/rick/cartographer_ws/src/cartographer_ros/cartographer_ros/include/cartographer_ros/node.h:33[m[K,
[7.288s]                  from [01m[K/home/rick/cartographer_ws/src/cartographer_ros/cartographer_ros/src/node.cpp:17[m[K:
[7.288s] [01m[K/home/rick/cartographer_ws/src/cartographer_ros/cartographer_ros/include/cartographer_ros/node_constants.h:54:26:[m[K [01;36m[Knote: [m[Kâ€˜[01m[Kcartographer_ros::ComputeRepeatedTopicNames[m[Kâ€™ declared here
[7.288s]    54 | std::vector<std::string> [01;36m[KComputeRepeatedTopicNames[m[K(const std::string& topic,
[7.288s]       |                          [01;36m[K^~~~~~~~~~~~~~~~~~~~~~~~~[m[K
[7.294s] [01m[K/home/rick/cartographer_ws/src/cartographer_ros/cartographer_ros/src/node.cpp:469:7:[m[K [01;31m[Kerror: [m[Kâ€˜[01m[Knode_options_[m[Kâ€™ was not declared in this scope; did you mean â€˜[01m[KNodeOptions[m[Kâ€™?
[7.294s]   469 |   if ([01;31m[Knode_options_[m[K.map_builder_options.use_trajectory_builder_3d() ||
[7.294s]       |       [01;31m[K^~~~~~~~~~~~~[m[K
[7.294s]       |       [32m[KNodeOptions[m[K
[7.294s] [01m[K/home/rick/cartographer_ws/src/cartographer_ros/cartographer_ros/src/node.cpp:471:16:[m[K [01;31m[Kerror: [m[Krequest for member â€˜[01m[Ktrajectory_builder_options[m[Kâ€™ in â€˜[01m[Koptions[m[Kâ€™, which is of non-class type â€˜[01m[Kconst int[m[Kâ€™
[7.294s]   471 |        options.[01;31m[Ktrajectory_builder_options[m[K.trajectory_builder_2d_options()
[7.294s]       |                [01;31m[K^~~~~~~~~~~~~~~~~~~~~~~~~~[m[K
[7.295s] [01m[K/home/rick/cartographer_ws/src/cartographer_ros/cartographer_ros/src/node.cpp:474:54:[m[K [01;31m[Kerror: [m[Kâ€˜[01m[KkImuTopic[m[Kâ€™ was not declared in this scope; did you mean â€˜[01m[Kcartographer_ros::kImuTopic[m[Kâ€™?
[7.295s]   474 |     expected_topics.insert(SensorId{SensorType::IMU, [01;31m[KkImuTopic[m[K});
[7.295s]       |                                                      [01;31m[K^~~~~~~~~[m[K
[7.295s]       |                                                      [32m[Kcartographer_ros::kImuTopic[m[K
[7.295s] In file included from [01m[K/home/rick/cartographer_ws/src/cartographer_ros/cartographer_ros/include/cartographer_ros/node.h:33[m[K,
[7.295s]                  from [01m[K/home/rick/cartographer_ws/src/cartographer_ros/cartographer_ros/src/node.cpp:17[m[K:
[7.295s] [01m[K/home/rick/cartographer_ws/src/cartographer_ros/cartographer_ros/include/cartographer_ros/node_constants.h:29:16:[m[K [01;36m[Knote: [m[Kâ€˜[01m[Kcartographer_ros::kImuTopic[m[Kâ€™ declared here
[7.295s]    29 | constexpr char [01;36m[KkImuTopic[m[K[] = "imu";
[7.296s]       |                [01;36m[K^~~~~~~~~[m[K
[7.296s] [01m[K/home/rick/cartographer_ws/src/cartographer_ros/cartographer_ros/src/node.cpp:477:15:[m[K [01;31m[Kerror: [m[Krequest for member â€˜[01m[Kuse_odometry[m[Kâ€™ in â€˜[01m[Koptions[m[Kâ€™, which is of non-class type â€˜[01m[Kconst int[m[Kâ€™
[7.296s]   477 |   if (options.[01;31m[Kuse_odometry[m[K) {
[7.296s]       |               [01;31m[K^~~~~~~~~~~~[m[K
[7.296s] [01m[K/home/rick/cartographer_ws/src/cartographer_ros/cartographer_ros/src/node.cpp:478:59:[m[K [01;31m[Kerror: [m[Kâ€˜[01m[KkOdometryTopic[m[Kâ€™ was not declared in this scope; did you mean â€˜[01m[Kcartographer_ros::kOdometryTopic[m[Kâ€™?
[7.296s]   478 |     expected_topics.insert(SensorId{SensorType::ODOMETRY, [01;31m[KkOdometryTopic[m[K});
[7.297s]       |                                                           [01;31m[K^~~~~~~~~~~~~~[m[K
[7.297s]       |                                                           [32m[Kcartographer_ros::kOdometryTopic[m[K
[7.297s] In file included from [01m[K/home/rick/cartographer_ws/src/cartographer_ros/cartographer_ros/include/cartographer_ros/node.h:33[m[K,
[7.297s]                  from [01m[K/home/rick/cartographer_ws/src/cartographer_ros/cartographer_ros/src/node.cpp:17[m[K:
[7.297s] [01m[K/home/rick/cartographer_ws/src/cartographer_ros/cartographer_ros/include/cartographer_ros/node_constants.h:30:16:[m[K [01;36m[Knote: [m[Kâ€˜[01m[Kcartographer_ros::kOdometryTopic[m[Kâ€™ declared here
[7.297s]    30 | constexpr char [01;36m[KkOdometryTopic[m[K[] = "odom";
[7.297s]       |                [01;36m[K^~~~~~~~~~~~~~[m[K
[7.297s] [01m[K/home/rick/cartographer_ws/src/cartographer_ros/cartographer_ros/src/node.cpp:481:15:[m[K [01;31m[Kerror: [m[Krequest for member â€˜[01m[Kuse_nav_sat[m[Kâ€™ in â€˜[01m[Koptions[m[Kâ€™, which is of non-class type â€˜[01m[Kconst int[m[Kâ€™
[7.297s]   481 |   if (options.[01;31m[Kuse_nav_sat[m[K) {
[7.297s]       |               [01;31m[K^~~~~~~~~~~[m[K
[7.298s] [01m[K/home/rick/cartographer_ws/src/cartographer_ros/cartographer_ros/src/node.cpp:483:48:[m[K [01;31m[Kerror: [m[Kâ€˜[01m[KkNavSatFixTopic[m[Kâ€™ was not declared in this scope; did you mean â€˜[01m[Kcartographer_ros::kNavSatFixTopic[m[Kâ€™?
[7.298s]   483 |         SensorId{SensorType::FIXED_FRAME_POSE, [01;31m[KkNavSatFixTopic[m[K});
[7.298s]       |                                                [01;31m[K^~~~~~~~~~~~~~~[m[K
[7.298s]       |                                                [32m[Kcartographer_ros::kNavSatFixTopic[m[K
[7.298s] In file included from [01m[K/home/rick/cartographer_ws/src/cartographer_ros/cartographer_ros/include/cartographer_ros/node.h:33[m[K,
[7.298s]                  from [01m[K/home/rick/cartographer_ws/src/cartographer_ros/cartographer_ros/src/node.cpp:17[m[K:
[7.298s] [01m[K/home/rick/cartographer_ws/src/cartographer_ros/cartographer_ros/include/cartographer_ros/node_constants.h:31:16:[m[K [01;36m[Knote: [m[Kâ€˜[01m[Kcartographer_ros::kNavSatFixTopic[m[Kâ€™ declared here
[7.298s]    31 | constexpr char [01;36m[KkNavSatFixTopic[m[K[] = "fix";
[7.298s]       |                [01;36m[K^~~~~~~~~~~~~~~[m[K
[7.298s] [01m[K/home/rick/cartographer_ws/src/cartographer_ros/cartographer_ros/src/node.cpp:486:15:[m[K [01;31m[Kerror: [m[Krequest for member â€˜[01m[Kuse_landmarks[m[Kâ€™ in â€˜[01m[Koptions[m[Kâ€™, which is of non-class type â€˜[01m[Kconst int[m[Kâ€™
[7.298s]   486 |   if (options.[01;31m[Kuse_landmarks[m[K) {
[7.298s]       |               [01;31m[K^~~~~~~~~~~~~[m[K
[7.299s] [01m[K/home/rick/cartographer_ws/src/cartographer_ros/cartographer_ros/src/node.cpp:487:59:[m[K [01;31m[Kerror: [m[Kâ€˜[01m[KkLandmarkTopic[m[Kâ€™ was not declared in this scope; did you mean â€˜[01m[Kcartographer_ros::kLandmarkTopic[m[Kâ€™?
[7.299s]   487 |     expected_topics.insert(SensorId{SensorType::LANDMARK, [01;31m[KkLandmarkTopic[m[K});
[7.299s]       |                                                           [01;31m[K^~~~~~~~~~~~~~[m[K
[7.299s]       |                                                           [32m[Kcartographer_ros::kLandmarkTopic[m[K
[7.299s] In file included from [01m[K/home/rick/cartographer_ws/src/cartographer_ros/cartographer_ros/include/cartographer_ros/node.h:33[m[K,
[7.299s]                  from [01m[K/home/rick/cartographer_ws/src/cartographer_ros/cartographer_ros/src/node.cpp:17[m[K:
[7.299s] [01m[K/home/rick/cartographer_ws/src/cartographer_ros/cartographer_ros/include/cartographer_ros/node_constants.h:32:16:[m[K [01;36m[Knote: [m[Kâ€˜[01m[Kcartographer_ros::kLandmarkTopic[m[Kâ€™ declared here
[7.299s]    32 | constexpr char [01;36m[KkLandmarkTopic[m[K[] = "landmark";
[7.299s]       |                [01;36m[K^~~~~~~~~~~~~~[m[K
[7.303s] [01m[K/home/rick/cartographer_ws/src/cartographer_ros/cartographer_ros/src/node.cpp:[m[K At global scope:
[7.303s] [01m[K/home/rick/cartographer_ws/src/cartographer_ros/cartographer_ros/src/node.cpp:499:31:[m[K [01;31m[Kerror: [m[Kâ€˜[01m[KTrajectoryOptions[m[Kâ€™ does not name a type
[7.303s]   499 | int Node::AddTrajectory(const [01;31m[KTrajectoryOptions[m[K& options) {
[7.303s]       |                               [01;31m[K^~~~~~~~~~~~~~~~~[m[K
[7.303s] [01m[K/home/rick/cartographer_ws/src/cartographer_ros/cartographer_ros/src/node.cpp:499:57:[m[K [01;31m[Kerror: [m[Kdefinition of â€˜[01m[Kint {anonymous}::Node::AddTrajectory(const int&)[m[Kâ€™ is not in namespace enclosing â€˜[01m[K{anonymous}::Node[m[Kâ€™ [[01;31m[K-fpermissive[m[K]
[7.303s]   499 | int Node::AddTrajectory(const TrajectoryOptions& options[01;31m[K)[m[K {
[7.303s]       |                                                         [01;31m[K^[m[K
[7.303s] [01m[K/home/rick/cartographer_ws/src/cartographer_ros/cartographer_ros/src/node.cpp:[m[K In member function â€˜[01m[Kint {anonymous}::Node::AddTrajectory(const int&)[m[Kâ€™:
[7.303s] [01m[K/home/rick/cartographer_ws/src/cartographer_ros/cartographer_ros/src/node.cpp:505:26:[m[K [01;31m[Kerror: [m[Kbase operand of â€˜[01m[K->[m[Kâ€™ is not a pointer
[7.303s]   505 |       map_builder_bridge_[01;31m[K->[m[KAddTrajectory(expected_sensor_ids, options);
[7.303s]       |                          [01;31m[K^~[m[K
[7.304s] [01m[K/home/rick/cartographer_ws/src/cartographer_ros/cartographer_ros/src/node.cpp:516:35:[m[K [01;31m[Kerror: [m[Kâ€˜[01m[KkTopicMismatchCheckDelaySec[m[Kâ€™ was not declared in this scope; did you mean â€˜[01m[Kcartographer_ros::kTopicMismatchCheckDelaySec[m[Kâ€™?
[7.304s]   516 |     std::chrono::milliseconds(int([01;31m[KkTopicMismatchCheckDelaySec[m[K * 1000)),
[7.304s]       |                                   [01;31m[K^~~~~~~~~~~~~~~~~~~~~~~~~~~[m[K
[7.305s]       |                                   [32m[Kcartographer_ros::kTopicMismatchCheckDelaySec[m[K
[7.305s] In file included from [01m[K/home/rick/cartographer_ws/src/cartographer_ros/cartographer_ros/include/cartographer_ros/node.h:33[m[K,
[7.305s]                  from [01m[K/home/rick/cartographer_ws/src/cartographer_ros/cartographer_ros/src/node.cpp:17[m[K:
[7.305s] [01m[K/home/rick/cartographer_ws/src/cartographer_ros/cartographer_ros/include/cartographer_ros/node_constants.h:48:18:[m[K [01;36m[Knote: [m[Kâ€˜[01m[Kcartographer_ros::kTopicMismatchCheckDelaySec[m[Kâ€™ declared here
[7.305s]    48 | constexpr double [01;36m[KkTopicMismatchCheckDelaySec[m[K = 3.0;
[7.305s]       |                  [01;36m[K^~~~~~~~~~~~~~~~~~~~~~~~~~~[m[K
[7.305s] [01m[K/home/rick/cartographer_ws/src/cartographer_ros/cartographer_ros/src/node.cpp:517:12:[m[K [01;31m[Kerror: [m[Kdefinition of â€˜[01m[Kauto {anonymous}::Node::AddTrajectory(const int&)::<lambda>::operator()() const[m[Kâ€™ is not in namespace enclosing â€˜[01m[K{anonymous}::Node::AddTrajectory(const int&)::<lambda>[m[Kâ€™ [[01;31m[K-fpermissive[m[K]
[7.305s]   517 |     [this]([01;31m[K)[m[K {
[7.305s]       |            [01;31m[K^[m[K
[7.314s] [01m[K/home/rick/cartographer_ws/src/cartographer_ros/cartographer_ros/src/node.cpp:[m[K At global scope:
[7.314s] [01m[K/home/rick/cartographer_ws/src/cartographer_ros/cartographer_ros/src/node.cpp:526:36:[m[K [01;31m[Kerror: [m[Kâ€˜[01m[KTrajectoryOptions[m[Kâ€™ does not name a type
[7.314s]   526 | void Node::LaunchSubscribers(const [01;31m[KTrajectoryOptions[m[K& options,
[7.314s]       |                                    [01;31m[K^~~~~~~~~~~~~~~~~[m[K
[7.314s] [01m[K/home/rick/cartographer_ws/src/cartographer_ros/cartographer_ros/src/node.cpp:527:53:[m[K [01;31m[Kerror: [m[Kdefinition of â€˜[01m[Kvoid {anonymous}::Node::LaunchSubscribers(const int&, int)[m[Kâ€™ is not in namespace enclosing â€˜[01m[K{anonymous}::Node[m[Kâ€™ [[01;31m[K-fpermissive[m[K]
[7.314s]   527 |                              const int trajectory_id[01;31m[K)[m[K {
[7.314s]       |                                                     [01;31m[K^[m[K
[7.315s] [01m[K/home/rick/cartographer_ws/src/cartographer_ros/cartographer_ros/src/node.cpp:[m[K In member function â€˜[01m[Kvoid {anonymous}::Node::LaunchSubscribers(const int&, int)[m[Kâ€™:
[7.315s] [01m[K/home/rick/cartographer_ws/src/cartographer_ros/cartographer_ros/src/node.cpp:529:34:[m[K [01;31m[Kerror: [m[Kâ€˜[01m[KkLaserScanTopic[m[Kâ€™ was not declared in this scope; did you mean â€˜[01m[Kcartographer_ros::kLaserScanTopic[m[Kâ€™?
[7.315s]   529 |        ComputeRepeatedTopicNames([01;31m[KkLaserScanTopic[m[K, options.num_laser_scans)) {
[7.315s]       |                                  [01;31m[K^~~~~~~~~~~~~~~[m[K
[7.315s]       |                                  [32m[Kcartographer_ros::kLaserScanTopic[m[K
[7.315s] In file included from [01m[K/home/rick/cartographer_ws/src/cartographer_ros/cartographer_ros/include/cartographer_ros/node.h:33[m[K,
[7.315s]                  from [01m[K/home/rick/cartographer_ws/src/cartographer_ros/cartographer_ros/src/node.cpp:17[m[K:
[7.315s] [01m[K/home/rick/cartographer_ws/src/cartographer_ros/cartographer_ros/include/cartographer_ros/node_constants.h:26:16:[m[K [01;36m[Knote: [m[Kâ€˜[01m[Kcartographer_ros::kLaserScanTopic[m[Kâ€™ declared here
[7.315s]    26 | constexpr char [01;36m[KkLaserScanTopic[m[K[] = "scan";
[7.315s]       |                [01;36m[K^~~~~~~~~~~~~~~[m[K
[7.316s] [01m[K/home/rick/cartographer_ws/src/cartographer_ros/cartographer_ros/src/node.cpp:529:59:[m[K [01;31m[Kerror: [m[Krequest for member â€˜[01m[Knum_laser_scans[m[Kâ€™ in â€˜[01m[Koptions[m[Kâ€™, which is of non-class type â€˜[01m[Kconst int[m[Kâ€™
[7.316s]   529 |        ComputeRepeatedTopicNames(kLaserScanTopic, options.[01;31m[Knum_laser_scans[m[K)) {
[7.316s]       |                                                           [01;31m[K^~~~~~~~~~~~~~~[m[K
[7.316s] [01m[K/home/rick/cartographer_ws/src/cartographer_ros/cartographer_ros/src/node.cpp:529:8:[m[K [01;31m[Kerror: [m[Kâ€˜[01m[KComputeRepeatedTopicNames[m[Kâ€™ was not declared in this scope; did you mean â€˜[01m[Kcartographer_ros::ComputeRepeatedTopicNames[m[Kâ€™?
[7.316s]   529 |        [01;31m[KComputeRepeatedTopicNames[m[K(kLaserScanTopic, options.num_laser_scans)) {
[7.316s]       |        [01;31m[K^~~~~~~~~~~~~~~~~~~~~~~~~[m[K
[7.316s]       |        [32m[Kcartographer_ros::ComputeRepeatedTopicNames[m[K
[7.317s] In file included from [01m[K/home/rick/cartographer_ws/src/cartographer_ros/cartographer_ros/include/cartographer_ros/node.h:33[m[K,
[7.317s]                  from [01m[K/home/rick/cartographer_ws/src/cartographer_ros/cartographer_ros/src/node.cpp:17[m[K:
[7.317s] [01m[K/home/rick/cartographer_ws/src/cartographer_ros/cartographer_ros/include/cartographer_ros/node_constants.h:54:26:[m[K [01;36m[Knote: [m[Kâ€˜[01m[Kcartographer_ros::ComputeRepeatedTopicNames[m[Kâ€™ declared here
[7.317s]    54 | std::vector<std::string> [01;36m[KComputeRepeatedTopicNames[m[K(const std::string& topic,
[7.317s]       |                          [01;36m[K^~~~~~~~~~~~~~~~~~~~~~~~~[m[K
[7.318s] [01m[K/home/rick/cartographer_ws/src/cartographer_ros/cartographer_ros/src/node.cpp:531:10:[m[K [01;31m[Kerror: [m[Kâ€˜[01m[KSubscribeWithHandler[m[Kâ€™ was not declared in this scope; did you mean â€˜[01m[Kcartographer_ros::{anonymous}::SubscribeWithHandler[m[Kâ€™?
[7.318s]   531 |         {[01;31m[KSubscribeWithHandler[m[K<sensor_msgs::msg::LaserScan>(
[7.318s]       |          [01;31m[K^~~~~~~~~~~~~~~~~~~~[m[K
[7.318s]       |          [32m[Kcartographer_ros::{anonymous}::SubscribeWithHandler[m[K
[7.318s] [01m[K/home/rick/cartographer_ws/src/cartographer_ros/cartographer_ros/src/node.cpp:62:39:[m[K [01;36m[Knote: [m[Kâ€˜[01m[Kcartographer_ros::{anonymous}::SubscribeWithHandler[m[Kâ€™ declared here
[7.318s]    62 | ::rclcpp::SubscriptionBase::SharedPtr [01;36m[KSubscribeWithHandler[m[K(
[7.318s]       |                                       [01;36m[K^~~~~~~~~~~~~~~~~~~~[m[K
[7.318s] [01m[K/home/rick/cartographer_ws/src/cartographer_ros/cartographer_ros/src/node.cpp:531:58:[m[K [01;31m[Kerror: [m[Kexpected primary-expression before â€˜[01m[K>[m[Kâ€™ token
[7.318s]   531 |         {SubscribeWithHandler<sensor_msgs::msg::LaserScan[01;31m[K>[m[K(
[7.318s]       |                                                          [01;31m[K^[m[K
[7.318s] [01m[K/home/rick/cartographer_ws/src/cartographer_ros/cartographer_ros/src/node.cpp:532:45:[m[K [01;35m[Kwarning: [m[Kleft operand of comma operator has no effect [[01;35m[K-Wunused-value[m[K]
[7.318s]   532 |              &Node::HandleLaserScanMessage, [01;35m[Ktrajectory_id[m[K, topic, node_, this),
[7.318s]       |                                             [01;35m[K^~~~~~~~~~~~~[m[K
[7.318s] [01m[K/home/rick/cartographer_ws/src/cartographer_ros/cartographer_ros/src/node.cpp:532:60:[m[K [01;35m[Kwarning: [m[Kright operand of comma operator has no effect [[01;35m[K-Wunused-value[m[K]
[7.318s]   532 |              &Node::HandleLaserScanMessage, trajectory_id, [01;35m[Ktopic[m[K, node_, this),
[7.318s]       |                                                            [01;35m[K^~~~~[m[K
[7.318s] [01m[K/home/rick/cartographer_ws/src/cartographer_ros/cartographer_ros/src/node.cpp:532:60:[m[K [01;35m[Kwarning: [m[Kright operand of comma operator has no effect [[01;35m[K-Wunused-value[m[K]
[7.318s] [01m[K/home/rick/cartographer_ws/src/cartographer_ros/cartographer_ros/src/node.cpp:532:67:[m[K [01;35m[Kwarning: [m[Kright operand of comma operator has no effect [[01;35m[K-Wunused-value[m[K]
[7.319s]   532 |              &Node::HandleLaserScanMessage, trajectory_id, topic, [01;35m[Knode_[m[K, this),
[7.319s]       |                                                                   [01;35m[K^~~~~[m[K
[7.319s] [01m[K/home/rick/cartographer_ws/src/cartographer_ros/cartographer_ros/src/node.cpp:533:16:[m[K [01;31m[Kerror: [m[Kno matching function for call to â€˜[01m[Kstd::vector<{anonymous}::Node::Subscriber>::push_back(<brace-enclosed initializer list>)[m[Kâ€™
[7.319s]   533 |          topic}[01;31m[K)[m[K;
[7.319s]       |                [01;31m[K^[m[K
[7.319s] In file included from [01m[K/usr/include/c++/9/vector:67[m[K,
[7.319s]                  from [01m[K/home/rick/cartographer_ws/src/cartographer_ros/cartographer_ros/include/cartographer_ros/node.h:25[m[K,
[7.319s]                  from [01m[K/home/rick/cartographer_ws/src/cartographer_ros/cartographer_ros/src/node.cpp:17[m[K:
[7.319s] [01m[K/usr/include/c++/9/bits/stl_vector.h:1184:7:[m[K [01;36m[Knote: [m[Kcandidate: â€˜[01m[Kvoid std::vector<_Tp, _Alloc>::push_back(const value_type&) [with _Tp = {anonymous}::Node::Subscriber; _Alloc = std::allocator<{anonymous}::Node::Subscriber>; std::vector<_Tp, _Alloc>::value_type = {anonymous}::Node::Subscriber][m[Kâ€™
[7.319s]  1184 |       [01;36m[Kpush_back[m[K(const value_type& __x)
[7.319s]       |       [01;36m[K^~~~~~~~~[m[K
[7.319s] [01m[K/usr/include/c++/9/bits/stl_vector.h:1184:35:[m[K [01;36m[Knote: [m[K  no known conversion for argument 1 from â€˜[01m[K<brace-enclosed initializer list>[m[Kâ€™ to â€˜[01m[Kconst value_type&[m[Kâ€™ {aka â€˜[01m[Kconst {anonymous}::Node::Subscriber&[m[Kâ€™}
[7.319s]  1184 |       push_back([01;36m[Kconst value_type& __x[m[K)
[7.319s]       |                 [01;36m[K~~~~~~~~~~~~~~~~~~^~~[m[K
[7.319s] [01m[K/usr/include/c++/9/bits/stl_vector.h:1200:7:[m[K [01;36m[Knote: [m[Kcandidate: â€˜[01m[Kvoid std::vector<_Tp, _Alloc>::push_back(std::vector<_Tp, _Alloc>::value_type&&) [with _Tp = {anonymous}::Node::Subscriber; _Alloc = std::allocator<{anonymous}::Node::Subscriber>; std::vector<_Tp, _Alloc>::value_type = {anonymous}::Node::Subscriber][m[Kâ€™
[7.319s]  1200 |       [01;36m[Kpush_back[m[K(value_type&& __x)
[7.319s]       |       [01;36m[K^~~~~~~~~[m[K
[7.319s] [01m[K/usr/include/c++/9/bits/stl_vector.h:1200:30:[m[K [01;36m[Knote: [m[K  no known conversion for argument 1 from â€˜[01m[K<brace-enclosed initializer list>[m[Kâ€™ to â€˜[01m[Kstd::vector<{anonymous}::Node::Subscriber>::value_type&&[m[Kâ€™ {aka â€˜[01m[K{anonymous}::Node::Subscriber&&[m[Kâ€™}
[7.319s]  1200 |       push_back([01;36m[Kvalue_type&& __x[m[K)
[7.319s]       |                 [01;36m[K~~~~~~~~~~~~~^~~[m[K
[7.320s] [01m[K/home/rick/cartographer_ws/src/cartographer_ros/cartographer_ros/src/node.cpp:536:12:[m[K [01;31m[Kerror: [m[Kâ€˜[01m[KkMultiEchoLaserScanTopic[m[Kâ€™ was not declared in this scope; did you mean â€˜[01m[Kcartographer_ros::kMultiEchoLaserScanTopic[m[Kâ€™?
[7.320s]   536 |            [01;31m[KkMultiEchoLaserScanTopic[m[K, options.num_multi_echo_laser_scans)) {
[7.320s]       |            [01;31m[K^~~~~~~~~~~~~~~~~~~~~~~~[m[K
[7.320s]       |            [32m[Kcartographer_ros::kMultiEchoLaserScanTopic[m[K
[7.320s] In file included from [01m[K/home/rick/cartographer_ws/src/cartographer_ros/cartographer_ros/include/cartographer_ros/node.h:33[m[K,
[7.320s]                  from [01m[K/home/rick/cartographer_ws/src/cartographer_ros/cartographer_ros/src/node.cpp:17[m[K:
[7.320s] [01m[K/home/rick/cartographer_ws/src/cartographer_ros/cartographer_ros/include/cartographer_ros/node_constants.h:27:16:[m[K [01;36m[Knote: [m[Kâ€˜[01m[Kcartographer_ros::kMultiEchoLaserScanTopic[m[Kâ€™ declared here
[7.320s]    27 | constexpr char [01;36m[KkMultiEchoLaserScanTopic[m[K[] = "echoes";
[7.320s]       |                [01;36m[K^~~~~~~~~~~~~~~~~~~~~~~~[m[K
[7.320s] [01m[K/home/rick/cartographer_ws/src/cartographer_ros/cartographer_ros/src/node.cpp:536:46:[m[K [01;31m[Kerror: [m[Krequest for member â€˜[01m[Knum_multi_echo_laser_scans[m[Kâ€™ in â€˜[01m[Koptions[m[Kâ€™, which is of non-class type â€˜[01m[Kconst int[m[Kâ€™
[7.320s]   536 |            kMultiEchoLaserScanTopic, options.[01;31m[Knum_multi_echo_laser_scans[m[K)) {
[7.320s]       |                                              [01;31m[K^~~~~~~~~~~~~~~~~~~~~~~~~~[m[K
[7.320s] [01m[K/home/rick/cartographer_ws/src/cartographer_ros/cartographer_ros/src/node.cpp:535:35:[m[K [01;31m[Kerror: [m[Kâ€˜[01m[KComputeRepeatedTopicNames[m[Kâ€™ was not declared in this scope; did you mean â€˜[01m[Kcartographer_ros::ComputeRepeatedTopicNames[m[Kâ€™?
[7.320s]   535 |   for (const std::string& topic : [01;31m[KComputeRepeatedTopicNames[m[K(
[7.320s]       |                                   [01;31m[K^~~~~~~~~~~~~~~~~~~~~~~~~[m[K
[7.320s]       |                                   [32m[Kcartographer_ros::ComputeRepeatedTopicNames[m[K
[7.321s] In file included from [01m[K/home/rick/cartographer_ws/src/cartographer_ros/cartographer_ros/include/cartographer_ros/node.h:33[m[K,
[7.321s]                  from [01m[K/home/rick/cartographer_ws/src/cartographer_ros/cartographer_ros/src/node.cpp:17[m[K:
[7.321s] [01m[K/home/rick/cartographer_ws/src/cartographer_ros/cartographer_ros/include/cartographer_ros/node_constants.h:54:26:[m[K [01;36m[Knote: [m[Kâ€˜[01m[Kcartographer_ros::ComputeRepeatedTopicNames[m[Kâ€™ declared here
[7.321s]    54 | std::vector<std::string> [01;36m[KComputeRepeatedTopicNames[m[K(const std::string& topic,
[7.321s]       |                          [01;36m[K^~~~~~~~~~~~~~~~~~~~~~~~~[m[K
[7.322s] [01m[K/home/rick/cartographer_ws/src/cartographer_ros/cartographer_ros/src/node.cpp:538:10:[m[K [01;31m[Kerror: [m[Kâ€˜[01m[KSubscribeWithHandler[m[Kâ€™ was not declared in this scope; did you mean â€˜[01m[Kcartographer_ros::{anonymous}::SubscribeWithHandler[m[Kâ€™?
[7.322s]   538 |         {[01;31m[KSubscribeWithHandler[m[K<sensor_msgs::msg::MultiEchoLaserScan>(
[7.322s]       |          [01;31m[K^~~~~~~~~~~~~~~~~~~~[m[K
[7.322s]       |          [32m[Kcartographer_ros::{anonymous}::SubscribeWithHandler[m[K
[7.322s] [01m[K/home/rick/cartographer_ws/src/cartographer_ros/cartographer_ros/src/node.cpp:62:39:[m[K [01;36m[Knote: [m[Kâ€˜[01m[Kcartographer_ros::{anonymous}::SubscribeWithHandler[m[Kâ€™ declared here
[7.322s]    62 | ::rclcpp::SubscriptionBase::SharedPtr [01;36m[KSubscribeWithHandler[m[K(
[7.322s]       |                                       [01;36m[K^~~~~~~~~~~~~~~~~~~~[m[K
[7.322s] [01m[K/home/rick/cartographer_ws/src/cartographer_ros/cartographer_ros/src/node.cpp:538:67:[m[K [01;31m[Kerror: [m[Kexpected primary-expression before â€˜[01m[K>[m[Kâ€™ token
[7.322s]   538 |         {SubscribeWithHandler<sensor_msgs::msg::MultiEchoLaserScan[01;31m[K>[m[K(
[7.322s]       |                                                                   [01;31m[K^[m[K
[7.322s] [01m[K/home/rick/cartographer_ws/src/cartographer_ros/cartographer_ros/src/node.cpp:539:54:[m[K [01;35m[Kwarning: [m[Kleft operand of comma operator has no effect [[01;35m[K-Wunused-value[m[K]
[7.322s]   539 |              &Node::HandleMultiEchoLaserScanMessage, [01;35m[Ktrajectory_id[m[K, topic, node_, this),
[7.322s]       |                                                      [01;35m[K^~~~~~~~~~~~~[m[K
[7.322s] [01m[K/home/rick/cartographer_ws/src/cartographer_ros/cartographer_ros/src/node.cpp:539:69:[m[K [01;35m[Kwarning: [m[Kright operand of comma operator has no effect [[01;35m[K-Wunused-value[m[K]
[7.322s]   539 |              &Node::HandleMultiEchoLaserScanMessage, trajectory_id, [01;35m[Ktopic[m[K, node_, this),
[7.322s]       |                                                                     [01;35m[K^~~~~[m[K
[7.322s] [01m[K/home/rick/cartographer_ws/src/cartographer_ros/cartographer_ros/src/node.cpp:539:69:[m[K [01;35m[Kwarning: [m[Kright operand of comma operator has no effect [[01;35m[K-Wunused-value[m[K]
[7.322s] [01m[K/home/rick/cartographer_ws/src/cartographer_ros/cartographer_ros/src/node.cpp:539:76:[m[K [01;35m[Kwarning: [m[Kright operand of comma operator has no effect [[01;35m[K-Wunused-value[m[K]
[7.322s]   539 |              &Node::HandleMultiEchoLaserScanMessage, trajectory_id, topic, [01;35m[Knode_[m[K, this),
[7.323s]       |                                                                            [01;35m[K^~~~~[m[K
[7.323s] [01m[K/home/rick/cartographer_ws/src/cartographer_ros/cartographer_ros/src/node.cpp:540:16:[m[K [01;31m[Kerror: [m[Kno matching function for call to â€˜[01m[Kstd::vector<{anonymous}::Node::Subscriber>::push_back(<brace-enclosed initializer list>)[m[Kâ€™
[7.323s]   540 |          topic}[01;31m[K)[m[K;
[7.323s]       |                [01;31m[K^[m[K
[7.323s] In file included from [01m[K/usr/include/c++/9/vector:67[m[K,
[7.323s]                  from [01m[K/home/rick/cartographer_ws/src/cartographer_ros/cartographer_ros/include/cartographer_ros/node.h:25[m[K,
[7.323s]                  from [01m[K/home/rick/cartographer_ws/src/cartographer_ros/cartographer_ros/src/node.cpp:17[m[K:
[7.323s] [01m[K/usr/include/c++/9/bits/stl_vector.h:1184:7:[m[K [01;36m[Knote: [m[Kcandidate: â€˜[01m[Kvoid std::vector<_Tp, _Alloc>::push_back(const value_type&) [with _Tp = {anonymous}::Node::Subscriber; _Alloc = std::allocator<{anonymous}::Node::Subscriber>; std::vector<_Tp, _Alloc>::value_type = {anonymous}::Node::Subscriber][m[Kâ€™
[7.323s]  1184 |       [01;36m[Kpush_back[m[K(const value_type& __x)
[7.323s]       |       [01;36m[K^~~~~~~~~[m[K
[7.323s] [01m[K/usr/include/c++/9/bits/stl_vector.h:1184:35:[m[K [01;36m[Knote: [m[K  no known conversion for argument 1 from â€˜[01m[K<brace-enclosed initializer list>[m[Kâ€™ to â€˜[01m[Kconst value_type&[m[Kâ€™ {aka â€˜[01m[Kconst {anonymous}::Node::Subscriber&[m[Kâ€™}
[7.323s]  1184 |       push_back([01;36m[Kconst value_type& __x[m[K)
[7.323s]       |                 [01;36m[K~~~~~~~~~~~~~~~~~~^~~[m[K
[7.323s] [01m[K/usr/include/c++/9/bits/stl_vector.h:1200:7:[m[K [01;36m[Knote: [m[Kcandidate: â€˜[01m[Kvoid std::vector<_Tp, _Alloc>::push_back(std::vector<_Tp, _Alloc>::value_type&&) [with _Tp = {anonymous}::Node::Subscriber; _Alloc = std::allocator<{anonymous}::Node::Subscriber>; std::vector<_Tp, _Alloc>::value_type = {anonymous}::Node::Subscriber][m[Kâ€™
[7.323s]  1200 |       [01;36m[Kpush_back[m[K(value_type&& __x)
[7.323s]       |       [01;36m[K^~~~~~~~~[m[K
[7.323s] [01m[K/usr/include/c++/9/bits/stl_vector.h:1200:30:[m[K [01;36m[Knote: [m[K  no known conversion for argument 1 from â€˜[01m[K<brace-enclosed initializer list>[m[Kâ€™ to â€˜[01m[Kstd::vector<{anonymous}::Node::Subscriber>::value_type&&[m[Kâ€™ {aka â€˜[01m[K{anonymous}::Node::Subscriber&&[m[Kâ€™}
[7.323s]  1200 |       push_back([01;36m[Kvalue_type&& __x[m[K)
[7.323s]       |                 [01;36m[K~~~~~~~~~~~~~^~~[m[K
[7.323s] [01m[K/home/rick/cartographer_ws/src/cartographer_ros/cartographer_ros/src/node.cpp:543:34:[m[K [01;31m[Kerror: [m[Kâ€˜[01m[KkPointCloud2Topic[m[Kâ€™ was not declared in this scope; did you mean â€˜[01m[Kcartographer_ros::kPointCloud2Topic[m[Kâ€™?
[7.323s]   543 |        ComputeRepeatedTopicNames([01;31m[KkPointCloud2Topic[m[K, options.num_point_clouds)) {
[7.324s]       |                                  [01;31m[K^~~~~~~~~~~~~~~~~[m[K
[7.324s]       |                                  [32m[Kcartographer_ros::kPointCloud2Topic[m[K
[7.324s] In file included from [01m[K/home/rick/cartographer_ws/src/cartographer_ros/cartographer_ros/include/cartographer_ros/node.h:33[m[K,
[7.324s]                  from [01m[K/home/rick/cartographer_ws/src/cartographer_ros/cartographer_ros/src/node.cpp:17[m[K:
[7.324s] [01m[K/home/rick/cartographer_ws/src/cartographer_ros/cartographer_ros/include/cartographer_ros/node_constants.h:28:16:[m[K [01;36m[Knote: [m[Kâ€˜[01m[Kcartographer_ros::kPointCloud2Topic[m[Kâ€™ declared here
[7.324s]    28 | constexpr char [01;36m[KkPointCloud2Topic[m[K[] = "points2";
[7.324s]       |                [01;36m[K^~~~~~~~~~~~~~~~~[m[K
[7.324s] [01m[K/home/rick/cartographer_ws/src/cartographer_ros/cartographer_ros/src/node.cpp:543:61:[m[K [01;31m[Kerror: [m[Krequest for member â€˜[01m[Knum_point_clouds[m[Kâ€™ in â€˜[01m[Koptions[m[Kâ€™, which is of non-class type â€˜[01m[Kconst int[m[Kâ€™
[7.324s]   543 |        ComputeRepeatedTopicNames(kPointCloud2Topic, options.[01;31m[Knum_point_clouds[m[K)) {
[7.324s]       |                                                             [01;31m[K^~~~~~~~~~~~~~~~[m[K
[7.324s] [01m[K/home/rick/cartographer_ws/src/cartographer_ros/cartographer_ros/src/node.cpp:543:8:[m[K [01;31m[Kerror: [m[Kâ€˜[01m[KComputeRepeatedTopicNames[m[Kâ€™ was not declared in this scope; did you mean â€˜[01m[Kcartographer_ros::ComputeRepeatedTopicNames[m[Kâ€™?
[7.324s]   543 |        [01;31m[KComputeRepeatedTopicNames[m[K(kPointCloud2Topic, options.num_point_clouds)) {
[7.324s]       |        [01;31m[K^~~~~~~~~~~~~~~~~~~~~~~~~[m[K
[7.324s]       |        [32m[Kcartographer_ros::ComputeRepeatedTopicNames[m[K
[7.324s] In file included from [01m[K/home/rick/cartographer_ws/src/cartographer_ros/cartographer_ros/include/cartographer_ros/node.h:33[m[K,
[7.324s]                  from [01m[K/home/rick/cartographer_ws/src/cartographer_ros/cartographer_ros/src/node.cpp:17[m[K:
[7.324s] [01m[K/home/rick/cartographer_ws/src/cartographer_ros/cartographer_ros/include/cartographer_ros/node_constants.h:54:26:[m[K [01;36m[Knote: [m[Kâ€˜[01m[Kcartographer_ros::ComputeRepeatedTopicNames[m[Kâ€™ declared here
[7.324s]    54 | std::vector<std::string> [01;36m[KComputeRepeatedTopicNames[m[K(const std::string& topic,
[7.324s]       |                          [01;36m[K^~~~~~~~~~~~~~~~~~~~~~~~~[m[K
[7.325s] [01m[K/home/rick/cartographer_ws/src/cartographer_ros/cartographer_ros/src/node.cpp:545:10:[m[K [01;31m[Kerror: [m[Kâ€˜[01m[KSubscribeWithHandler[m[Kâ€™ was not declared in this scope; did you mean â€˜[01m[Kcartographer_ros::{anonymous}::SubscribeWithHandler[m[Kâ€™?
[7.325s]   545 |         {[01;31m[KSubscribeWithHandler[m[K<sensor_msgs::msg::PointCloud2>(
[7.325s]       |          [01;31m[K^~~~~~~~~~~~~~~~~~~~[m[K
[7.325s]       |          [32m[Kcartographer_ros::{anonymous}::SubscribeWithHandler[m[K
[7.325s] [01m[K/home/rick/cartographer_ws/src/cartographer_ros/cartographer_ros/src/node.cpp:62:39:[m[K [01;36m[Knote: [m[Kâ€˜[01m[Kcartographer_ros::{anonymous}::SubscribeWithHandler[m[Kâ€™ declared here
[7.325s]    62 | ::rclcpp::SubscriptionBase::SharedPtr [01;36m[KSubscribeWithHandler[m[K(
[7.325s]       |                                       [01;36m[K^~~~~~~~~~~~~~~~~~~~[m[K
[7.325s] [01m[K/home/rick/cartographer_ws/src/cartographer_ros/cartographer_ros/src/node.cpp:545:60:[m[K [01;31m[Kerror: [m[Kexpected primary-expression before â€˜[01m[K>[m[Kâ€™ token
[7.325s]   545 |         {SubscribeWithHandler<sensor_msgs::msg::PointCloud2[01;31m[K>[m[K(
[7.325s]       |                                                            [01;31m[K^[m[K
[7.326s] [01m[K/home/rick/cartographer_ws/src/cartographer_ros/cartographer_ros/src/node.cpp:546:47:[m[K [01;35m[Kwarning: [m[Kleft operand of comma operator has no effect [[01;35m[K-Wunused-value[m[K]
[7.326s]   546 |              &Node::HandlePointCloud2Message, [01;35m[Ktrajectory_id[m[K, topic, node_, this),
[7.326s]       |                                               [01;35m[K^~~~~~~~~~~~~[m[K
[7.326s] [01m[K/home/rick/cartographer_ws/src/cartographer_ros/cartographer_ros/src/node.cpp:546:62:[m[K [01;35m[Kwarning: [m[Kright operand of comma operator has no effect [[01;35m[K-Wunused-value[m[K]
[7.326s]   546 |              &Node::HandlePointCloud2Message, trajectory_id, [01;35m[Ktopic[m[K, node_, this),
[7.326s]       |                                                              [01;35m[K^~~~~[m[K
[7.326s] [01m[K/home/rick/cartographer_ws/src/cartographer_ros/cartographer_ros/src/node.cpp:546:62:[m[K [01;35m[Kwarning: [m[Kright operand of comma operator has no effect [[01;35m[K-Wunused-value[m[K]
[7.326s] [01m[K/home/rick/cartographer_ws/src/cartographer_ros/cartographer_ros/src/node.cpp:546:69:[m[K [01;35m[Kwarning: [m[Kright operand of comma operator has no effect [[01;35m[K-Wunused-value[m[K]
[7.326s]   546 |              &Node::HandlePointCloud2Message, trajectory_id, topic, [01;35m[Knode_[m[K, this),
[7.326s]       |                                                                     [01;35m[K^~~~~[m[K
[7.326s] [01m[K/home/rick/cartographer_ws/src/cartographer_ros/cartographer_ros/src/node.cpp:547:16:[m[K [01;31m[Kerror: [m[Kno matching function for call to â€˜[01m[Kstd::vector<{anonymous}::Node::Subscriber>::push_back(<brace-enclosed initializer list>)[m[Kâ€™
[7.326s]   547 |          topic}[01;31m[K)[m[K;
[7.326s]       |                [01;31m[K^[m[K
[7.326s] In file included from [01m[K/usr/include/c++/9/vector:67[m[K,
[7.326s]                  from [01m[K/home/rick/cartographer_ws/src/cartographer_ros/cartographer_ros/include/cartographer_ros/node.h:25[m[K,
[7.326s]                  from [01m[K/home/rick/cartographer_ws/src/cartographer_ros/cartographer_ros/src/node.cpp:17[m[K:
[7.326s] [01m[K/usr/include/c++/9/bits/stl_vector.h:1184:7:[m[K [01;36m[Knote: [m[Kcandidate: â€˜[01m[Kvoid std::vector<_Tp, _Alloc>::push_back(const value_type&) [with _Tp = {anonymous}::Node::Subscriber; _Alloc = std::allocator<{anonymous}::Node::Subscriber>; std::vector<_Tp, _Alloc>::value_type = {anonymous}::Node::Subscriber][m[Kâ€™
[7.326s]  1184 |       [01;36m[Kpush_back[m[K(const value_type& __x)
[7.326s]       |       [01;36m[K^~~~~~~~~[m[K
[7.326s] [01m[K/usr/include/c++/9/bits/stl_vector.h:1184:35:[m[K [01;36m[Knote: [m[K  no known conversion for argument 1 from â€˜[01m[K<brace-enclosed initializer list>[m[Kâ€™ to â€˜[01m[Kconst value_type&[m[Kâ€™ {aka â€˜[01m[Kconst {anonymous}::Node::Subscriber&[m[Kâ€™}
[7.327s]  1184 |       push_back([01;36m[Kconst value_type& __x[m[K)
[7.327s]       |                 [01;36m[K~~~~~~~~~~~~~~~~~~^~~[m[K
[7.327s] [01m[K/usr/include/c++/9/bits/stl_vector.h:1200:7:[m[K [01;36m[Knote: [m[Kcandidate: â€˜[01m[Kvoid std::vector<_Tp, _Alloc>::push_back(std::vector<_Tp, _Alloc>::value_type&&) [with _Tp = {anonymous}::Node::Subscriber; _Alloc = std::allocator<{anonymous}::Node::Subscriber>; std::vector<_Tp, _Alloc>::value_type = {anonymous}::Node::Subscriber][m[Kâ€™
[7.327s]  1200 |       [01;36m[Kpush_back[m[K(value_type&& __x)
[7.327s]       |       [01;36m[K^~~~~~~~~[m[K
[7.327s] [01m[K/usr/include/c++/9/bits/stl_vector.h:1200:30:[m[K [01;36m[Knote: [m[K  no known conversion for argument 1 from â€˜[01m[K<brace-enclosed initializer list>[m[Kâ€™ to â€˜[01m[Kstd::vector<{anonymous}::Node::Subscriber>::value_type&&[m[Kâ€™ {aka â€˜[01m[K{anonymous}::Node::Subscriber&&[m[Kâ€™}
[7.327s]  1200 |       push_back([01;36m[Kvalue_type&& __x[m[K)
[7.327s]       |                 [01;36m[K~~~~~~~~~~~~~^~~[m[K
[7.331s] [01m[K/home/rick/cartographer_ws/src/cartographer_ros/cartographer_ros/src/node.cpp:552:7:[m[K [01;31m[Kerror: [m[Kâ€˜[01m[Knode_options_[m[Kâ€™ was not declared in this scope; did you mean â€˜[01m[KNodeOptions[m[Kâ€™?
[7.331s]   552 |   if ([01;31m[Knode_options_[m[K.map_builder_options.use_trajectory_builder_3d() ||
[7.331s]       |       [01;31m[K^~~~~~~~~~~~~[m[K
[7.331s]       |       [32m[KNodeOptions[m[K
[7.331s] [01m[K/home/rick/cartographer_ws/src/cartographer_ros/cartographer_ros/src/node.cpp:554:16:[m[K [01;31m[Kerror: [m[Krequest for member â€˜[01m[Ktrajectory_builder_options[m[Kâ€™ in â€˜[01m[Koptions[m[Kâ€™, which is of non-class type â€˜[01m[Kconst int[m[Kâ€™
[7.331s]   554 |        options.[01;31m[Ktrajectory_builder_options[m[K.trajectory_builder_2d_options()
[7.331s]       |                [01;31m[K^~~~~~~~~~~~~~~~~~~~~~~~~~[m[K
[7.333s] [01m[K/home/rick/cartographer_ws/src/cartographer_ros/cartographer_ros/src/node.cpp:557:10:[m[K [01;31m[Kerror: [m[Kâ€˜[01m[KSubscribeWithHandler[m[Kâ€™ was not declared in this scope; did you mean â€˜[01m[Kcartographer_ros::{anonymous}::SubscribeWithHandler[m[Kâ€™?
[7.333s]   557 |         {[01;31m[KSubscribeWithHandler[m[K<sensor_msgs::msg::Imu>(&Node::HandleImuMessage,
[7.333s]       |          [01;31m[K^~~~~~~~~~~~~~~~~~~~[m[K
[7.333s]       |          [32m[Kcartographer_ros::{anonymous}::SubscribeWithHandler[m[K
[7.333s] [01m[K/home/rick/cartographer_ws/src/cartographer_ros/cartographer_ros/src/node.cpp:62:39:[m[K [01;36m[Knote: [m[Kâ€˜[01m[Kcartographer_ros::{anonymous}::SubscribeWithHandler[m[Kâ€™ declared here
[7.333s]    62 | ::rclcpp::SubscriptionBase::SharedPtr [01;36m[KSubscribeWithHandler[m[K(
[7.333s]       |                                       [01;36m[K^~~~~~~~~~~~~~~~~~~~[m[K
[7.333s] [01m[K/home/rick/cartographer_ws/src/cartographer_ros/cartographer_ros/src/node.cpp:557:52:[m[K [01;31m[Kerror: [m[Kexpected primary-expression before â€˜[01m[K>[m[Kâ€™ token
[7.333s]   557 |         {SubscribeWithHandler<sensor_msgs::msg::Imu[01;31m[K>[m[K(&Node::HandleImuMessage,
[7.333s]       |                                                    [01;31m[K^[m[K
[7.333s] [01m[K/home/rick/cartographer_ws/src/cartographer_ros/cartographer_ros/src/node.cpp:558:49:[m[K [01;35m[Kwarning: [m[Kleft operand of comma operator has no effect [[01;35m[K-Wunused-value[m[K]
[7.333s]   558 |                                                 [01;35m[Ktrajectory_id[m[K, kImuTopic,
[7.333s]       |                                                 [01;35m[K^~~~~~~~~~~~~[m[K
[7.334s] [01m[K/home/rick/cartographer_ws/src/cartographer_ros/cartographer_ros/src/node.cpp:558:64:[m[K [01;31m[Kerror: [m[Kâ€˜[01m[KkImuTopic[m[Kâ€™ was not declared in this scope; did you mean â€˜[01m[Kcartographer_ros::kImuTopic[m[Kâ€™?
[7.334s]   558 |                                                 trajectory_id, [01;31m[KkImuTopic[m[K,
[7.334s]       |                                                                [01;31m[K^~~~~~~~~[m[K
[7.334s]       |                                                                [32m[Kcartographer_ros::kImuTopic[m[K
[7.334s] In file included from [01m[K/home/rick/cartographer_ws/src/cartographer_ros/cartographer_ros/include/cartographer_ros/node.h:33[m[K,
[7.334s]                  from [01m[K/home/rick/cartographer_ws/src/cartographer_ros/cartographer_ros/src/node.cpp:17[m[K:
[7.334s] [01m[K/home/rick/cartographer_ws/src/cartographer_ros/cartographer_ros/include/cartographer_ros/node_constants.h:29:16:[m[K [01;36m[Knote: [m[Kâ€˜[01m[Kcartographer_ros::kImuTopic[m[Kâ€™ declared here
[7.334s]    29 | constexpr char [01;36m[KkImuTopic[m[K[] = "imu";
[7.334s]       |                [01;36m[K^~~~~~~~~[m[K
[7.335s] [01m[K/home/rick/cartographer_ws/src/cartographer_ros/cartographer_ros/src/node.cpp:560:20:[m[K [01;31m[Kerror: [m[Kno matching function for call to â€˜[01m[Kstd::vector<{anonymous}::Node::Subscriber>::push_back(<brace-enclosed initializer list>)[m[Kâ€™
[7.335s]   560 |          kImuTopic}[01;31m[K)[m[K;
[7.335s]       |                    [01;31m[K^[m[K
[7.335s] In file included from [01m[K/usr/include/c++/9/vector:67[m[K,
[7.335s]                  from [01m[K/home/rick/cartographer_ws/src/cartographer_ros/cartographer_ros/include/cartographer_ros/node.h:25[m[K,
[7.335s]                  from [01m[K/home/rick/cartographer_ws/src/cartographer_ros/cartographer_ros/src/node.cpp:17[m[K:
[7.335s] [01m[K/usr/include/c++/9/bits/stl_vector.h:1184:7:[m[K [01;36m[Knote: [m[Kcandidate: â€˜[01m[Kvoid std::vector<_Tp, _Alloc>::push_back(const value_type&) [with _Tp = {anonymous}::Node::Subscriber; _Alloc = std::allocator<{anonymous}::Node::Subscriber>; std::vector<_Tp, _Alloc>::value_type = {anonymous}::Node::Subscriber][m[Kâ€™
[7.335s]  1184 |       [01;36m[Kpush_back[m[K(const value_type& __x)
[7.335s]       |       [01;36m[K^~~~~~~~~[m[K
[7.335s] [01m[K/usr/include/c++/9/bits/stl_vector.h:1184:35:[m[K [01;36m[Knote: [m[K  no known conversion for argument 1 from â€˜[01m[K<brace-enclosed initializer list>[m[Kâ€™ to â€˜[01m[Kconst value_type&[m[Kâ€™ {aka â€˜[01m[Kconst {anonymous}::Node::Subscriber&[m[Kâ€™}
[7.335s]  1184 |       push_back([01;36m[Kconst value_type& __x[m[K)
[7.335s]       |                 [01;36m[K~~~~~~~~~~~~~~~~~~^~~[m[K
[7.335s] [01m[K/usr/include/c++/9/bits/stl_vector.h:1200:7:[m[K [01;36m[Knote: [m[Kcandidate: â€˜[01m[Kvoid std::vector<_Tp, _Alloc>::push_back(std::vector<_Tp, _Alloc>::value_type&&) [with _Tp = {anonymous}::Node::Subscriber; _Alloc = std::allocator<{anonymous}::Node::Subscriber>; std::vector<_Tp, _Alloc>::value_type = {anonymous}::Node::Subscriber][m[Kâ€™
[7.335s]  1200 |       [01;36m[Kpush_back[m[K(value_type&& __x)
[7.335s]       |       [01;36m[K^~~~~~~~~[m[K
[7.335s] [01m[K/usr/include/c++/9/bits/stl_vector.h:1200:30:[m[K [01;36m[Knote: [m[K  no known conversion for argument 1 from â€˜[01m[K<brace-enclosed initializer list>[m[Kâ€™ to â€˜[01m[Kstd::vector<{anonymous}::Node::Subscriber>::value_type&&[m[Kâ€™ {aka â€˜[01m[K{anonymous}::Node::Subscriber&&[m[Kâ€™}
[7.335s]  1200 |       push_back([01;36m[Kvalue_type&& __x[m[K)
[7.335s]       |                 [01;36m[K~~~~~~~~~~~~~^~~[m[K
[7.335s] [01m[K/home/rick/cartographer_ws/src/cartographer_ros/cartographer_ros/src/node.cpp:563:15:[m[K [01;31m[Kerror: [m[Krequest for member â€˜[01m[Kuse_odometry[m[Kâ€™ in â€˜[01m[Koptions[m[Kâ€™, which is of non-class type â€˜[01m[Kconst int[m[Kâ€™
[7.335s]   563 |   if (options.[01;31m[Kuse_odometry[m[K) {
[7.336s]       |               [01;31m[K^~~~~~~~~~~~[m[K
[7.336s] [01m[K/home/rick/cartographer_ws/src/cartographer_ros/cartographer_ros/src/node.cpp:565:10:[m[K [01;31m[Kerror: [m[Kâ€˜[01m[KSubscribeWithHandler[m[Kâ€™ was not declared in this scope; did you mean â€˜[01m[Kcartographer_ros::{anonymous}::SubscribeWithHandler[m[Kâ€™?
[7.336s]   565 |         {[01;31m[KSubscribeWithHandler[m[K<nav_msgs::msg::Odometry>(&Node::HandleOdometryMessage,
[7.336s]       |          [01;31m[K^~~~~~~~~~~~~~~~~~~~[m[K
[7.336s]       |          [32m[Kcartographer_ros::{anonymous}::SubscribeWithHandler[m[K
[7.336s] [01m[K/home/rick/cartographer_ws/src/cartographer_ros/cartographer_ros/src/node.cpp:62:39:[m[K [01;36m[Knote: [m[Kâ€˜[01m[Kcartographer_ros::{anonymous}::SubscribeWithHandler[m[Kâ€™ declared here
[7.336s]    62 | ::rclcpp::SubscriptionBase::SharedPtr [01;36m[KSubscribeWithHandler[m[K(
[7.336s]       |                                       [01;36m[K^~~~~~~~~~~~~~~~~~~~[m[K
[7.336s] [01m[K/home/rick/cartographer_ws/src/cartographer_ros/cartographer_ros/src/node.cpp:565:54:[m[K [01;31m[Kerror: [m[Kexpected primary-expression before â€˜[01m[K>[m[Kâ€™ token
[7.336s]   565 |         {SubscribeWithHandler<nav_msgs::msg::Odometry[01;31m[K>[m[K(&Node::HandleOdometryMessage,
[7.336s]       |                                                      [01;31m[K^[m[K
[7.336s] [01m[K/home/rick/cartographer_ws/src/cartographer_ros/cartographer_ros/src/node.cpp:566:51:[m[K [01;35m[Kwarning: [m[Kleft operand of comma operator has no effect [[01;35m[K-Wunused-value[m[K]
[7.336s]   566 |                                                   [01;35m[Ktrajectory_id[m[K, kOdometryTopic,
[7.336s]       |                                                   [01;35m[K^~~~~~~~~~~~~[m[K
[7.337s] [01m[K/home/rick/cartographer_ws/src/cartographer_ros/cartographer_ros/src/node.cpp:566:66:[m[K [01;31m[Kerror: [m[Kâ€˜[01m[KkOdometryTopic[m[Kâ€™ was not declared in this scope; did you mean â€˜[01m[Kcartographer_ros::kOdometryTopic[m[Kâ€™?
[7.337s]   566 |                                                   trajectory_id, [01;31m[KkOdometryTopic[m[K,
[7.337s]       |                                                                  [01;31m[K^~~~~~~~~~~~~~[m[K
[7.337s]       |                                                                  [32m[Kcartographer_ros::kOdometryTopic[m[K
[7.337s] In file included from [01m[K/home/rick/cartographer_ws/src/cartographer_ros/cartographer_ros/include/cartographer_ros/node.h:33[m[K,
[7.337s]                  from [01m[K/home/rick/cartographer_ws/src/cartographer_ros/cartographer_ros/src/node.cpp:17[m[K:
[7.337s] [01m[K/home/rick/cartographer_ws/src/cartographer_ros/cartographer_ros/include/cartographer_ros/node_constants.h:30:16:[m[K [01;36m[Knote: [m[Kâ€˜[01m[Kcartographer_ros::kOdometryTopic[m[Kâ€™ declared here
[7.337s]    30 | constexpr char [01;36m[KkOdometryTopic[m[K[] = "odom";
[7.337s]       |                [01;36m[K^~~~~~~~~~~~~~[m[K
[7.337s] [01m[K/home/rick/cartographer_ws/src/cartographer_ros/cartographer_ros/src/node.cpp:568:25:[m[K [01;31m[Kerror: [m[Kno matching function for call to â€˜[01m[Kstd::vector<{anonymous}::Node::Subscriber>::push_back(<brace-enclosed initializer list>)[m[Kâ€™
[7.337s]   568 |          kOdometryTopic}[01;31m[K)[m[K;
[7.337s]       |                         [01;31m[K^[m[K
[7.337s] In file included from [01m[K/usr/include/c++/9/vector:67[m[K,
[7.337s]                  from [01m[K/home/rick/cartographer_ws/src/cartographer_ros/cartographer_ros/include/cartographer_ros/node.h:25[m[K,
[7.337s]                  from [01m[K/home/rick/cartographer_ws/src/cartographer_ros/cartographer_ros/src/node.cpp:17[m[K:
[7.337s] [01m[K/usr/include/c++/9/bits/stl_vector.h:1184:7:[m[K [01;36m[Knote: [m[Kcandidate: â€˜[01m[Kvoid std::vector<_Tp, _Alloc>::push_back(const value_type&) [with _Tp = {anonymous}::Node::Subscriber; _Alloc = std::allocator<{anonymous}::Node::Subscriber>; std::vector<_Tp, _Alloc>::value_type = {anonymous}::Node::Subscriber][m[Kâ€™
[7.337s]  1184 |       [01;36m[Kpush_back[m[K(const value_type& __x)
[7.337s]       |       [01;36m[K^~~~~~~~~[m[K
[7.337s] [01m[K/usr/include/c++/9/bits/stl_vector.h:1184:35:[m[K [01;36m[Knote: [m[K  no known conversion for argument 1 from â€˜[01m[K<brace-enclosed initializer list>[m[Kâ€™ to â€˜[01m[Kconst value_type&[m[Kâ€™ {aka â€˜[01m[Kconst {anonymous}::Node::Subscriber&[m[Kâ€™}
[7.338s]  1184 |       push_back([01;36m[Kconst value_type& __x[m[K)
[7.338s]       |                 [01;36m[K~~~~~~~~~~~~~~~~~~^~~[m[K
[7.338s] [01m[K/usr/include/c++/9/bits/stl_vector.h:1200:7:[m[K [01;36m[Knote: [m[Kcandidate: â€˜[01m[Kvoid std::vector<_Tp, _Alloc>::push_back(std::vector<_Tp, _Alloc>::value_type&&) [with _Tp = {anonymous}::Node::Subscriber; _Alloc = std::allocator<{anonymous}::Node::Subscriber>; std::vector<_Tp, _Alloc>::value_type = {anonymous}::Node::Subscriber][m[Kâ€™
[7.338s]  1200 |       [01;36m[Kpush_back[m[K(value_type&& __x)
[7.338s]       |       [01;36m[K^~~~~~~~~[m[K
[7.338s] [01m[K/usr/include/c++/9/bits/stl_vector.h:1200:30:[m[K [01;36m[Knote: [m[K  no known conversion for argument 1 from â€˜[01m[K<brace-enclosed initializer list>[m[Kâ€™ to â€˜[01m[Kstd::vector<{anonymous}::Node::Subscriber>::value_type&&[m[Kâ€™ {aka â€˜[01m[K{anonymous}::Node::Subscriber&&[m[Kâ€™}
[7.338s]  1200 |       push_back([01;36m[Kvalue_type&& __x[m[K)
[7.338s]       |                 [01;36m[K~~~~~~~~~~~~~^~~[m[K
[7.338s] [01m[K/home/rick/cartographer_ws/src/cartographer_ros/cartographer_ros/src/node.cpp:570:15:[m[K [01;31m[Kerror: [m[Krequest for member â€˜[01m[Kuse_nav_sat[m[Kâ€™ in â€˜[01m[Koptions[m[Kâ€™, which is of non-class type â€˜[01m[Kconst int[m[Kâ€™
[7.338s]   570 |   if (options.[01;31m[Kuse_nav_sat[m[K) {
[7.338s]       |               [01;31m[K^~~~~~~~~~~[m[K
[7.338s] [01m[K/home/rick/cartographer_ws/src/cartographer_ros/cartographer_ros/src/node.cpp:572:10:[m[K [01;31m[Kerror: [m[Kâ€˜[01m[KSubscribeWithHandler[m[Kâ€™ was not declared in this scope; did you mean â€˜[01m[Kcartographer_ros::{anonymous}::SubscribeWithHandler[m[Kâ€™?
[7.338s]   572 |         {[01;31m[KSubscribeWithHandler[m[K<sensor_msgs::msg::NavSatFix>(
[7.338s]       |          [01;31m[K^~~~~~~~~~~~~~~~~~~~[m[K
[7.338s]       |          [32m[Kcartographer_ros::{anonymous}::SubscribeWithHandler[m[K
[7.338s] [01m[K/home/rick/cartographer_ws/src/cartographer_ros/cartographer_ros/src/node.cpp:62:39:[m[K [01;36m[Knote: [m[Kâ€˜[01m[Kcartographer_ros::{anonymous}::SubscribeWithHandler[m[Kâ€™ declared here
[7.338s]    62 | ::rclcpp::SubscriptionBase::SharedPtr [01;36m[KSubscribeWithHandler[m[K(
[7.338s]       |                                       [01;36m[K^~~~~~~~~~~~~~~~~~~~[m[K
[7.338s] [01m[K/home/rick/cartographer_ws/src/cartographer_ros/cartographer_ros/src/node.cpp:572:58:[m[K [01;31m[Kerror: [m[Kexpected primary-expression before â€˜[01m[K>[m[Kâ€™ token
[7.338s]   572 |         {SubscribeWithHandler<sensor_msgs::msg::NavSatFix[01;31m[K>[m[K(
[7.339s]       |                                                          [01;31m[K^[m[K
[7.339s] [01m[K/home/rick/cartographer_ws/src/cartographer_ros/cartographer_ros/src/node.cpp:573:45:[m[K [01;35m[Kwarning: [m[Kleft operand of comma operator has no effect [[01;35m[K-Wunused-value[m[K]
[7.339s]   573 |              &Node::HandleNavSatFixMessage, [01;35m[Ktrajectory_id[m[K, kNavSatFixTopic,
[7.339s]       |                                             [01;35m[K^~~~~~~~~~~~~[m[K
[7.339s] [01m[K/home/rick/cartographer_ws/src/cartographer_ros/cartographer_ros/src/node.cpp:573:60:[m[K [01;31m[Kerror: [m[Kâ€˜[01m[KkNavSatFixTopic[m[Kâ€™ was not declared in this scope; did you mean â€˜[01m[Kcartographer_ros::kNavSatFixTopic[m[Kâ€™?
[7.339s]   573 |              &Node::HandleNavSatFixMessage, trajectory_id, [01;31m[KkNavSatFixTopic[m[K,
[7.339s]       |                                                            [01;31m[K^~~~~~~~~~~~~~~[m[K
[7.339s]       |                                                            [32m[Kcartographer_ros::kNavSatFixTopic[m[K
[7.339s] In file included from [01m[K/home/rick/cartographer_ws/src/cartographer_ros/cartographer_ros/include/cartographer_ros/node.h:33[m[K,
[7.340s]                  from [01m[K/home/rick/cartographer_ws/src/cartographer_ros/cartographer_ros/src/node.cpp:17[m[K:
[7.340s] [01m[K/home/rick/cartographer_ws/src/cartographer_ros/cartographer_ros/include/cartographer_ros/node_constants.h:31:16:[m[K [01;36m[Knote: [m[Kâ€˜[01m[Kcartographer_ros::kNavSatFixTopic[m[Kâ€™ declared here
[7.340s]    31 | constexpr char [01;36m[KkNavSatFixTopic[m[K[] = "fix";
[7.340s]       |                [01;36m[K^~~~~~~~~~~~~~~[m[K
[7.340s] [01m[K/home/rick/cartographer_ws/src/cartographer_ros/cartographer_ros/src/node.cpp:575:26:[m[K [01;31m[Kerror: [m[Kno matching function for call to â€˜[01m[Kstd::vector<{anonymous}::Node::Subscriber>::push_back(<brace-enclosed initializer list>)[m[Kâ€™
[7.340s]   575 |          kNavSatFixTopic}[01;31m[K)[m[K;
[7.340s]       |                          [01;31m[K^[m[K
[7.340s] In file included from [01m[K/usr/include/c++/9/vector:67[m[K,
[7.340s]                  from [01m[K/home/rick/cartographer_ws/src/cartographer_ros/cartographer_ros/include/cartographer_ros/node.h:25[m[K,
[7.340s]                  from [01m[K/home/rick/cartographer_ws/src/cartographer_ros/cartographer_ros/src/node.cpp:17[m[K:
[7.340s] [01m[K/usr/include/c++/9/bits/stl_vector.h:1184:7:[m[K [01;36m[Knote: [m[Kcandidate: â€˜[01m[Kvoid std::vector<_Tp, _Alloc>::push_back(const value_type&) [with _Tp = {anonymous}::Node::Subscriber; _Alloc = std::allocator<{anonymous}::Node::Subscriber>; std::vector<_Tp, _Alloc>::value_type = {anonymous}::Node::Subscriber][m[Kâ€™
[7.340s]  1184 |       [01;36m[Kpush_back[m[K(const value_type& __x)
[7.340s]       |       [01;36m[K^~~~~~~~~[m[K
[7.340s] [01m[K/usr/include/c++/9/bits/stl_vector.h:1184:35:[m[K [01;36m[Knote: [m[K  no known conversion for argument 1 from â€˜[01m[K<brace-enclosed initializer list>[m[Kâ€™ to â€˜[01m[Kconst value_type&[m[Kâ€™ {aka â€˜[01m[Kconst {anonymous}::Node::Subscriber&[m[Kâ€™}
[7.340s]  1184 |       push_back([01;36m[Kconst value_type& __x[m[K)
[7.340s]       |                 [01;36m[K~~~~~~~~~~~~~~~~~~^~~[m[K
[7.340s] [01m[K/usr/include/c++/9/bits/stl_vector.h:1200:7:[m[K [01;36m[Knote: [m[Kcandidate: â€˜[01m[Kvoid std::vector<_Tp, _Alloc>::push_back(std::vector<_Tp, _Alloc>::value_type&&) [with _Tp = {anonymous}::Node::Subscriber; _Alloc = std::allocator<{anonymous}::Node::Subscriber>; std::vector<_Tp, _Alloc>::value_type = {anonymous}::Node::Subscriber][m[Kâ€™
[7.340s]  1200 |       [01;36m[Kpush_back[m[K(value_type&& __x)
[7.340s]       |       [01;36m[K^~~~~~~~~[m[K
[7.340s] [01m[K/usr/include/c++/9/bits/stl_vector.h:1200:30:[m[K [01;36m[Knote: [m[K  no known conversion for argument 1 from â€˜[01m[K<brace-enclosed initializer list>[m[Kâ€™ to â€˜[01m[Kstd::vector<{anonymous}::Node::Subscriber>::value_type&&[m[Kâ€™ {aka â€˜[01m[K{anonymous}::Node::Subscriber&&[m[Kâ€™}
[7.340s]  1200 |       push_back([01;36m[Kvalue_type&& __x[m[K)
[7.341s]       |                 [01;36m[K~~~~~~~~~~~~~^~~[m[K
[7.341s] [01m[K/home/rick/cartographer_ws/src/cartographer_ros/cartographer_ros/src/node.cpp:577:15:[m[K [01;31m[Kerror: [m[Krequest for member â€˜[01m[Kuse_landmarks[m[Kâ€™ in â€˜[01m[Koptions[m[Kâ€™, which is of non-class type â€˜[01m[Kconst int[m[Kâ€™
[7.341s]   577 |   if (options.[01;31m[Kuse_landmarks[m[K) {
[7.341s]       |               [01;31m[K^~~~~~~~~~~~~[m[K
[7.341s] [01m[K/home/rick/cartographer_ws/src/cartographer_ros/cartographer_ros/src/node.cpp:579:10:[m[K [01;31m[Kerror: [m[Kâ€˜[01m[KSubscribeWithHandler[m[Kâ€™ was not declared in this scope; did you mean â€˜[01m[Kcartographer_ros::{anonymous}::SubscribeWithHandler[m[Kâ€™?
[7.341s]   579 |         {[01;31m[KSubscribeWithHandler[m[K<cartographer_ros_msgs::msg::LandmarkList>(
[7.341s]       |          [01;31m[K^~~~~~~~~~~~~~~~~~~~[m[K
[7.341s]       |          [32m[Kcartographer_ros::{anonymous}::SubscribeWithHandler[m[K
[7.341s] [01m[K/home/rick/cartographer_ws/src/cartographer_ros/cartographer_ros/src/node.cpp:62:39:[m[K [01;36m[Knote: [m[Kâ€˜[01m[Kcartographer_ros::{anonymous}::SubscribeWithHandler[m[Kâ€™ declared here
[7.341s]    62 | ::rclcpp::SubscriptionBase::SharedPtr [01;36m[KSubscribeWithHandler[m[K(
[7.341s]       |                                       [01;36m[K^~~~~~~~~~~~~~~~~~~~[m[K
[7.341s] [01m[K/home/rick/cartographer_ws/src/cartographer_ros/cartographer_ros/src/node.cpp:579:71:[m[K [01;31m[Kerror: [m[Kexpected primary-expression before â€˜[01m[K>[m[Kâ€™ token
[7.341s]   579 |         {SubscribeWithHandler<cartographer_ros_msgs::msg::LandmarkList[01;31m[K>[m[K(
[7.341s]       |                                                                       [01;31m[K^[m[K
[7.341s] [01m[K/home/rick/cartographer_ws/src/cartographer_ros/cartographer_ros/src/node.cpp:580:44:[m[K [01;35m[Kwarning: [m[Kleft operand of comma operator has no effect [[01;35m[K-Wunused-value[m[K]
[7.341s]   580 |              &Node::HandleLandmarkMessage, [01;35m[Ktrajectory_id[m[K, kLandmarkTopic,
[7.341s]       |                                            [01;35m[K^~~~~~~~~~~~~[m[K
[7.342s] [01m[K/home/rick/cartographer_ws/src/cartographer_ros/cartographer_ros/src/node.cpp:580:59:[m[K [01;31m[Kerror: [m[Kâ€˜[01m[KkLandmarkTopic[m[Kâ€™ was not declared in this scope; did you mean â€˜[01m[Kcartographer_ros::kLandmarkTopic[m[Kâ€™?
[7.342s]   580 |              &Node::HandleLandmarkMessage, trajectory_id, [01;31m[KkLandmarkTopic[m[K,
[7.342s]       |                                                           [01;31m[K^~~~~~~~~~~~~~[m[K
[7.342s]       |                                                           [32m[Kcartographer_ros::kLandmarkTopic[m[K
[7.342s] In file included from [01m[K/home/rick/cartographer_ws/src/cartographer_ros/cartographer_ros/include/cartographer_ros/node.h:33[m[K,
[7.342s]                  from [01m[K/home/rick/cartographer_ws/src/cartographer_ros/cartographer_ros/src/node.cpp:17[m[K:
[7.342s] [01m[K/home/rick/cartographer_ws/src/cartographer_ros/cartographer_ros/include/cartographer_ros/node_constants.h:32:16:[m[K [01;36m[Knote: [m[Kâ€˜[01m[Kcartographer_ros::kLandmarkTopic[m[Kâ€™ declared here
[7.342s]    32 | constexpr char [01;36m[KkLandmarkTopic[m[K[] = "landmark";
[7.342s]       |                [01;36m[K^~~~~~~~~~~~~~[m[K
[7.342s] [01m[K/home/rick/cartographer_ws/src/cartographer_ros/cartographer_ros/src/node.cpp:582:25:[m[K [01;31m[Kerror: [m[Kno matching function for call to â€˜[01m[Kstd::vector<{anonymous}::Node::Subscriber>::push_back(<brace-enclosed initializer list>)[m[Kâ€™
[7.342s]   582 |          kLandmarkTopic}[01;31m[K)[m[K;
[7.342s]       |                         [01;31m[K^[m[K
[7.343s] In file included from [01m[K/usr/include/c++/9/vector:67[m[K,
[7.343s]                  from [01m[K/home/rick/cartographer_ws/src/cartographer_ros/cartographer_ros/include/cartographer_ros/node.h:25[m[K,
[7.343s]                  from [01m[K/home/rick/cartographer_ws/src/cartographer_ros/cartographer_ros/src/node.cpp:17[m[K:
[7.343s] [01m[K/usr/include/c++/9/bits/stl_vector.h:1184:7:[m[K [01;36m[Knote: [m[Kcandidate: â€˜[01m[Kvoid std::vector<_Tp, _Alloc>::push_back(const value_type&) [with _Tp = {anonymous}::Node::Subscriber; _Alloc = std::allocator<{anonymous}::Node::Subscriber>; std::vector<_Tp, _Alloc>::value_type = {anonymous}::Node::Subscriber][m[Kâ€™
[7.343s]  1184 |       [01;36m[Kpush_back[m[K(const value_type& __x)
[7.343s]       |       [01;36m[K^~~~~~~~~[m[K
[7.343s] [01m[K/usr/include/c++/9/bits/stl_vector.h:1184:35:[m[K [01;36m[Knote: [m[K  no known conversion for argument 1 from â€˜[01m[K<brace-enclosed initializer list>[m[Kâ€™ to â€˜[01m[Kconst value_type&[m[Kâ€™ {aka â€˜[01m[Kconst {anonymous}::Node::Subscriber&[m[Kâ€™}
[7.343s]  1184 |       push_back([01;36m[Kconst value_type& __x[m[K)
[7.343s]       |                 [01;36m[K~~~~~~~~~~~~~~~~~~^~~[m[K
[7.343s] [01m[K/usr/include/c++/9/bits/stl_vector.h:1200:7:[m[K [01;36m[Knote: [m[Kcandidate: â€˜[01m[Kvoid std::vector<_Tp, _Alloc>::push_back(std::vector<_Tp, _Alloc>::value_type&&) [with _Tp = {anonymous}::Node::Subscriber; _Alloc = std::allocator<{anonymous}::Node::Subscriber>; std::vector<_Tp, _Alloc>::value_type = {anonymous}::Node::Subscriber][m[Kâ€™
[7.343s]  1200 |       [01;36m[Kpush_back[m[K(value_type&& __x)
[7.343s]       |       [01;36m[K^~~~~~~~~[m[K
[7.343s] [01m[K/usr/include/c++/9/bits/stl_vector.h:1200:30:[m[K [01;36m[Knote: [m[K  no known conversion for argument 1 from â€˜[01m[K<brace-enclosed initializer list>[m[Kâ€™ to â€˜[01m[Kstd::vector<{anonymous}::Node::Subscriber>::value_type&&[m[Kâ€™ {aka â€˜[01m[K{anonymous}::Node::Subscriber&&[m[Kâ€™}
[7.343s]  1200 |       push_back([01;36m[Kvalue_type&& __x[m[K)
[7.343s]       |                 [01;36m[K~~~~~~~~~~~~~^~~[m[K
[7.345s] [01m[K/home/rick/cartographer_ws/src/cartographer_ros/cartographer_ros/src/node.cpp:[m[K At global scope:
[7.345s] [01m[K/home/rick/cartographer_ws/src/cartographer_ros/cartographer_ros/src/node.cpp:587:44:[m[K [01;31m[Kerror: [m[Kâ€˜[01m[KTrajectoryOptions[m[Kâ€™ does not name a type
[7.345s]   587 | bool Node::ValidateTrajectoryOptions(const [01;31m[KTrajectoryOptions[m[K& options) {
[7.345s]       |                                            [01;31m[K^~~~~~~~~~~~~~~~~[m[K
[7.345s] [01m[K/home/rick/cartographer_ws/src/cartographer_ros/cartographer_ros/src/node.cpp:587:70:[m[K [01;31m[Kerror: [m[Kdefinition of â€˜[01m[Kbool {anonymous}::Node::ValidateTrajectoryOptions(const int&)[m[Kâ€™ is not in namespace enclosing â€˜[01m[K{anonymous}::Node[m[Kâ€™ [[01;31m[K-fpermissive[m[K]
[7.345s]   587 | bool Node::ValidateTrajectoryOptions(const TrajectoryOptions& options[01;31m[K)[m[K {
[7.345s]       |                                                                      [01;31m[K^[m[K
[7.351s] [01m[K/home/rick/cartographer_ws/src/cartographer_ros/cartographer_ros/src/node.cpp:[m[K In member function â€˜[01m[Kbool {anonymous}::Node::ValidateTrajectoryOptions(const int&)[m[Kâ€™:
[7.351s] [01m[K/home/rick/cartographer_ws/src/cartographer_ros/cartographer_ros/src/node.cpp:588:7:[m[K [01;31m[Kerror: [m[Kâ€˜[01m[Knode_options_[m[Kâ€™ was not declared in this scope; did you mean â€˜[01m[KNodeOptions[m[Kâ€™?
[7.351s]   588 |   if ([01;31m[Knode_options_[m[K.map_builder_options.use_trajectory_builder_2d()) {
[7.351s]       |       [01;31m[K^~~~~~~~~~~~~[m[K
[7.351s]       |       [32m[KNodeOptions[m[K
[7.351s] [01m[K/home/rick/cartographer_ws/src/cartographer_ros/cartographer_ros/src/node.cpp:589:20:[m[K [01;31m[Kerror: [m[Krequest for member â€˜[01m[Ktrajectory_builder_options[m[Kâ€™ in â€˜[01m[Koptions[m[Kâ€™, which is of non-class type â€˜[01m[Kconst int[m[Kâ€™
[7.351s]   589 |     return options.[01;31m[Ktrajectory_builder_options[m[K
[7.351s]       |                    [01;31m[K^~~~~~~~~~~~~~~~~~~~~~~~~~[m[K
[7.357s] [01m[K/home/rick/cartographer_ws/src/cartographer_ros/cartographer_ros/src/node.cpp:592:7:[m[K [01;31m[Kerror: [m[Kâ€˜[01m[Knode_options_[m[Kâ€™ was not declared in this scope; did you mean â€˜[01m[KNodeOptions[m[Kâ€™?
[7.357s]   592 |   if ([01;31m[Knode_options_[m[K.map_builder_options.use_trajectory_builder_3d()) {
[7.357s]       |       [01;31m[K^~~~~~~~~~~~~[m[K
[7.357s]       |       [32m[KNodeOptions[m[K
[7.357s] [01m[K/home/rick/cartographer_ws/src/cartographer_ros/cartographer_ros/src/node.cpp:593:20:[m[K [01;31m[Kerror: [m[Krequest for member â€˜[01m[Ktrajectory_builder_options[m[Kâ€™ in â€˜[01m[Koptions[m[Kâ€™, which is of non-class type â€˜[01m[Kconst int[m[Kâ€™
[7.357s]   593 |     return options.[01;31m[Ktrajectory_builder_options[m[K
[7.357s]       |                    [01;31m[K^~~~~~~~~~~~~~~~~~~~~~~~~~[m[K
[7.359s] [01m[K/home/rick/cartographer_ws/src/cartographer_ros/cartographer_ros/src/node.cpp:[m[K At global scope:
[7.360s] [01m[K/home/rick/cartographer_ws/src/cartographer_ros/cartographer_ros/src/node.cpp:599:37:[m[K [01;31m[Kerror: [m[Kâ€˜[01m[KTrajectoryOptions[m[Kâ€™ does not name a type
[7.360s]   599 | bool Node::ValidateTopicNames(const [01;31m[KTrajectoryOptions[m[K& options) {
[7.360s]       |                                     [01;31m[K^~~~~~~~~~~~~~~~~[m[K
[7.360s] [01m[K/home/rick/cartographer_ws/src/cartographer_ros/cartographer_ros/src/node.cpp:599:63:[m[K [01;31m[Kerror: [m[Kdefinition of â€˜[01m[Kbool {anonymous}::Node::ValidateTopicNames(const int&)[m[Kâ€™ is not in namespace enclosing â€˜[01m[K{anonymous}::Node[m[Kâ€™ [[01;31m[K-fpermissive[m[K]
[7.360s]   599 | bool Node::ValidateTopicNames(const TrajectoryOptions& options[01;31m[K)[m[K {
[7.360s]       |                                                               [01;31m[K^[m[K
[7.362s] [01m[K/home/rick/cartographer_ws/src/cartographer_ros/cartographer_ros/src/node.cpp:611:45:[m[K [01;31m[Kerror: [m[Kâ€˜[01m[KTrajectoryState[m[Kâ€™ was not declared in this scope; did you mean â€˜[01m[Kcartographer_ros::TrajectoryState[m[Kâ€™?
[7.362s]   611 |     const int trajectory_id, const std::set<[01;31m[KTrajectoryState[m[K>& valid_states) {
[7.362s]       |                                             [01;31m[K^~~~~~~~~~~~~~~[m[K
[7.362s]       |                                             [32m[Kcartographer_ros::TrajectoryState[m[K
[7.362s] [01m[K/home/rick/cartographer_ws/src/cartographer_ros/cartographer_ros/src/node.cpp:55:7:[m[K [01;36m[Knote: [m[Kâ€˜[01m[Kcartographer_ros::TrajectoryState[m[Kâ€™ declared here
[7.362s]    55 | using [01;36m[KTrajectoryState[m[K =
[7.362s]       |       [01;36m[K^~~~~~~~~~~~~~~[m[K
[7.362s] [01m[K/home/rick/cartographer_ws/src/cartographer_ros/cartographer_ros/src/node.cpp:611:60:[m[K [01;31m[Kerror: [m[Ktemplate argument 1 is invalid
[7.362s]   611 |     const int trajectory_id, const std::set<TrajectoryState[01;31m[K>[m[K& valid_states) {
[7.362s]       |                                                            [01;31m[K^[m[K
[7.362s] [01m[K/home/rick/cartographer_ws/src/cartographer_ros/cartographer_ros/src/node.cpp:611:60:[m[K [01;31m[Kerror: [m[Ktemplate argument 2 is invalid
[7.362s] [01m[K/home/rick/cartographer_ws/src/cartographer_ros/cartographer_ros/src/node.cpp:611:60:[m[K [01;31m[Kerror: [m[Ktemplate argument 3 is invalid
[7.362s] [01m[K/home/rick/cartographer_ws/src/cartographer_ros/cartographer_ros/src/node.cpp:611:75:[m[K [01;31m[Kerror: [m[Kdefinition of â€˜[01m[Kcartographer_ros_msgs::msg::StatusResponse {anonymous}::Node::TrajectoryStateToStatus(int, const int&)[m[Kâ€™ is not in namespace enclosing â€˜[01m[K{anonymous}::Node[m[Kâ€™ [[01;31m[K-fpermissive[m[K]
[7.363s]   611 |     const int trajectory_id, const std::set<TrajectoryState>& valid_states[01;31m[K)[m[K {
[7.363s]       |                                                                           [01;31m[K^[m[K
[7.363s] [01m[K/home/rick/cartographer_ws/src/cartographer_ros/cartographer_ros/src/node.cpp:610:44:[m[K [01;31m[Kerror: [m[Kno declaration matches â€˜[01m[Kcartographer_ros_msgs::msg::StatusResponse {anonymous}::Node::TrajectoryStateToStatus(int, const int&)[m[Kâ€™
[7.363s]   610 | cartographer_ros_msgs::msg::StatusResponse [01;31m[KNode[m[K::TrajectoryStateToStatus(
[7.363s]       |                                            [01;31m[K^~~~[m[K
[7.363s] In file included from [01m[K/home/rick/cartographer_ws/src/cartographer_ros/cartographer_ros/src/node.cpp:17[m[K:
[7.363s] [01m[K/home/rick/cartographer_ws/src/cartographer_ros/cartographer_ros/include/cartographer_ros/node.h:177:46:[m[K [01;36m[Knote: [m[Kcandidate is: â€˜[01m[Kcartographer_ros_msgs::msg::StatusResponse {anonymous}::Node::TrajectoryStateToStatus(int, const std::set<cartographer::mapping::PoseGraphInterface::TrajectoryState>&)[m[Kâ€™
[7.363s]   177 |   cartographer_ros_msgs::msg::StatusResponse [01;36m[KTrajectoryStateToStatus[m[K(
[7.363s]       |                                              [01;36m[K^~~~~~~~~~~~~~~~~~~~~~~[m[K
[7.363s] [01m[K/home/rick/cartographer_ws/src/cartographer_ros/cartographer_ros/include/cartographer_ros/node.h:60:7:[m[K [01;36m[Knote: [m[Kâ€˜[01m[Kclass {anonymous}::Node[m[Kâ€™ defined here
[7.363s]    60 | class [01;36m[KNode[m[K {
[7.363s]       |       [01;36m[K^~~~[m[K
[7.363s] [01m[K/home/rick/cartographer_ws/src/cartographer_ros/cartographer_ros/src/node.cpp:632:28:[m[K [01;31m[Kerror: [m[Kdefinition of â€˜[01m[Kcartographer_ros_msgs::msg::StatusResponse {anonymous}::Node::FinishTrajectoryUnderLock(int)[m[Kâ€™ is not in namespace enclosing â€˜[01m[K{anonymous}::Node[m[Kâ€™ [[01;31m[K-fpermissive[m[K]
[7.363s]   632 |     const int trajectory_id[01;31m[K)[m[K {
[7.363s]       |                            [01;31m[K^[m[K
[7.363s] [01m[K/home/rick/cartographer_ws/src/cartographer_ros/cartographer_ros/src/node.cpp:[m[K In member function â€˜[01m[Kcartographer_ros_msgs::msg::StatusResponse {anonymous}::Node::FinishTrajectoryUnderLock(int)[m[Kâ€™:
[7.363s] [01m[K/home/rick/cartographer_ws/src/cartographer_ros/cartographer_ros/src/node.cpp:644:23:[m[K [01;31m[Kerror: [m[Kâ€˜[01m[KTrajectoryState[m[Kâ€™ has not been declared
[7.363s]   644 |       trajectory_id, {[01;31m[KTrajectoryState[m[K::ACTIVE} /* valid states */);
[7.364s]       |                       [01;31m[K^~~~~~~~~~~~~~~[m[K
[7.364s] [01m[K/home/rick/cartographer_ws/src/cartographer_ros/cartographer_ros/src/node.cpp:644:66:[m[K [01;31m[Kerror: [m[Kcannot convert â€˜[01m[K<brace-enclosed initializer list>[m[Kâ€™ to â€˜[01m[Kconst std::set<cartographer::mapping::PoseGraphInterface::TrajectoryState>&[m[Kâ€™
[7.364s]   644 |       trajectory_id, {TrajectoryState::ACTIVE} /* valid states */[01;31m[K)[m[K;
[7.364s]       |                                                                  [01;31m[K^[m[K
[7.364s] In file included from [01m[K/home/rick/cartographer_ws/src/cartographer_ros/cartographer_ros/src/node.cpp:17[m[K:
[7.364s] [01m[K/home/rick/cartographer_ws/src/cartographer_ros/cartographer_ros/include/cartographer_ros/node.h:181:11:[m[K [01;36m[Knote: [m[K  initializing argument 2 of â€˜[01m[Kcartographer_ros_msgs::msg::StatusResponse {anonymous}::Node::TrajectoryStateToStatus(int, const std::set<cartographer::mapping::PoseGraphInterface::TrajectoryState>&)[m[Kâ€™
[7.364s]   179 |       [01;36m[Kconst std::set<[m[K
[7.364s]       |       [01;36m[K~~~~~~~~~~~~~~~[m[K
[7.364s]   180 | [01;36m[K          cartographer::mapping::PoseGraphInterface::TrajectoryState>&[m[K
[7.364s]       |           [01;36m[K~~~~~~~~~~~~~~~~~~~~~~~~~~~~~~~~~~~~~~~~~~~~~~~~~~~~~~~~~~~~[m[K
[7.364s]   181 | [01;36m[K          valid_states[m[K);
[7.364s]       |           [01;36m[K^~~~~~~~~~~~[m[K
[7.364s] [01m[K/home/rick/cartographer_ws/src/cartographer_ros/cartographer_ros/src/node.cpp:660:22:[m[K [01;31m[Kerror: [m[Kbase operand of â€˜[01m[K->[m[Kâ€™ is not a pointer
[7.364s]   660 |   map_builder_bridge_[01;31m[K->[m[KFinishTrajectory(trajectory_id);
[7.365s]       |                      [01;31m[K^~[m[K
[7.367s] [01m[K/home/rick/cartographer_ws/src/cartographer_ros/cartographer_ros/src/node.cpp:[m[K At global scope:
[7.367s] [01m[K/home/rick/cartographer_ws/src/cartographer_ros/cartographer_ros/src/node.cpp:670:78:[m[K [01;31m[Kerror: [m[Kdefinition of â€˜[01m[Kbool {anonymous}::Node::handleStartTrajectory(cartographer_ros_msgs::srv::StartTrajectory_Request_<std::allocator<void> >::SharedPtr, cartographer_ros_msgs::srv::StartTrajectory_Response_<std::allocator<void> >::SharedPtr)[m[Kâ€™ is not in namespace enclosing â€˜[01m[K{anonymous}::Node[m[Kâ€™ [[01;31m[K-fpermissive[m[K]
[7.367s]   670 |     cartographer_ros_msgs::srv::StartTrajectory::Response::SharedPtr response[01;31m[K)[m[K {
[7.367s]       |                                                                              [01;31m[K^[m[K
[7.373s] [01m[K/home/rick/cartographer_ws/src/cartographer_ros/cartographer_ros/src/node.cpp:[m[K In member function â€˜[01m[Kbool {anonymous}::Node::handleStartTrajectory(cartographer_ros_msgs::srv::StartTrajectory_Request_<std::allocator<void> >::SharedPtr, cartographer_ros_msgs::srv::StartTrajectory_Response_<std::allocator<void> >::SharedPtr)[m[Kâ€™:
[7.374s] [01m[K/home/rick/cartographer_ws/src/cartographer_ros/cartographer_ros/src/node.cpp:671:3:[m[K [01;31m[Kerror: [m[Kâ€˜[01m[KTrajectoryOptions[m[Kâ€™ was not declared in this scope; did you mean â€˜[01m[Kcartographer_ros::TrajectoryOptions[m[Kâ€™?
[7.374s]   671 |   [01;31m[KTrajectoryOptions[m[K trajectory_options;
[7.374s]       |   [01;31m[K^~~~~~~~~~~~~~~~~[m[K
[7.374s]       |   [32m[Kcartographer_ros::TrajectoryOptions[m[K
[7.374s] In file included from [01m[K/home/rick/cartographer_ws/src/cartographer_ros/cartographer_ros/include/cartographer_ros/node_options.h:26[m[K,
[7.374s]                  from [01m[K/home/rick/cartographer_ws/src/cartographer_ros/cartographer_ros/include/cartographer_ros/map_builder_bridge.h:30[m[K,
[7.374s]                  from [01m[K/home/rick/cartographer_ws/src/cartographer_ros/cartographer_ros/include/cartographer_ros/node.h:31[m[K,
[7.374s]                  from [01m[K/home/rick/cartographer_ws/src/cartographer_ros/cartographer_ros/src/node.cpp:17[m[K:
[7.374s] [01m[K/home/rick/cartographer_ws/src/cartographer_ros/cartographer_ros/include/cartographer_ros/trajectory_options.h:28:8:[m[K [01;36m[Knote: [m[Kâ€˜[01m[Kcartographer_ros::TrajectoryOptions[m[Kâ€™ declared here
[7.374s]    28 | struct [01;36m[KTrajectoryOptions[m[K {
[7.374s]       |        [01;36m[K^~~~~~~~~~~~~~~~~[m[K
[7.381s] [01m[K/home/rick/cartographer_ws/src/cartographer_ros/cartographer_ros/src/node.cpp:672:25:[m[K [01;31m[Kerror: [m[Kâ€˜[01m[Ktrajectory_options[m[Kâ€™ was not declared in this scope; did you mean â€˜[01m[KTrajectoryOptions[m[Kâ€™?
[7.381s]   672 |   std::tie(std::ignore, [01;31m[Ktrajectory_options[m[K) = LoadOptions(
[7.381s]       |                         [01;31m[K^~~~~~~~~~~~~~~~~~[m[K
[7.381s]       |                         [32m[KTrajectoryOptions[m[K
[7.382s] [01m[K/home/rick/cartographer_ws/src/cartographer_ros/cartographer_ros/src/node.cpp:672:47:[m[K [01;31m[Kerror: [m[Kâ€˜[01m[KLoadOptions[m[Kâ€™ was not declared in this scope; did you mean â€˜[01m[Kcartographer_ros::LoadOptions[m[Kâ€™?
[7.383s]   672 |   std::tie(std::ignore, trajectory_options) = [01;31m[KLoadOptions[m[K(
[7.383s]       |                                               [01;31m[K^~~~~~~~~~~[m[K
[7.383s]       |                                               [32m[Kcartographer_ros::LoadOptions[m[K
[7.383s] In file included from [01m[K/home/rick/cartographer_ws/src/cartographer_ros/cartographer_ros/include/cartographer_ros/map_builder_bridge.h:30[m[K,
[7.383s]                  from [01m[K/home/rick/cartographer_ws/src/cartographer_ros/cartographer_ros/include/cartographer_ros/node.h:31[m[K,
[7.383s]                  from [01m[K/home/rick/cartographer_ws/src/cartographer_ros/cartographer_ros/src/node.cpp:17[m[K:
[7.383s] [01m[K/home/rick/cartographer_ws/src/cartographer_ros/cartographer_ros/include/cartographer_ros/node_options.h:46:44:[m[K [01;36m[Knote: [m[Kâ€˜[01m[Kcartographer_ros::LoadOptions[m[Kâ€™ declared here
[7.383s]    46 | std::tuple<NodeOptions, TrajectoryOptions> [01;36m[KLoadOptions[m[K(
[7.383s]       |                                            [01;36m[K^~~~~~~~~~~[m[K
[7.384s] [01m[K/home/rick/cartographer_ws/src/cartographer_ros/cartographer_ros/src/node.cpp:676:23:[m[K [01;31m[Kerror: [m[Kâ€˜[01m[KToRigid3d[m[Kâ€™ was not declared in this scope; did you mean â€˜[01m[Kcartographer_ros::ToRigid3d[m[Kâ€™?
[7.384s]   676 |     const auto pose = [01;31m[KToRigid3d[m[K(request->initial_pose);
[7.384s]       |                       [01;31m[K^~~~~~~~~[m[K
[7.384s]       |                       [32m[Kcartographer_ros::ToRigid3d[m[K
[7.384s] In file included from [01m[K/home/rick/cartographer_ws/src/cartographer_ros/cartographer_ros/src/node.cpp:36[m[K:
[7.384s] [01m[K/home/rick/cartographer_ws/src/cartographer_ros/cartographer_ros/include/cartographer_ros/msg_conversion.h:71:36:[m[K [01;36m[Knote: [m[Kâ€˜[01m[Kcartographer_ros::ToRigid3d[m[Kâ€™ declared here
[7.384s]    71 | ::cartographer::transform::Rigid3d [01;36m[KToRigid3d[m[K(const geometry_msgs::msg::Pose& pose);
[7.384s]       |                                    [01;36m[K^~~~~~~~~[m[K
[7.385s] [01m[K/home/rick/cartographer_ws/src/cartographer_ros/cartographer_ros/src/node.cpp:689:10:[m[K [01;31m[Kerror: [m[Kâ€˜[01m[KTrajectoryState[m[Kâ€™ has not been declared
[7.385s]   689 |         {[01;31m[KTrajectoryState[m[K::ACTIVE, TrajectoryState::FROZEN,
[7.385s]       |          [01;31m[K^~~~~~~~~~~~~~~[m[K
[7.385s] [01m[K/home/rick/cartographer_ws/src/cartographer_ros/cartographer_ros/src/node.cpp:689:35:[m[K [01;31m[Kerror: [m[Kâ€˜[01m[KTrajectoryState[m[Kâ€™ has not been declared
[7.385s]   689 |         {TrajectoryState::ACTIVE, [01;31m[KTrajectoryState[m[K::FROZEN,
[7.385s]       |                                   [01;31m[K^~~~~~~~~~~~~~~[m[K
[7.385s] [01m[K/home/rick/cartographer_ws/src/cartographer_ros/cartographer_ros/src/node.cpp:690:10:[m[K [01;31m[Kerror: [m[Kâ€˜[01m[KTrajectoryState[m[Kâ€™ has not been declared
[7.386s]   690 |          [01;31m[KTrajectoryState[m[K::FINISHED} /* valid states */);
[7.386s]       |          [01;31m[K^~~~~~~~~~~~~~~[m[K
[7.386s] [01m[K/home/rick/cartographer_ws/src/cartographer_ros/cartographer_ros/src/node.cpp:690:55:[m[K [01;31m[Kerror: [m[Kcannot convert â€˜[01m[K<brace-enclosed initializer list>[m[Kâ€™ to â€˜[01m[Kconst std::set<cartographer::mapping::PoseGraphInterface::TrajectoryState>&[m[Kâ€™
[7.386s]   690 |          TrajectoryState::FINISHED} /* valid states */[01;31m[K)[m[K;
[7.386s]       |                                                       [01;31m[K^[m[K
[7.386s] In file included from [01m[K/home/rick/cartographer_ws/src/cartographer_ros/cartographer_ros/src/node.cpp:17[m[K:
[7.386s] [01m[K/home/rick/cartographer_ws/src/cartographer_ros/cartographer_ros/include/cartographer_ros/node.h:181:11:[m[K [01;36m[Knote: [m[K  initializing argument 2 of â€˜[01m[Kcartographer_ros_msgs::msg::StatusResponse {anonymous}::Node::TrajectoryStateToStatus(int, const std::set<cartographer::mapping::PoseGraphInterface::TrajectoryState>&)[m[Kâ€™
[7.386s]   179 |       [01;36m[Kconst std::set<[m[K
[7.386s]       |       [01;36m[K~~~~~~~~~~~~~~~[m[K
[7.386s]   180 | [01;36m[K          cartographer::mapping::PoseGraphInterface::TrajectoryState>&[m[K
[7.386s]       |           [01;36m[K~~~~~~~~~~~~~~~~~~~~~~~~~~~~~~~~~~~~~~~~~~~~~~~~~~~~~~~~~~~~[m[K
[7.386s]   181 | [01;36m[K          valid_states[m[K);
[7.386s]       |           [01;36m[K^~~~~~~~~~~~[m[K
[7.391s] [01m[K/home/rick/cartographer_ws/src/cartographer_ros/cartographer_ros/src/node.cpp:[m[K At global scope:
[7.391s] [01m[K/home/rick/cartographer_ws/src/cartographer_ros/cartographer_ros/src/node.cpp:726:51:[m[K [01;31m[Kerror: [m[Kâ€˜[01m[KTrajectoryOptions[m[Kâ€™ does not name a type
[7.391s]   726 | void Node::StartTrajectoryWithDefaultTopics(const [01;31m[KTrajectoryOptions[m[K& options) {
[7.391s]       |                                                   [01;31m[K^~~~~~~~~~~~~~~~~[m[K
[7.391s] [01m[K/home/rick/cartographer_ws/src/cartographer_ros/cartographer_ros/src/node.cpp:726:77:[m[K [01;31m[Kerror: [m[Kdefinition of â€˜[01m[Kvoid {anonymous}::Node::StartTrajectoryWithDefaultTopics(const int&)[m[Kâ€™ is not in namespace enclosing â€˜[01m[K{anonymous}::Node[m[Kâ€™ [[01;31m[K-fpermissive[m[K]
[7.391s]   726 | void Node::StartTrajectoryWithDefaultTopics(const TrajectoryOptions& options[01;31m[K)[m[K {
[7.391s]       |                                                                             [01;31m[K^[m[K
[7.393s] [01m[K/home/rick/cartographer_ws/src/cartographer_ros/cartographer_ros/src/node.cpp:737:23:[m[K [01;31m[Kerror: [m[Kâ€˜[01m[KTrajectoryOptions[m[Kâ€™ was not declared in this scope; did you mean â€˜[01m[Kcartographer_ros::TrajectoryOptions[m[Kâ€™?
[7.393s]   737 |     const std::vector<[01;31m[KTrajectoryOptions[m[K>& bags_options) const {
[7.393s]       |                       [01;31m[K^~~~~~~~~~~~~~~~~[m[K
[7.393s]       |                       [32m[Kcartographer_ros::TrajectoryOptions[m[K
[7.393s] In file included from [01m[K/home/rick/cartographer_ws/src/cartographer_ros/cartographer_ros/include/cartographer_ros/node_options.h:26[m[K,
[7.393s]                  from [01m[K/home/rick/cartographer_ws/src/cartographer_ros/cartographer_ros/include/cartographer_ros/map_builder_bridge.h:30[m[K,
[7.393s]                  from [01m[K/home/rick/cartographer_ws/src/cartographer_ros/cartographer_ros/include/cartographer_ros/node.h:31[m[K,
[7.393s]                  from [01m[K/home/rick/cartographer_ws/src/cartographer_ros/cartographer_ros/src/node.cpp:17[m[K:
[7.393s] [01m[K/home/rick/cartographer_ws/src/cartographer_ros/cartographer_ros/include/cartographer_ros/trajectory_options.h:28:8:[m[K [01;36m[Knote: [m[Kâ€˜[01m[Kcartographer_ros::TrajectoryOptions[m[Kâ€™ declared here
[7.393s]    28 | struct [01;36m[KTrajectoryOptions[m[K {
[7.393s]       |        [01;36m[K^~~~~~~~~~~~~~~~~[m[K
[7.393s] [01m[K/home/rick/cartographer_ws/src/cartographer_ros/cartographer_ros/src/node.cpp:737:40:[m[K [01;31m[Kerror: [m[Ktemplate argument 1 is invalid
[7.393s]   737 |     const std::vector<TrajectoryOptions[01;31m[K>[m[K& bags_options) const {
[7.393s]       |                                        [01;31m[K^[m[K
[7.393s] [01m[K/home/rick/cartographer_ws/src/cartographer_ros/cartographer_ros/src/node.cpp:737:40:[m[K [01;31m[Kerror: [m[Ktemplate argument 2 is invalid
[7.393s] [01m[K/home/rick/cartographer_ws/src/cartographer_ros/cartographer_ros/src/node.cpp:737:57:[m[K [01;31m[Kerror: [m[Kdefinition of â€˜[01m[Kstd::vector<std::set<cartographer::mapping::TrajectoryBuilderInterface::SensorId> > {anonymous}::Node::ComputeDefaultSensorIdsForMultipleBags(const int&) const[m[Kâ€™ is not in namespace enclosing â€˜[01m[K{anonymous}::Node[m[Kâ€™ [[01;31m[K-fpermissive[m[K]
[7.393s]   737 |     const std::vector<TrajectoryOptions>& bags_options) [01;31m[Kconst[m[K {
[7.394s]       |                                                         [01;31m[K^~~~~[m[K
[7.396s] [01m[K/home/rick/cartographer_ws/src/cartographer_ros/cartographer_ros/src/node.cpp:[m[K In member function â€˜[01m[Kstd::vector<std::set<cartographer::mapping::TrajectoryBuilderInterface::SensorId> > {anonymous}::Node::ComputeDefaultSensorIdsForMultipleBags(const int&) const[m[Kâ€™:
[7.396s] [01m[K/home/rick/cartographer_ws/src/cartographer_ros/cartographer_ros/src/node.cpp:740:39:[m[K [01;31m[Kerror: [m[Krequest for member â€˜[01m[Ksize[m[Kâ€™ in â€˜[01m[Kbags_options[m[Kâ€™, which is of non-class type â€˜[01m[Kconst int[m[Kâ€™
[7.396s]   740 |   for (size_t i = 0; i < bags_options.[01;31m[Ksize[m[K(); ++i) {
[7.396s]       |                                       [01;31m[K^~~~[m[K
[7.396s] [01m[K/home/rick/cartographer_ws/src/cartographer_ros/cartographer_ros/src/node.cpp:742:22:[m[K [01;31m[Kerror: [m[Krequest for member â€˜[01m[Ksize[m[Kâ€™ in â€˜[01m[Kbags_options[m[Kâ€™, which is of non-class type â€˜[01m[Kconst int[m[Kâ€™
[7.396s]   742 |     if (bags_options.[01;31m[Ksize[m[K() > 1) {
[7.396s]       |                      [01;31m[K^~~~[m[K
[7.396s] [01m[K/home/rick/cartographer_ws/src/cartographer_ros/cartographer_ros/src/node.cpp:746:72:[m[K [01;31m[Kerror: [m[Krequest for member â€˜[01m[Kat[m[Kâ€™ in â€˜[01m[Kbags_options[m[Kâ€™, which is of non-class type â€˜[01m[Kconst int[m[Kâ€™
[7.396s]   746 |     for (const auto& sensor_id : ComputeExpectedSensorIds(bags_options.[01;31m[Kat[m[K(i))) {
[7.396s]       |                                                                        [01;31m[K^~[m[K
[7.399s] [01m[K/home/rick/cartographer_ws/src/cartographer_ros/cartographer_ros/src/node.cpp:[m[K At global scope:
[7.399s] [01m[K/home/rick/cartographer_ws/src/cartographer_ros/cartographer_ros/src/node.cpp:757:11:[m[K [01;31m[Kerror: [m[Kâ€˜[01m[KTrajectoryOptions[m[Kâ€™ does not name a type
[7.399s]   757 |     const [01;31m[KTrajectoryOptions[m[K& options) {
[7.399s]       |           [01;31m[K^~~~~~~~~~~~~~~~~[m[K
[7.399s] [01m[K/home/rick/cartographer_ws/src/cartographer_ros/cartographer_ros/src/node.cpp:757:37:[m[K [01;31m[Kerror: [m[Kdefinition of â€˜[01m[Kint {anonymous}::Node::AddOfflineTrajectory(const std::set<cartographer::mapping::TrajectoryBuilderInterface::SensorId>&, const int&)[m[Kâ€™ is not in namespace enclosing â€˜[01m[K{anonymous}::Node[m[Kâ€™ [[01;31m[K-fpermissive[m[K]
[7.399s]   757 |     const TrajectoryOptions& options[01;31m[K)[m[K {
[7.399s]       |                                     [01;31m[K^[m[K
[7.400s] [01m[K/home/rick/cartographer_ws/src/cartographer_ros/cartographer_ros/src/node.cpp:[m[K In member function â€˜[01m[Kint {anonymous}::Node::AddOfflineTrajectory(const std::set<cartographer::mapping::TrajectoryBuilderInterface::SensorId>&, const int&)[m[Kâ€™:
[7.400s] [01m[K/home/rick/cartographer_ws/src/cartographer_ros/cartographer_ros/src/node.cpp:760:26:[m[K [01;31m[Kerror: [m[Kbase operand of â€˜[01m[K->[m[Kâ€™ is not a pointer
[7.400s]   760 |       map_builder_bridge_[01;31m[K->[m[KAddTrajectory(expected_sensor_ids, options);
[7.400s]       |                          [01;31m[K^~[m[K
[7.400s] [01m[K/home/rick/cartographer_ws/src/cartographer_ros/cartographer_ros/src/node.cpp:[m[K At global scope:
[7.400s] [01m[K/home/rick/cartographer_ws/src/cartographer_ros/cartographer_ros/src/node.cpp:768:82:[m[K [01;31m[Kerror: [m[Kdefinition of â€˜[01m[Kbool {anonymous}::Node::handleGetTrajectoryStates(cartographer_ros_msgs::srv::GetTrajectoryStates_Request_<std::allocator<void> >::SharedPtr, cartographer_ros_msgs::srv::GetTrajectoryStates_Response_<std::allocator<void> >::SharedPtr)[m[Kâ€™ is not in namespace enclosing â€˜[01m[K{anonymous}::Node[m[Kâ€™ [[01;31m[K-fpermissive[m[K]
[7.400s]   768 |     cartographer_ros_msgs::srv::GetTrajectoryStates::Response::SharedPtr response[01;31m[K)[m[K {
[7.400s]       |                                                                                  [01;31m[K^[m[K
[7.404s] [01m[K/home/rick/cartographer_ws/src/cartographer_ros/cartographer_ros/src/node.cpp:[m[K In member function â€˜[01m[Kbool {anonymous}::Node::handleGetTrajectoryStates(cartographer_ros_msgs::srv::GetTrajectoryStates_Request_<std::allocator<void> >::SharedPtr, cartographer_ros_msgs::srv::GetTrajectoryStates_Response_<std::allocator<void> >::SharedPtr)[m[Kâ€™:
[7.404s] [01m[K/home/rick/cartographer_ws/src/cartographer_ros/cartographer_ros/src/node.cpp:775:47:[m[K [01;31m[Kerror: [m[Kbase operand of â€˜[01m[K->[m[Kâ€™ is not a pointer
[7.404s]   775 |   for (const auto& entry : map_builder_bridge_[01;31m[K->[m[KGetTrajectoryStates()) {
[7.404s]       |                                               [01;31m[K^~[m[K
[7.404s] [01m[K/home/rick/cartographer_ws/src/cartographer_ros/cartographer_ros/src/node.cpp:[m[K At global scope:
[7.404s] [01m[K/home/rick/cartographer_ws/src/cartographer_ros/cartographer_ros/src/node.cpp:801:79:[m[K [01;31m[Kerror: [m[Kdefinition of â€˜[01m[Kbool {anonymous}::Node::handleFinishTrajectory(cartographer_ros_msgs::srv::FinishTrajectory_Request_<std::allocator<void> >::SharedPtr, cartographer_ros_msgs::srv::FinishTrajectory_Response_<std::allocator<void> >::SharedPtr)[m[Kâ€™ is not in namespace enclosing â€˜[01m[K{anonymous}::Node[m[Kâ€™ [[01;31m[K-fpermissive[m[K]
[7.404s]   801 |     cartographer_ros_msgs::srv::FinishTrajectory::Response::SharedPtr response[01;31m[K)[m[K {
[7.404s]       |                                                                               [01;31m[K^[m[K
[7.408s] [01m[K/home/rick/cartographer_ws/src/cartographer_ros/cartographer_ros/src/node.cpp:809:73:[m[K [01;31m[Kerror: [m[Kdefinition of â€˜[01m[Kbool {anonymous}::Node::handleWriteState(cartographer_ros_msgs::srv::WriteState_Request_<std::allocator<void> >::SharedPtr, cartographer_ros_msgs::srv::WriteState_Response_<std::allocator<void> >::SharedPtr)[m[Kâ€™ is not in namespace enclosing â€˜[01m[K{anonymous}::Node[m[Kâ€™ [[01;31m[K-fpermissive[m[K]
[7.408s]   809 |     cartographer_ros_msgs::srv::WriteState::Response::SharedPtr response[01;31m[K)[m[K {
[7.408s]       |                                                                         [01;31m[K^[m[K
[7.412s] [01m[K/home/rick/cartographer_ws/src/cartographer_ros/cartographer_ros/src/node.cpp:[m[K In member function â€˜[01m[Kbool {anonymous}::Node::handleWriteState(cartographer_ros_msgs::srv::WriteState_Request_<std::allocator<void> >::SharedPtr, cartographer_ros_msgs::srv::WriteState_Response_<std::allocator<void> >::SharedPtr)[m[Kâ€™:
[7.412s] [01m[K/home/rick/cartographer_ws/src/cartographer_ros/cartographer_ros/src/node.cpp:811:26:[m[K [01;31m[Kerror: [m[Kbase operand of â€˜[01m[K->[m[Kâ€™ is not a pointer
[7.412s]   811 |   if (map_builder_bridge_[01;31m[K->[m[KSerializeState(request->filename,
[7.412s]       |                          [01;31m[K^~[m[K
[7.412s] [01m[K/home/rick/cartographer_ws/src/cartographer_ros/cartographer_ros/src/node.cpp:[m[K At global scope:
[7.412s] [01m[K/home/rick/cartographer_ws/src/cartographer_ros/cartographer_ros/src/node.cpp:826:74:[m[K [01;31m[Kerror: [m[Kdefinition of â€˜[01m[Kbool {anonymous}::Node::handleReadMetrics(cartographer_ros_msgs::srv::ReadMetrics_Request_<std::allocator<void> >::SharedPtr, cartographer_ros_msgs::srv::ReadMetrics_Response_<std::allocator<void> >::SharedPtr)[m[Kâ€™ is not in namespace enclosing â€˜[01m[K{anonymous}::Node[m[Kâ€™ [[01;31m[K-fpermissive[m[K]
[7.412s]   826 |     cartographer_ros_msgs::srv::ReadMetrics::Response::SharedPtr response[01;31m[K)[m[K {
[7.412s]       |                                                                          [01;31m[K^[m[K
[7.418s] [01m[K/home/rick/cartographer_ws/src/cartographer_ros/cartographer_ros/src/node.cpp:841:34:[m[K [01;31m[Kerror: [m[Kdefinition of â€˜[01m[Kvoid {anonymous}::Node::FinishAllTrajectories()[m[Kâ€™ is not in namespace enclosing â€˜[01m[K{anonymous}::Node[m[Kâ€™ [[01;31m[K-fpermissive[m[K]
[7.418s]   841 | void Node::FinishAllTrajectories([01;31m[K)[m[K {
[7.418s]       |                                  [01;31m[K^[m[K
[7.418s] [01m[K/home/rick/cartographer_ws/src/cartographer_ros/cartographer_ros/src/node.cpp:[m[K In member function â€˜[01m[Kvoid {anonymous}::Node::FinishAllTrajectories()[m[Kâ€™:
[7.418s] [01m[K/home/rick/cartographer_ws/src/cartographer_ros/cartographer_ros/src/node.cpp:843:47:[m[K [01;31m[Kerror: [m[Kbase operand of â€˜[01m[K->[m[Kâ€™ is not a pointer
[7.418s]   843 |   for (const auto& entry : map_builder_bridge_[01;31m[K->[m[KGetTrajectoryStates()) {
[7.418s]       |                                               [01;31m[K^~[m[K
[7.418s] [01m[K/home/rick/cartographer_ws/src/cartographer_ros/cartographer_ros/src/node.cpp:844:25:[m[K [01;31m[Kerror: [m[Kâ€˜[01m[KTrajectoryState[m[Kâ€™ has not been declared
[7.418s]   844 |     if (entry.second == [01;31m[KTrajectoryState[m[K::ACTIVE) {
[7.418s]       |                         [01;31m[K^~~~~~~~~~~~~~~[m[K
[7.418s] [01m[K/home/rick/cartographer_ws/src/cartographer_ros/cartographer_ros/src/node.cpp:[m[K At global scope:
[7.418s] [01m[K/home/rick/cartographer_ws/src/cartographer_ros/cartographer_ros/src/node.cpp:852:52:[m[K [01;31m[Kerror: [m[Kdefinition of â€˜[01m[Kbool {anonymous}::Node::FinishTrajectory(int)[m[Kâ€™ is not in namespace enclosing â€˜[01m[K{anonymous}::Node[m[Kâ€™ [[01;31m[K-fpermissive[m[K]
[7.418s]   852 | bool Node::FinishTrajectory(const int trajectory_id[01;31m[K)[m[K {
[7.418s]       |                                                    [01;31m[K^[m[K
[7.419s] [01m[K/home/rick/cartographer_ws/src/cartographer_ros/cartographer_ros/src/node.cpp:858:33:[m[K [01;31m[Kerror: [m[Kdefinition of â€˜[01m[Kvoid {anonymous}::Node::RunFinalOptimization()[m[Kâ€™ is not in namespace enclosing â€˜[01m[K{anonymous}::Node[m[Kâ€™ [[01;31m[K-fpermissive[m[K]
[7.419s]   858 | void Node::RunFinalOptimization([01;31m[K)[m[K {
[7.419s]       |                                 [01;31m[K^[m[K
[7.419s] [01m[K/home/rick/cartographer_ws/src/cartographer_ros/cartographer_ros/src/node.cpp:[m[K In member function â€˜[01m[Kvoid {anonymous}::Node::RunFinalOptimization()[m[Kâ€™:
[7.419s] [01m[K/home/rick/cartographer_ws/src/cartographer_ros/cartographer_ros/src/node.cpp:860:49:[m[K [01;31m[Kerror: [m[Kbase operand of â€˜[01m[K->[m[Kâ€™ is not a pointer
[7.419s]   860 |     for (const auto& entry : map_builder_bridge_[01;31m[K->[m[KGetTrajectoryStates()) {
[7.419s]       |                                                 [01;31m[K^~[m[K
[7.419s] [01m[K/home/rick/cartographer_ws/src/cartographer_ros/cartographer_ros/src/node.cpp:862:27:[m[K [01;31m[Kerror: [m[Kâ€˜[01m[KTrajectoryState[m[Kâ€™ has not been declared
[7.419s]   862 |       if (entry.second == [01;31m[KTrajectoryState[m[K::ACTIVE) {
[7.419s]       |                           [01;31m[K^~~~~~~~~~~~~~~[m[K
[7.419s] [01m[K/home/rick/cartographer_ws/src/cartographer_ros/cartographer_ros/src/node.cpp:875:22:[m[K [01;31m[Kerror: [m[Kbase operand of â€˜[01m[K->[m[Kâ€™ is not a pointer
[7.419s]   875 |   map_builder_bridge_[01;31m[K->[m[KRunFinalOptimization();
[7.419s]       |                      [01;31m[K^~[m[K
[7.419s] [01m[K/home/rick/cartographer_ws/src/cartographer_ros/cartographer_ros/src/node.cpp:[m[K At global scope:
[7.419s] [01m[K/home/rick/cartographer_ws/src/cartographer_ros/cartographer_ros/src/node.cpp:880:84:[m[K [01;31m[Kerror: [m[Kdefinition of â€˜[01m[Kvoid {anonymous}::Node::HandleOdometryMessage(int, const string&, const ConstSharedPtr&)[m[Kâ€™ is not in namespace enclosing â€˜[01m[K{anonymous}::Node[m[Kâ€™ [[01;31m[K-fpermissive[m[K]
[7.419s]   880 |                                  const nav_msgs::msg::Odometry::ConstSharedPtr& msg[01;31m[K)[m[K {
[7.419s]       |                                                                                    [01;31m[K^[m[K
[7.419s] [01m[K/home/rick/cartographer_ws/src/cartographer_ros/cartographer_ros/src/node.cpp:[m[K In member function â€˜[01m[Kvoid {anonymous}::Node::HandleOdometryMessage(int, const string&, const ConstSharedPtr&)[m[Kâ€™:
[7.420s] [01m[K/home/rick/cartographer_ws/src/cartographer_ros/cartographer_ros/src/node.cpp:885:47:[m[K [01;31m[Kerror: [m[Kbase operand of â€˜[01m[K->[m[Kâ€™ is not a pointer
[7.420s]   885 |   auto sensor_bridge_ptr = map_builder_bridge_[01;31m[K->[m[Ksensor_bridge(trajectory_id);
[7.420s]       |                                               [01;31m[K^~[m[K
[7.420s] [01m[K/home/rick/cartographer_ws/src/cartographer_ros/cartographer_ros/src/node.cpp:[m[K At global scope:
[7.420s] [01m[K/home/rick/cartographer_ws/src/cartographer_ros/cartographer_ros/src/node.cpp:895:89:[m[K [01;31m[Kerror: [m[Kdefinition of â€˜[01m[Kvoid {anonymous}::Node::HandleNavSatFixMessage(int, const string&, const ConstSharedPtr&)[m[Kâ€™ is not in namespace enclosing â€˜[01m[K{anonymous}::Node[m[Kâ€™ [[01;31m[K-fpermissive[m[K]
[7.420s]   895 |                                   const sensor_msgs::msg::NavSatFix::ConstSharedPtr& msg[01;31m[K)[m[K {
[7.420s]       |                                                                                         [01;31m[K^[m[K
[7.420s] [01m[K/home/rick/cartographer_ws/src/cartographer_ros/cartographer_ros/src/node.cpp:[m[K In member function â€˜[01m[Kvoid {anonymous}::Node::HandleNavSatFixMessage(int, const string&, const ConstSharedPtr&)[m[Kâ€™:
[7.420s] [01m[K/home/rick/cartographer_ws/src/cartographer_ros/cartographer_ros/src/node.cpp:900:22:[m[K [01;31m[Kerror: [m[Kbase operand of â€˜[01m[K->[m[Kâ€™ is not a pointer
[7.420s]   900 |   map_builder_bridge_[01;31m[K->[m[Ksensor_bridge(trajectory_id)
[7.420s]       |                      [01;31m[K^~[m[K
[7.420s] [01m[K/home/rick/cartographer_ws/src/cartographer_ros/cartographer_ros/src/node.cpp:[m[K At global scope:
[7.420s] [01m[K/home/rick/cartographer_ws/src/cartographer_ros/cartographer_ros/src/node.cpp:906:72:[m[K [01;31m[Kerror: [m[Kdefinition of â€˜[01m[Kvoid {anonymous}::Node::HandleLandmarkMessage(int, const string&, const ConstSharedPtr&)[m[Kâ€™ is not in namespace enclosing â€˜[01m[K{anonymous}::Node[m[Kâ€™ [[01;31m[K-fpermissive[m[K]
[7.420s]   906 |     const cartographer_ros_msgs::msg::LandmarkList::ConstSharedPtr& msg[01;31m[K)[m[K {
[7.420s]       |                                                                        [01;31m[K^[m[K
[7.421s] [01m[K/home/rick/cartographer_ws/src/cartographer_ros/cartographer_ros/src/node.cpp:[m[K In member function â€˜[01m[Kvoid {anonymous}::Node::HandleLandmarkMessage(int, const string&, const ConstSharedPtr&)[m[Kâ€™:
[7.421s] [01m[K/home/rick/cartographer_ws/src/cartographer_ros/cartographer_ros/src/node.cpp:911:22:[m[K [01;31m[Kerror: [m[Kbase operand of â€˜[01m[K->[m[Kâ€™ is not a pointer
[7.421s]   911 |   map_builder_bridge_[01;31m[K->[m[Ksensor_bridge(trajectory_id)
[7.421s]       |                      [01;31m[K^~[m[K
[7.421s] [01m[K/home/rick/cartographer_ws/src/cartographer_ros/cartographer_ros/src/node.cpp:[m[K At global scope:
[7.421s] [01m[K/home/rick/cartographer_ws/src/cartographer_ros/cartographer_ros/src/node.cpp:917:77:[m[K [01;31m[Kerror: [m[Kdefinition of â€˜[01m[Kvoid {anonymous}::Node::HandleImuMessage(int, const string&, const ConstSharedPtr&)[m[Kâ€™ is not in namespace enclosing â€˜[01m[K{anonymous}::Node[m[Kâ€™ [[01;31m[K-fpermissive[m[K]
[7.421s]   917 |                             const sensor_msgs::msg::Imu::ConstSharedPtr& msg[01;31m[K)[m[K {
[7.421s]       |                                                                             [01;31m[K^[m[K
[7.421s] [01m[K/home/rick/cartographer_ws/src/cartographer_ros/cartographer_ros/src/node.cpp:[m[K In member function â€˜[01m[Kvoid {anonymous}::Node::HandleImuMessage(int, const string&, const ConstSharedPtr&)[m[Kâ€™:
[7.421s] [01m[K/home/rick/cartographer_ws/src/cartographer_ros/cartographer_ros/src/node.cpp:922:47:[m[K [01;31m[Kerror: [m[Kbase operand of â€˜[01m[K->[m[Kâ€™ is not a pointer
[7.421s]   922 |   auto sensor_bridge_ptr = map_builder_bridge_[01;31m[K->[m[Ksensor_bridge(trajectory_id);
[7.421s]       |                                               [01;31m[K^~[m[K
[7.421s] [01m[K/home/rick/cartographer_ws/src/cartographer_ros/cartographer_ros/src/node.cpp:[m[K At global scope:
[7.421s] [01m[K/home/rick/cartographer_ws/src/cartographer_ros/cartographer_ros/src/node.cpp:932:89:[m[K [01;31m[Kerror: [m[Kdefinition of â€˜[01m[Kvoid {anonymous}::Node::HandleLaserScanMessage(int, const string&, const ConstSharedPtr&)[m[Kâ€™ is not in namespace enclosing â€˜[01m[K{anonymous}::Node[m[Kâ€™ [[01;31m[K-fpermissive[m[K]
[7.421s]   932 |                                   const sensor_msgs::msg::LaserScan::ConstSharedPtr& msg[01;31m[K)[m[K {
[7.421s]       |                                                                                         [01;31m[K^[m[K
[7.421s] [01m[K/home/rick/cartographer_ws/src/cartographer_ros/cartographer_ros/src/node.cpp:[m[K In member function â€˜[01m[Kvoid {anonymous}::Node::HandleLaserScanMessage(int, const string&, const ConstSharedPtr&)[m[Kâ€™:
[7.421s] [01m[K/home/rick/cartographer_ws/src/cartographer_ros/cartographer_ros/src/node.cpp:937:22:[m[K [01;31m[Kerror: [m[Kbase operand of â€˜[01m[K->[m[Kâ€™ is not a pointer
[7.421s]   937 |   map_builder_bridge_[01;31m[K->[m[Ksensor_bridge(trajectory_id)
[7.421s]       |                      [01;31m[K^~[m[K
[7.421s] [01m[K/home/rick/cartographer_ws/src/cartographer_ros/cartographer_ros/src/node.cpp:[m[K At global scope:
[7.421s] [01m[K/home/rick/cartographer_ws/src/cartographer_ros/cartographer_ros/src/node.cpp:943:68:[m[K [01;31m[Kerror: [m[Kdefinition of â€˜[01m[Kvoid {anonymous}::Node::HandleMultiEchoLaserScanMessage(int, const string&, const ConstSharedPtr&)[m[Kâ€™ is not in namespace enclosing â€˜[01m[K{anonymous}::Node[m[Kâ€™ [[01;31m[K-fpermissive[m[K]
[7.421s]   943 |     const sensor_msgs::msg::MultiEchoLaserScan::ConstSharedPtr& msg[01;31m[K)[m[K {
[7.421s]       |                                                                    [01;31m[K^[m[K
[7.422s] [01m[K/home/rick/cartographer_ws/src/cartographer_ros/cartographer_ros/src/node.cpp:[m[K In member function â€˜[01m[Kvoid {anonymous}::Node::HandleMultiEchoLaserScanMessage(int, const string&, const ConstSharedPtr&)[m[Kâ€™:
[7.422s] [01m[K/home/rick/cartographer_ws/src/cartographer_ros/cartographer_ros/src/node.cpp:948:22:[m[K [01;31m[Kerror: [m[Kbase operand of â€˜[01m[K->[m[Kâ€™ is not a pointer
[7.422s]   948 |   map_builder_bridge_[01;31m[K->[m[Ksensor_bridge(trajectory_id)
[7.422s]       |                      [01;31m[K^~[m[K
[7.422s] [01m[K/home/rick/cartographer_ws/src/cartographer_ros/cartographer_ros/src/node.cpp:[m[K At global scope:
[7.422s] [01m[K/home/rick/cartographer_ws/src/cartographer_ros/cartographer_ros/src/node.cpp:954:61:[m[K [01;31m[Kerror: [m[Kdefinition of â€˜[01m[Kvoid {anonymous}::Node::HandlePointCloud2Message(int, const string&, const ConstSharedPtr&)[m[Kâ€™ is not in namespace enclosing â€˜[01m[K{anonymous}::Node[m[Kâ€™ [[01;31m[K-fpermissive[m[K]
[7.422s]   954 |     const sensor_msgs::msg::PointCloud2::ConstSharedPtr& msg[01;31m[K)[m[K {
[7.422s]       |                                                             [01;31m[K^[m[K
[7.422s] [01m[K/home/rick/cartographer_ws/src/cartographer_ros/cartographer_ros/src/node.cpp:[m[K In member function â€˜[01m[Kvoid {anonymous}::Node::HandlePointCloud2Message(int, const string&, const ConstSharedPtr&)[m[Kâ€™:
[7.422s] [01m[K/home/rick/cartographer_ws/src/cartographer_ros/cartographer_ros/src/node.cpp:959:22:[m[K [01;31m[Kerror: [m[Kbase operand of â€˜[01m[K->[m[Kâ€™ is not a pointer
[7.422s]   959 |   map_builder_bridge_[01;31m[K->[m[Ksensor_bridge(trajectory_id)
[7.422s]       |                      [01;31m[K^~[m[K
[7.422s] [01m[K/home/rick/cartographer_ws/src/cartographer_ros/cartographer_ros/src/node.cpp:[m[K At global scope:
[7.422s] [01m[K/home/rick/cartographer_ws/src/cartographer_ros/cartographer_ros/src/node.cpp:964:64:[m[K [01;31m[Kerror: [m[Kdefinition of â€˜[01m[Kvoid {anonymous}::Node::SerializeState(const string&, bool)[m[Kâ€™ is not in namespace enclosing â€˜[01m[K{anonymous}::Node[m[Kâ€™ [[01;31m[K-fpermissive[m[K]
[7.422s]   964 |                           const bool include_unfinished_submaps[01;31m[K)[m[K {
[7.422s]       |                                                                [01;31m[K^[m[K
[7.422s] In file included from [01m[K/home/rick/cartographer_ws/install/cartographer/include/cartographer/common/lua_parameter_dictionary.h:27[m[K,
[7.422s]                  from [01m[K/home/rick/cartographer_ws/install/cartographer/include/cartographer/mapping/map_builder_interface.h:25[m[K,
[7.422s]                  from [01m[K/home/rick/cartographer_ws/src/cartographer_ros/cartographer_ros/include/cartographer_ros/node.h:29[m[K,
[7.422s]                  from [01m[K/home/rick/cartographer_ws/src/cartographer_ros/cartographer_ros/src/node.cpp:17[m[K:
[7.422s] [01m[K/home/rick/cartographer_ws/src/cartographer_ros/cartographer_ros/src/node.cpp:[m[K In member function â€˜[01m[Kvoid {anonymous}::Node::SerializeState(const string&, bool)[m[Kâ€™:
[7.422s] [01m[K/home/rick/cartographer_ws/src/cartographer_ros/cartographer_ros/src/node.cpp:967:26:[m[K [01;31m[Kerror: [m[Kbase operand of â€˜[01m[K->[m[Kâ€™ is not a pointer
[7.423s]   967 |       map_builder_bridge_[01;31m[K->[m[KSerializeState(filename, include_unfinished_submaps))
[7.423s]       |                          [01;31m[K^~[m[K
[7.423s] [01m[K/home/rick/cartographer_ws/src/cartographer_ros/cartographer_ros/src/node.cpp:[m[K At global scope:
[7.423s] [01m[K/home/rick/cartographer_ws/src/cartographer_ros/cartographer_ros/src/node.cpp:972:50:[m[K [01;31m[Kerror: [m[Kdefinition of â€˜[01m[Kvoid {anonymous}::Node::LoadState(const string&, bool)[m[Kâ€™ is not in namespace enclosing â€˜[01m[K{anonymous}::Node[m[Kâ€™ [[01;31m[K-fpermissive[m[K]
[7.423s]   972 |                      const bool load_frozen_state[01;31m[K)[m[K {
[7.423s]       |                                                  [01;31m[K^[m[K
[7.423s] [01m[K/home/rick/cartographer_ws/src/cartographer_ros/cartographer_ros/src/node.cpp:[m[K In member function â€˜[01m[Kvoid {anonymous}::Node::LoadState(const string&, bool)[m[Kâ€™:
[7.423s] [01m[K/home/rick/cartographer_ws/src/cartographer_ros/cartographer_ros/src/node.cpp:974:22:[m[K [01;31m[Kerror: [m[Kbase operand of â€˜[01m[K->[m[Kâ€™ is not a pointer
[7.423s]   974 |   map_builder_bridge_[01;31m[K->[m[KLoadState(state_filename, load_frozen_state);
[7.423s]       |                      [01;31m[K^~[m[K
[7.423s] [01m[K/home/rick/cartographer_ws/src/cartographer_ros/cartographer_ros/src/node.cpp:[m[K At global scope:
[7.423s] [01m[K/home/rick/cartographer_ws/src/cartographer_ros/cartographer_ros/src/node.cpp:978:40:[m[K [01;31m[Kerror: [m[Kdefinition of â€˜[01m[Kvoid {anonymous}::Node::MaybeWarnAboutTopicMismatch()[m[Kâ€™ is not in namespace enclosing â€˜[01m[K{anonymous}::Node[m[Kâ€™ [[01;31m[K-fpermissive[m[K]
[7.423s]   978 | void Node::MaybeWarnAboutTopicMismatch([01;31m[K)[m[K {
[7.423s]       |                                        [01;31m[K^[m[K
[8.300s] [01m[K/home/rick/cartographer_ws/src/cartographer_ros/cartographer_ros/src/offline_node.cpp:[m[K In function â€˜[01m[Kvoid cartographer_ros::RunOfflineNode(const MapBuilderFactory&, rclcpp::Node::SharedPtr)[m[Kâ€™:
[8.300s] [01m[K/home/rick/cartographer_ws/src/cartographer_ros/cartographer_ros/src/offline_node.cpp:176:34:[m[K [01;31m[Kerror: [m[Kno matching function for call to â€˜[01m[K{anonymous}::Node::Node(cartographer_ros::NodeOptions&, std::remove_reference<std::unique_ptr<cartographer::mapping::MapBuilderInterface>&>::type, std::shared_ptr<tf2_ros::Buffer>&, rclcpp::Node::SharedPtr&, bool&)[m[Kâ€™
[8.301s]   176 |             FLAGS_collect_metrics[01;31m[K)[m[K;
[8.301s]       |                                  [01;31m[K^[m[K
[8.301s] In file included from [01m[K/home/rick/cartographer_ws/src/cartographer_ros/cartographer_ros/src/offline_node.cpp:28[m[K:
[8.301s] [01m[K/home/rick/cartographer_ws/src/cartographer_ros/cartographer_ros/include/cartographer_ros/node.h:62:3:[m[K [01;36m[Knote: [m[Kcandidate: â€˜[01m[K{anonymous}::Node::Node(const int&, std::unique_ptr<cartographer::mapping::MapBuilderInterface>, std::shared_ptr<tf2_ros::Buffer>, rclcpp::Node::SharedPtr, bool)[m[Kâ€™
[8.301s]    62 |   [01;36m[KNode[m[K(const NodeOptions& node_options,
[8.301s]       |   [01;36m[K^~~~[m[K
[8.301s] [01m[K/home/rick/cartographer_ws/src/cartographer_ros/cartographer_ros/include/cartographer_ros/node.h:62:27:[m[K [01;36m[Knote: [m[K  no known conversion for argument 1 from â€˜[01m[Kcartographer_ros::NodeOptions[m[Kâ€™ to â€˜[01m[Kconst int&[m[Kâ€™
[8.301s]    62 |   Node([01;36m[Kconst NodeOptions& node_options[m[K,
[8.301s]       |        [01;36m[K~~~~~~~~~~~~~~~~~~~^~~~~~~~~~~~[m[K
[8.307s] [01m[K/home/rick/cartographer_ws/src/cartographer_ros/cartographer_ros/src/offline_node.cpp:203:45:[m[K [01;31m[Kerror: [m[Kcannot convert â€˜[01m[K<brace-enclosed initializer list>[m[Kâ€™ to â€˜[01m[Kconst int&[m[Kâ€™
[8.308s]   203 |             {bag_trajectory_options.front()}[01;31m[K)[m[K;
[8.308s]       |                                             [01;31m[K^[m[K
[8.308s] In file included from [01m[K/home/rick/cartographer_ws/src/cartographer_ros/cartographer_ros/src/offline_node.cpp:28[m[K:
[8.308s] [01m[K/home/rick/cartographer_ws/src/cartographer_ros/cartographer_ros/include/cartographer_ros/node.h:91:45:[m[K [01;36m[Knote: [m[K  initializing argument 1 of â€˜[01m[Kstd::vector<std::set<cartographer::mapping::TrajectoryBuilderInterface::SensorId> > {anonymous}::Node::ComputeDefaultSensorIdsForMultipleBags(const int&) const[m[Kâ€™
[8.308s]    91 |       [01;36m[Kconst std::vector<TrajectoryOptions>& bags_options[m[K) const;
[8.308s]       |       [01;36m[K~~~~~~~~~~~~~~~~~~~~~~~~~~~~~~~~~~~~~~^~~~~~~~~~~~[m[K
[8.311s] [01m[K/home/rick/cartographer_ws/src/cartographer_ros/cartographer_ros/src/offline_node.cpp:205:71:[m[K [01;31m[Kerror: [m[Kno match for â€˜[01m[Koperator=[m[Kâ€™ (operand types are â€˜[01m[Kstd::vector<std::set<cartographer::mapping::TrajectoryBuilderInterface::SensorId> >[m[Kâ€™ and â€˜[01m[K<brace-enclosed initializer list>[m[Kâ€™)
[8.311s]   205 |                                current_bag_expected_sensor_ids.front()[01;31m[K}[m[K;
[8.311s]       |                                                                       [01;31m[K^[m[K
[8.311s] In file included from [01m[K/usr/include/c++/9/vector:72[m[K,
[8.311s]                  from [01m[K/usr/include/c++/9/functional:62[m[K,
[8.311s]                  from [01m[K/home/rick/cartographer_ws/src/cartographer_ros/cartographer_ros/include/cartographer_ros/offline_node.h:20[m[K,
[8.311s]                  from [01m[K/home/rick/cartographer_ws/src/cartographer_ros/cartographer_ros/src/offline_node.cpp:17[m[K:
[8.311s] [01m[K/usr/include/c++/9/bits/vector.tcc:198:5:[m[K [01;36m[Knote: [m[Kcandidate: â€˜[01m[Kstd::vector<_Tp, _Alloc>& std::vector<_Tp, _Alloc>::operator=(const std::vector<_Tp, _Alloc>&) [with _Tp = std::set<cartographer::mapping::TrajectoryBuilderInterface::SensorId>; _Alloc = std::allocator<std::set<cartographer::mapping::TrajectoryBuilderInterface::SensorId> >][m[Kâ€™
[8.311s]   198 |     [01;36m[Kvector<_Tp, _Alloc>[m[K::
[8.311s]       |     [01;36m[K^~~~~~~~~~~~~~~~~~~[m[K
[8.312s] [01m[K/usr/include/c++/9/bits/vector.tcc:199:42:[m[K [01;36m[Knote: [m[K  no known conversion for argument 1 from â€˜[01m[K<brace-enclosed initializer list>[m[Kâ€™ to â€˜[01m[Kconst std::vector<std::set<cartographer::mapping::TrajectoryBuilderInterface::SensorId> >&[m[Kâ€™
[8.312s]   199 |     operator=([01;36m[Kconst vector<_Tp, _Alloc>& __x[m[K)
[8.312s]       |               [01;36m[K~~~~~~~~~~~~~~~~~~~~~~~~~~~^~~[m[K
[8.312s] In file included from [01m[K/usr/include/c++/9/vector:67[m[K,
[8.312s]                  from [01m[K/usr/include/c++/9/functional:62[m[K,
[8.312s]                  from [01m[K/home/rick/cartographer_ws/src/cartographer_ros/cartographer_ros/include/cartographer_ros/offline_node.h:20[m[K,
[8.312s]                  from [01m[K/home/rick/cartographer_ws/src/cartographer_ros/cartographer_ros/src/offline_node.cpp:17[m[K:
[8.312s] [01m[K/usr/include/c++/9/bits/stl_vector.h:706:7:[m[K [01;36m[Knote: [m[Kcandidate: â€˜[01m[Kstd::vector<_Tp, _Alloc>& std::vector<_Tp, _Alloc>::operator=(std::vector<_Tp, _Alloc>&&) [with _Tp = std::set<cartographer::mapping::TrajectoryBuilderInterface::SensorId>; _Alloc = std::allocator<std::set<cartographer::mapping::TrajectoryBuilderInterface::SensorId> >][m[Kâ€™
[8.312s]   706 |       [01;36m[Koperator[m[K=(vector&& __x) noexcept(_Alloc_traits::_S_nothrow_move())
[8.312s]       |       [01;36m[K^~~~~~~~[m[K
[8.312s] [01m[K/usr/include/c++/9/bits/stl_vector.h:706:26:[m[K [01;36m[Knote: [m[K  no known conversion for argument 1 from â€˜[01m[K<brace-enclosed initializer list>[m[Kâ€™ to â€˜[01m[Kstd::vector<std::set<cartographer::mapping::TrajectoryBuilderInterface::SensorId> >&&[m[Kâ€™
[8.312s]   706 |       operator=([01;36m[Kvector&& __x[m[K) noexcept(_Alloc_traits::_S_nothrow_move())
[8.312s]       |                 [01;36m[K~~~~~~~~~^~~[m[K
[8.312s] [01m[K/usr/include/c++/9/bits/stl_vector.h:727:7:[m[K [01;36m[Knote: [m[Kcandidate: â€˜[01m[Kstd::vector<_Tp, _Alloc>& std::vector<_Tp, _Alloc>::operator=(std::initializer_list<_Tp>) [with _Tp = std::set<cartographer::mapping::TrajectoryBuilderInterface::SensorId>; _Alloc = std::allocator<std::set<cartographer::mapping::TrajectoryBuilderInterface::SensorId> >][m[Kâ€™
[8.312s]   727 |       [01;36m[Koperator[m[K=(initializer_list<value_type> __l)
[8.312s]       |       [01;36m[K^~~~~~~~[m[K
[8.312s] [01m[K/usr/include/c++/9/bits/stl_vector.h:727:46:[m[K [01;36m[Knote: [m[K  no known conversion for argument 1 from â€˜[01m[K<brace-enclosed initializer list>[m[Kâ€™ to â€˜[01m[Kstd::initializer_list<std::set<cartographer::mapping::TrajectoryBuilderInterface::SensorId> >[m[Kâ€™
[8.312s]   727 |       operator=([01;36m[Kinitializer_list<value_type> __l[m[K)
[8.312s]       |                 [01;36m[K~~~~~~~~~~~~~~~~~~~~~~~~~~~~~^~~[m[K
[8.313s] [01m[K/home/rick/cartographer_ws/src/cartographer_ros/cartographer_ros/src/offline_node.cpp:208:53:[m[K [01;31m[Kerror: [m[Kcannot convert â€˜[01m[Kstd::vector<cartographer_ros::TrajectoryOptions>[m[Kâ€™ to â€˜[01m[Kconst int&[m[Kâ€™
[8.313s]   208 |         node.ComputeDefaultSensorIdsForMultipleBags([01;31m[Kbag_trajectory_options[m[K);
[8.313s]       |                                                     [01;31m[K^~~~~~~~~~~~~~~~~~~~~~[m[K
[8.313s]       |                                                     [01;31m[K|[m[K
[8.313s]       |                                                     [01;31m[Kstd::vector<cartographer_ros::TrajectoryOptions>[m[K
[8.313s] In file included from [01m[K/home/rick/cartographer_ws/src/cartographer_ros/cartographer_ros/src/offline_node.cpp:28[m[K:
[8.313s] [01m[K/home/rick/cartographer_ws/src/cartographer_ros/cartographer_ros/include/cartographer_ros/node.h:91:45:[m[K [01;36m[Knote: [m[K  initializing argument 1 of â€˜[01m[Kstd::vector<std::set<cartographer::mapping::TrajectoryBuilderInterface::SensorId> > {anonymous}::Node::ComputeDefaultSensorIdsForMultipleBags(const int&) const[m[Kâ€™
[8.313s]    91 |       [01;36m[Kconst std::vector<TrajectoryOptions>& bags_options[m[K) const;
[8.313s]       |       [01;36m[K~~~~~~~~~~~~~~~~~~~~~~~~~~~~~~~~~~~~~~^~~~~~~~~~~~[m[K
[8.333s] [01m[K/home/rick/cartographer_ws/src/cartographer_ros/cartographer_ros/src/offline_node.cpp:346:62:[m[K [01;31m[Kerror: [m[Kcannot convert â€˜[01m[K__gnu_cxx::__alloc_traits<std::allocator<cartographer_ros::TrajectoryOptions>, cartographer_ros::TrajectoryOptions>::value_type[m[Kâ€™ {aka â€˜[01m[Kcartographer_ros::TrajectoryOptions[m[Kâ€™} to â€˜[01m[Kconst int&[m[Kâ€™
[8.333s]   346 |                                     [01;31m[Kbag_trajectory_options.at(bag_index)[m[K);
[8.333s]       |                                     [01;31m[K~~~~~~~~~~~~~~~~~~~~~~~~~^~~~~~~~~~~[m[K
[8.333s]       |                                                              [01;31m[K|[m[K
[8.333s]       |                                                              [01;31m[K__gnu_cxx::__alloc_traits<std::allocator<cartographer_ros::TrajectoryOptions>, cartographer_ros::TrajectoryOptions>::value_type {aka cartographer_ros::TrajectoryOptions}[m[K
[8.333s] In file included from [01m[K/home/rick/cartographer_ws/src/cartographer_ros/cartographer_ros/src/offline_node.cpp:28[m[K:
[8.333s] [01m[K/home/rick/cartographer_ws/src/cartographer_ros/cartographer_ros/include/cartographer_ros/node.h:98:32:[m[K [01;36m[Knote: [m[K  initializing argument 2 of â€˜[01m[Kint {anonymous}::Node::AddOfflineTrajectory(const std::set<cartographer::mapping::TrajectoryBuilderInterface::SensorId>&, const int&)[m[Kâ€™
[8.333s]    98 |       [01;36m[Kconst TrajectoryOptions& options[m[K);
[8.333s]       |       [01;36m[K~~~~~~~~~~~~~~~~~~~~~~~~~^~~~~~~[m[K
[9.334s] [01m[K/home/rick/cartographer_ws/src/cartographer_ros/cartographer_ros/src/node.cpp:971:6:[m[K [01;35m[Kwarning: [m[Kâ€˜[01m[Kvoid {anonymous}::Node::LoadState(const string&, bool)[m[Kâ€™ defined but not used [[01;35m[K-Wunused-function[m[K]
[9.334s]   971 | void [01;35m[KNode[m[K::LoadState(const std::string& state_filename,
[9.334s]       |      [01;35m[K^~~~[m[K
[9.334s] [01m[K/home/rick/cartographer_ws/src/cartographer_ros/cartographer_ros/src/node.cpp:963:6:[m[K [01;35m[Kwarning: [m[Kâ€˜[01m[Kvoid {anonymous}::Node::SerializeState(const string&, bool)[m[Kâ€™ defined but not used [[01;35m[K-Wunused-function[m[K]
[9.334s]   963 | void [01;35m[KNode[m[K::SerializeState(const std::string& filename,
[9.334s]       |      [01;35m[K^~~~[m[K
[9.335s] [01m[K/home/rick/cartographer_ws/src/cartographer_ros/cartographer_ros/src/node.cpp:858:6:[m[K [01;35m[Kwarning: [m[Kâ€˜[01m[Kvoid {anonymous}::Node::RunFinalOptimization()[m[Kâ€™ defined but not used [[01;35m[K-Wunused-function[m[K]
[9.335s]   858 | void [01;35m[KNode[m[K::RunFinalOptimization() {
[9.335s]       |      [01;35m[K^~~~[m[K
[9.335s] [01m[K/home/rick/cartographer_ws/src/cartographer_ros/cartographer_ros/src/node.cpp:754:5:[m[K [01;35m[Kwarning: [m[Kâ€˜[01m[Kint {anonymous}::Node::AddOfflineTrajectory(const std::set<cartographer::mapping::TrajectoryBuilderInterface::SensorId>&, const int&)[m[Kâ€™ defined but not used [[01;35m[K-Wunused-function[m[K]
[9.335s]   754 | int [01;35m[KNode[m[K::AddOfflineTrajectory(
[9.335s]       |     [01;35m[K^~~~[m[K
[9.335s] [01m[K/home/rick/cartographer_ws/src/cartographer_ros/cartographer_ros/src/node.cpp:736:1:[m[K [01;35m[Kwarning: [m[Kâ€˜[01m[Kstd::vector<std::set<cartographer::mapping::TrajectoryBuilderInterface::SensorId> > {anonymous}::Node::ComputeDefaultSensorIdsForMultipleBags(const int&) const[m[Kâ€™ defined but not used [[01;35m[K-Wunused-function[m[K]
[9.335s]   736 | [01;35m[KNode[m[K::ComputeDefaultSensorIdsForMultipleBags(
[9.335s]       | [01;35m[K^~~~[m[K
[9.335s] [01m[K/home/rick/cartographer_ws/src/cartographer_ros/cartographer_ros/src/node.cpp:726:6:[m[K [01;35m[Kwarning: [m[Kâ€˜[01m[Kvoid {anonymous}::Node::StartTrajectoryWithDefaultTopics(const int&)[m[Kâ€™ defined but not used [[01;35m[K-Wunused-function[m[K]
[9.335s]   726 | void [01;35m[KNode[m[K::StartTrajectoryWithDefaultTopics(const TrajectoryOptions& options) {
[9.335s]       |      [01;35m[K^~~~[m[K
[9.335s] [01m[K/home/rick/cartographer_ws/src/cartographer_ros/cartographer_ros/src/node.cpp:599:6:[m[K [01;35m[Kwarning: [m[Kâ€˜[01m[Kbool {anonymous}::Node::ValidateTopicNames(const int&)[m[Kâ€™ defined but not used [[01;35m[K-Wunused-function[m[K]
[9.335s]   599 | bool [01;35m[KNode[m[K::ValidateTopicNames(const TrajectoryOptions& options) {
[9.335s]       |      [01;35m[K^~~~[m[K
[9.335s] [01m[K/home/rick/cartographer_ws/src/cartographer_ros/cartographer_ros/src/node.cpp:208:1:[m[K [01;35m[Kwarning: [m[Kâ€˜[01m[K{anonymous}::Node::~Node()[m[Kâ€™ defined but not used [[01;35m[K-Wunused-function[m[K]
[9.335s]   208 | [01;35m[KNode[m[K::~Node() { FinishAllTrajectories(); }
[9.335s]       | [01;35m[K^~~~[m[K
[9.335s] [01m[K/home/rick/cartographer_ws/src/cartographer_ros/cartographer_ros/src/node.cpp:100:1:[m[K [01;35m[Kwarning: [m[Kâ€˜[01m[K{anonymous}::Node::Node(const int&, std::unique_ptr<cartographer::mapping::MapBuilderInterface>, std::shared_ptr<tf2_ros::Buffer>, rclcpp::Node::SharedPtr, bool)[m[Kâ€™ defined but not used [[01;35m[K-Wunused-function[m[K]
[9.336s]   100 | [01;35m[KNode[m[K::Node(
[9.336s]       | [01;35m[K^~~~[m[K
[9.336s] [01m[K/home/rick/cartographer_ws/src/cartographer_ros/cartographer_ros/src/node.cpp:74:13:[m[K [01;35m[Kwarning: [m[Kâ€˜[01m[Kstd::string cartographer_ros::{anonymous}::TrajectoryStateToString(cartographer_ros::TrajectoryState)[m[Kâ€™ defined but not used [[01;35m[K-Wunused-function[m[K]
[9.336s]    74 | std::string [01;35m[KTrajectoryStateToString[m[K(const TrajectoryState trajectory_state) {
[9.336s]       |             [01;35m[K^~~~~~~~~~~~~~~~~~~~~~~[m[K
[9.379s] gmake[2]: *** [CMakeFiles/cartographer_ros.dir/build.make:132ï¼šCMakeFiles/cartographer_ros.dir/src/node.cpp.o] é”™è¯¯ 1
[9.380s] gmake[2]: *** æ­£åœ¨ç­‰å¾…æœªå®Œæˆçš„ä»»åŠ¡....
[9.756s] gmake[2]: *** [CMakeFiles/cartographer_ros.dir/build.make:160ï¼šCMakeFiles/cartographer_ros.dir/src/offline_node.cpp.o] é”™è¯¯ 1
[9.760s] gmake[1]: *** [CMakeFiles/Makefile2:151ï¼šCMakeFiles/cartographer_ros.dir/all] é”™è¯¯ 2
[9.761s] gmake: *** [Makefile:146ï¼šall] é”™è¯¯ 2
[9.762s] Invoked command in '/home/rick/cartographer_ws/build/cartographer_ros' returned '2': AMENT_PREFIX_PATH=/home/rick/cartographer_ws/install/cartographer_ros_msgs:${AMENT_PREFIX_PATH} CMAKE_PREFIX_PATH=/home/rick/cartographer_ws/install/cartographer_ros_msgs:/home/rick/cartographer_ws/install/cartographer:/opt/ros/humble LD_LIBRARY_PATH=/home/rick/cartographer_ws/install/cartographer_ros_msgs/lib:/usr/lib/x86_64-linux-gnu/gazebo-11/plugins:/opt/ros/humble/opt/rviz_ogre_vendor/lib:/opt/ros/humble/lib/x86_64-linux-gnu:/opt/ros/humble/lib:/usr/local/lib:/usr/local/lib PATH=/home/rick/cartographer_ws/install/cartographer/bin:${PATH} PKG_CONFIG_PATH=/home/rick/cartographer_ws/install/cartographer/lib/x86_64-linux-gnu/pkgconfig:/home/rick/cartographer_ws/install/cartographer/lib/pkgconfig:/usr/local/lib/pkgconfig:/usr/lib/x86_64-linux-gnu/pkgconfig:/usr/lib/x86_64-linux-gnu/pkgconfig:/usr/local/lib/pkgconfig:/usr/local/lib/pkgconfig:/usr/lib/x86_64-linux-gnu/pkgconfig:/usr/lib/x86_64-linux-gnu/pkgconfig:/usr/local/lib/pkgconfig:/usr/local/lib/pkgconfig:/usr/lib/x86_64-linux-gnu/pkgconfig:/usr/local/lib/pkgconfig:/usr/lib/x86_64-linux-gnu/pkgconfig PYTHONPATH=/home/rick/cartographer_ws/install/cartographer_ros_msgs/local/lib/python3.10/dist-packages:${PYTHONPATH} /usr/bin/cmake --build /home/rick/cartographer_ws/build/cartographer_ros -- -j16 -l16
