[0.008s] Invoking command in '/home/rick/cartographer_ws/build/cartographer_ros': AMENT_PREFIX_PATH=/home/rick/cartographer_ws/install/cartographer_ros_msgs:${AMENT_PREFIX_PATH} CMAKE_PREFIX_PATH=/home/rick/cartographer_ws/install/cartographer_ros_msgs:/home/rick/cartographer_ws/install/cartographer:/opt/ros/humble LD_LIBRARY_PATH=/home/rick/cartographer_ws/install/cartographer_ros_msgs/lib:/usr/lib/x86_64-linux-gnu/gazebo-11/plugins:/opt/ros/humble/opt/rviz_ogre_vendor/lib:/opt/ros/humble/lib/x86_64-linux-gnu:/opt/ros/humble/lib:/usr/local/lib:/usr/local/lib PATH=/home/rick/cartographer_ws/install/cartographer/bin:${PATH} PKG_CONFIG_PATH=/home/rick/cartographer_ws/install/cartographer/lib/x86_64-linux-gnu/pkgconfig:/home/rick/cartographer_ws/install/cartographer/lib/pkgconfig:/usr/local/lib/pkgconfig:/usr/lib/x86_64-linux-gnu/pkgconfig:/usr/lib/x86_64-linux-gnu/pkgconfig:/usr/local/lib/pkgconfig:/usr/local/lib/pkgconfig:/usr/lib/x86_64-linux-gnu/pkgconfig:/usr/lib/x86_64-linux-gnu/pkgconfig:/usr/local/lib/pkgconfig:/usr/local/lib/pkgconfig:/usr/lib/x86_64-linux-gnu/pkgconfig:/usr/local/lib/pkgconfig:/usr/lib/x86_64-linux-gnu/pkgconfig PYTHONPATH=/home/rick/cartographer_ws/install/cartographer_ros_msgs/local/lib/python3.10/dist-packages:${PYTHONPATH} /usr/bin/cmake /home/rick/cartographer_ws/src/cartographer_ros/cartographer_ros -DCMAKE_INSTALL_PREFIX=/home/rick/cartographer_ws/install/cartographer_ros
[0.042s] -- The C compiler identification is GNU 9.5.0
[0.076s] -- The CXX compiler identification is GNU 9.5.0
[0.081s] -- Detecting C compiler ABI info
[0.129s] -- Detecting C compiler ABI info - done
[0.134s] -- Check for working C compiler: /usr/bin/cc - skipped
[0.134s] -- Detecting C compile features
[0.134s] -- Detecting C compile features - done
[0.136s] -- Detecting CXX compiler ABI info
[0.187s] -- Detecting CXX compiler ABI info - done
[0.195s] -- Check for working CXX compiler: /usr/bin/c++ - skipped
[0.195s] -- Detecting CXX compile features
[0.195s] -- Detecting CXX compile features - done
[0.198s] -- Found ament_cmake: 1.3.12 (/opt/ros/humble/share/ament_cmake/cmake)
[0.301s] -- Found Python3: /usr/bin/python3 (found version "3.10.12") found components: Interpreter 
[0.358s] -- Looking for pthread.h
[0.404s] -- Looking for pthread.h - found
[0.404s] -- Performing Test CMAKE_HAVE_LIBC_PTHREAD
[0.453s] -- Performing Test CMAKE_HAVE_LIBC_PTHREAD - Success
[0.454s] -- Found Threads: TRUE  
[0.458s] -- Found builtin_interfaces: 1.2.2 (/opt/ros/humble/share/builtin_interfaces/cmake)
[0.478s] -- Found rosidl_generator_c: 3.1.7 (/opt/ros/humble/share/rosidl_generator_c/cmake)
[0.481s] -- Found rosidl_adapter: 3.1.7 (/opt/ros/humble/share/rosidl_adapter/cmake)
[0.486s] -- Found rosidl_generator_cpp: 3.1.7 (/opt/ros/humble/share/rosidl_generator_cpp/cmake)
[0.494s] -- Using all available rosidl_typesupport_c: rosidl_typesupport_fastrtps_c;rosidl_typesupport_introspection_c
[0.505s] -- Using all available rosidl_typesupport_cpp: rosidl_typesupport_fastrtps_cpp;rosidl_typesupport_introspection_cpp
[0.520s] -- Found required Ceres dependency: Eigen version 3.4.0 in /usr/include/eigen3
[0.523s] -- Found required Ceres dependency: glog
[0.523s] -- Found required Ceres dependency: gflags
[0.523s] -- Found Ceres version: 2.0.0 installed in: /usr with components: [EigenSparse, SparseLinearAlgebraLibrary, LAPACK, SuiteSparse, CXSparse, SchurSpecializations, Multithreading]
[0.532s] -- Found Boost: /usr/lib/x86_64-linux-gnu/cmake/Boost-1.74.0/BoostConfig.cmake (found version "1.74.0") found components: iostreams 
[0.532s] -- Found cartographer_ros_msgs: 2.0.9003 (/home/rick/cartographer_ws/install/cartographer_ros_msgs/share/cartographer_ros_msgs/cmake)
[0.562s] -- Found nav_msgs: 4.9.0 (/opt/ros/humble/share/nav_msgs/cmake)
[0.581s] -- Checking for module 'eigen3'
[0.588s] --   Found eigen3, version 3.4.0
[0.610s] -- Found Eigen: /usr/include/eigen3 (Required is at least version "3.1") 
[0.610s] -- Eigen found (include: /usr/include/eigen3, version: 3.4.0)
[0.620s] -- Found Boost: /usr/lib/x86_64-linux-gnu/cmake/Boost-1.74.0/BoostConfig.cmake (found suitable version "1.74.0", minimum required is "1.65.0") found components: system filesystem date_time iostreams serialization 
[0.620s] -- looking for PCL_COMMON
[0.621s] -- Found PCL_COMMON: /usr/lib/x86_64-linux-gnu/libpcl_common.so  
[0.621s] -- Found PCL: pcl_common;Boost::system;Boost::filesystem;Boost::date_time;Boost::iostreams;Boost::serialization  
[0.622s] -- Found pcl_conversions: 2.4.5 (/opt/ros/humble/share/pcl_conversions/cmake)
[0.650s] -- Found rmw_implementation_cmake: 6.1.2 (/opt/ros/humble/share/rmw_implementation_cmake/cmake)
[0.651s] -- Found rmw_fastrtps_cpp: 6.2.9 (/opt/ros/humble/share/rmw_fastrtps_cpp/cmake)
[0.709s] -- Found OpenSSL: /usr/lib/x86_64-linux-gnu/libcrypto.so (found version "3.0.2")  
[0.728s] -- Found FastRTPS: /opt/ros/humble/include  
[0.755s] -- Using RMW implementation 'rmw_fastrtps_cpp' as default
[0.811s] -- Found ros_environment: 3.2.2 (/opt/ros/humble/share/ros_environment/cmake)
[0.812s] -- Found rosbag2_cpp: 0.15.15 (/opt/ros/humble/share/rosbag2_cpp/cmake)
[0.835s] -- Found tf2: 0.25.16 (/opt/ros/humble/share/tf2/cmake)
[0.838s] -- Found tf2_eigen: 0.25.16 (/opt/ros/humble/share/tf2_eigen/cmake)
[0.891s] -- Found urdf: 2.6.1 (/opt/ros/humble/share/urdf/cmake)
[0.896s] -- Found visualization_msgs: 4.9.0 (/opt/ros/humble/share/visualization_msgs/cmake)
[0.911s] -- Found PkgConfig: /usr/bin/pkg-config (found version "0.29.2") 
[0.912s] -- Checking for one of the modules 'cairo>=1.12.16'
[0.996s] -- Configuring done
[1.049s] -- Generating done
[1.064s] -- Build files have been written to: /home/rick/cartographer_ws/build/cartographer_ros
[1.072s] Invoked command in '/home/rick/cartographer_ws/build/cartographer_ros' returned '0': AMENT_PREFIX_PATH=/home/rick/cartographer_ws/install/cartographer_ros_msgs:${AMENT_PREFIX_PATH} CMAKE_PREFIX_PATH=/home/rick/cartographer_ws/install/cartographer_ros_msgs:/home/rick/cartographer_ws/install/cartographer:/opt/ros/humble LD_LIBRARY_PATH=/home/rick/cartographer_ws/install/cartographer_ros_msgs/lib:/usr/lib/x86_64-linux-gnu/gazebo-11/plugins:/opt/ros/humble/opt/rviz_ogre_vendor/lib:/opt/ros/humble/lib/x86_64-linux-gnu:/opt/ros/humble/lib:/usr/local/lib:/usr/local/lib PATH=/home/rick/cartographer_ws/install/cartographer/bin:${PATH} PKG_CONFIG_PATH=/home/rick/cartographer_ws/install/cartographer/lib/x86_64-linux-gnu/pkgconfig:/home/rick/cartographer_ws/install/cartographer/lib/pkgconfig:/usr/local/lib/pkgconfig:/usr/lib/x86_64-linux-gnu/pkgconfig:/usr/lib/x86_64-linux-gnu/pkgconfig:/usr/local/lib/pkgconfig:/usr/local/lib/pkgconfig:/usr/lib/x86_64-linux-gnu/pkgconfig:/usr/lib/x86_64-linux-gnu/pkgconfig:/usr/local/lib/pkgconfig:/usr/local/lib/pkgconfig:/usr/lib/x86_64-linux-gnu/pkgconfig:/usr/local/lib/pkgconfig:/usr/lib/x86_64-linux-gnu/pkgconfig PYTHONPATH=/home/rick/cartographer_ws/install/cartographer_ros_msgs/local/lib/python3.10/dist-packages:${PYTHONPATH} /usr/bin/cmake /home/rick/cartographer_ws/src/cartographer_ros/cartographer_ros -DCMAKE_INSTALL_PREFIX=/home/rick/cartographer_ws/install/cartographer_ros
[1.073s] Invoking command in '/home/rick/cartographer_ws/build/cartographer_ros': AMENT_PREFIX_PATH=/home/rick/cartographer_ws/install/cartographer_ros_msgs:${AMENT_PREFIX_PATH} CMAKE_PREFIX_PATH=/home/rick/cartographer_ws/install/cartographer_ros_msgs:/home/rick/cartographer_ws/install/cartographer:/opt/ros/humble LD_LIBRARY_PATH=/home/rick/cartographer_ws/install/cartographer_ros_msgs/lib:/usr/lib/x86_64-linux-gnu/gazebo-11/plugins:/opt/ros/humble/opt/rviz_ogre_vendor/lib:/opt/ros/humble/lib/x86_64-linux-gnu:/opt/ros/humble/lib:/usr/local/lib:/usr/local/lib PATH=/home/rick/cartographer_ws/install/cartographer/bin:${PATH} PKG_CONFIG_PATH=/home/rick/cartographer_ws/install/cartographer/lib/x86_64-linux-gnu/pkgconfig:/home/rick/cartographer_ws/install/cartographer/lib/pkgconfig:/usr/local/lib/pkgconfig:/usr/lib/x86_64-linux-gnu/pkgconfig:/usr/lib/x86_64-linux-gnu/pkgconfig:/usr/local/lib/pkgconfig:/usr/local/lib/pkgconfig:/usr/lib/x86_64-linux-gnu/pkgconfig:/usr/lib/x86_64-linux-gnu/pkgconfig:/usr/local/lib/pkgconfig:/usr/local/lib/pkgconfig:/usr/lib/x86_64-linux-gnu/pkgconfig:/usr/local/lib/pkgconfig:/usr/lib/x86_64-linux-gnu/pkgconfig PYTHONPATH=/home/rick/cartographer_ws/install/cartographer_ros_msgs/local/lib/python3.10/dist-packages:${PYTHONPATH} /usr/bin/cmake --build /home/rick/cartographer_ws/build/cartographer_ros -- -j16 -l16
[1.113s] [  5%] [32mBuilding CXX object CMakeFiles/cartographer_ros.dir/src/node_constants.cpp.o[0m
[1.113s] [  5%] [32mBuilding CXX object CMakeFiles/cartographer_ros.dir/src/node.cpp.o[0m
[1.114s] [ 11%] [32mBuilding CXX object CMakeFiles/cartographer_ros.dir/src/assets_writer.cpp.o[0m
[1.114s] [ 11%] [32mBuilding CXX object CMakeFiles/cartographer_ros.dir/src/node_options.cpp.o[0m
[1.114s] [ 14%] [32mBuilding CXX object CMakeFiles/cartographer_ros.dir/src/ros_log_sink.cpp.o[0m
[1.114s] [ 17%] [32mBuilding CXX object CMakeFiles/cartographer_ros.dir/src/ros_map_writing_points_processor.cpp.o[0m
[1.114s] [ 22%] [32mBuilding CXX object CMakeFiles/cartographer_ros.dir/src/msg_conversion.cpp.o[0m
[1.114s] [ 22%] [32mBuilding CXX object CMakeFiles/cartographer_ros.dir/src/playable_bag.cpp.o[0m
[1.115s] [ 25%] [32mBuilding CXX object CMakeFiles/cartographer_ros.dir/src/sensor_bridge.cpp.o[0m
[1.115s] [ 28%] [32mBuilding CXX object CMakeFiles/cartographer_ros.dir/src/ros_map.cpp.o[0m
[1.115s] [ 34%] [32mBuilding CXX object CMakeFiles/cartographer_ros.dir/src/map_builder_bridge.cpp.o[0m
[1.115s] [ 34%] [32mBuilding CXX object CMakeFiles/cartographer_ros.dir/src/offline_node.cpp.o[0m
[1.119s] [ 37%] [32mBuilding CXX object CMakeFiles/cartographer_ros.dir/src/submap.cpp.o[0m
[1.119s] [ 40%] [32mBuilding CXX object CMakeFiles/cartographer_ros.dir/src/tf_bridge.cpp.o[0m
[1.122s] [ 42%] [32mBuilding CXX object CMakeFiles/cartographer_ros.dir/src/time_conversion.cpp.o[0m
[1.449s] [ 45%] [32mBuilding CXX object CMakeFiles/cartographer_ros.dir/src/urdf_reader.cpp.o[0m
[1.450s] [ 48%] [32mBuilding CXX object CMakeFiles/cartographer_ros.dir/src/trajectory_options.cpp.o[0m
[4.405s] [ 51%] [32mBuilding CXX object CMakeFiles/cartographer_ros.dir/src/metrics/family_factory.cpp.o[0m
[4.495s] [ 54%] [32mBuilding CXX object CMakeFiles/cartographer_ros.dir/src/metrics/internal/family.cpp.o[0m
[5.328s] [ 57%] [32mBuilding CXX object CMakeFiles/cartographer_ros.dir/src/metrics/internal/histogram.cpp.o[0m
[7.508s] [01m[K/home/rick/cartographer_ws/src/cartographer_ros/cartographer_ros/src/node.cpp:[m[K In member function â€˜[01m[Kvoid cartographer_ros::Node::AddExtrapolator(int, const cartographer_ros::TrajectoryOptions&)[m[Kâ€™:
[7.508s] [01m[K/home/rick/cartographer_ws/src/cartographer_ros/cartographer_ros/src/node.cpp:257:48:[m[K [01;31m[Kerror: [m[Kâ€˜[01m[Kconst class cartographer::mapping::proto::TrajectoryBuilderOptions[m[Kâ€™ has no member named â€˜[01m[Kt[m[Kâ€™
[7.509s]   257 |           : options.trajectory_builder_options.[01;31m[Kt[m[K rajectory_builder_2d_options()
[7.509s]       |                                                [01;31m[K^[m[K
[15.263s] gmake[2]: *** [CMakeFiles/cartographer_ros.dir/build.make:132ï¼šCMakeFiles/cartographer_ros.dir/src/node.cpp.o] é”™è¯¯ 1
[15.263s] gmake[1]: *** [CMakeFiles/Makefile2:151ï¼šCMakeFiles/cartographer_ros.dir/all] é”™è¯¯ 2
[15.263s] gmake: *** [Makefile:146ï¼šall] é”™è¯¯ 2
[15.265s] Invoked command in '/home/rick/cartographer_ws/build/cartographer_ros' returned '2': AMENT_PREFIX_PATH=/home/rick/cartographer_ws/install/cartographer_ros_msgs:${AMENT_PREFIX_PATH} CMAKE_PREFIX_PATH=/home/rick/cartographer_ws/install/cartographer_ros_msgs:/home/rick/cartographer_ws/install/cartographer:/opt/ros/humble LD_LIBRARY_PATH=/home/rick/cartographer_ws/install/cartographer_ros_msgs/lib:/usr/lib/x86_64-linux-gnu/gazebo-11/plugins:/opt/ros/humble/opt/rviz_ogre_vendor/lib:/opt/ros/humble/lib/x86_64-linux-gnu:/opt/ros/humble/lib:/usr/local/lib:/usr/local/lib PATH=/home/rick/cartographer_ws/install/cartographer/bin:${PATH} PKG_CONFIG_PATH=/home/rick/cartographer_ws/install/cartographer/lib/x86_64-linux-gnu/pkgconfig:/home/rick/cartographer_ws/install/cartographer/lib/pkgconfig:/usr/local/lib/pkgconfig:/usr/lib/x86_64-linux-gnu/pkgconfig:/usr/lib/x86_64-linux-gnu/pkgconfig:/usr/local/lib/pkgconfig:/usr/local/lib/pkgconfig:/usr/lib/x86_64-linux-gnu/pkgconfig:/usr/lib/x86_64-linux-gnu/pkgconfig:/usr/local/lib/pkgconfig:/usr/local/lib/pkgconfig:/usr/lib/x86_64-linux-gnu/pkgconfig:/usr/local/lib/pkgconfig:/usr/lib/x86_64-linux-gnu/pkgconfig PYTHONPATH=/home/rick/cartographer_ws/install/cartographer_ros_msgs/local/lib/python3.10/dist-packages:${PYTHONPATH} /usr/bin/cmake --build /home/rick/cartographer_ws/build/cartographer_ros -- -j16 -l16
