[35m[1mConsolidate compiler generated dependencies of target cartographer_ros[0m
[  2%] [32mBuilding CXX object CMakeFiles/cartographer_ros.dir/src/node.cpp.o[0m
[01m[K/home/rick/cartographer_ws/src/cartographer_ros/cartographer_ros/src/node.cpp:[m[K In member function â€˜[01m[Kvoid cartographer_ros::Node::AddExtrapolator(int, const cartographer_ros::TrajectoryOptions&)[m[Kâ€™:
[01m[K/home/rick/cartographer_ws/src/cartographer_ros/cartographer_ros/src/node.cpp:257:48:[m[K [01;31m[Kerror: [m[Kâ€˜[01m[Kconst class cartographer::mapping::proto::TrajectoryBuilderOptions[m[Kâ€™ has no member named â€˜[01m[Krajectory_builder_2d_options[m[Kâ€™; did you mean â€˜[01m[Ktrajectory_builder_2d_options[m[Kâ€™?
  257 |           : options.trajectory_builder_options.[01;31m[Krajectory_builder_2d_options[m[K()
      |                                                [01;31m[K^~~~~~~~~~~~~~~~~~~~~~~~~~~~[m[K
      |                                                [32m[Ktrajectory_builder_2d_options[m[K
gmake[2]: *** [CMakeFiles/cartographer_ros.dir/build.make:132ï¼šCMakeFiles/cartographer_ros.dir/src/node.cpp.o] é”™è¯¯ 1
gmake[1]: *** [CMakeFiles/Makefile2:151ï¼šCMakeFiles/cartographer_ros.dir/all] é”™è¯¯ 2
gmake: *** [Makefile:146ï¼šall] é”™è¯¯ 2
